2025-06-30 08:58:54 [wxauto] [DEBUG] [wx.py:31]  开始监听
2025-06-30 08:58:55 [root] [INFO] [ui.py:96]  🔁 开启监听
2025-06-30 08:58:55 [root] [DEBUG] [ui.py:171]  ✅ WorkerThread.run() 方法已进入
2025-06-30 08:58:55 [wxauto] [DEBUG] [wx.py:31]  开始监听
2025-06-30 08:58:57 [root] [DEBUG] [ui.py:179]  🔔 正在绑定 message_received 信号...
2025-06-30 08:58:57 [root] [DEBUG] [ui.py:179]  🔔 正在绑定 message_received 信号...
2025-06-30 08:58:57 [root] [DEBUG] [ui.py:181]  🔔 message_received 信号绑定完成
2025-06-30 08:58:57 [root] [DEBUG] [ui.py:181]  🔔 message_received 信号绑定完成
2025-06-30 08:58:57 [root] [INFO] [ui.py:185]  👂 正在监听群聊: wxauto测试
2025-06-30 08:58:57 [root] [INFO] [ui.py:185]  👂 正在监听群聊: wxauto测试
2025-06-30 08:58:58 [wxauto] [DEBUG] [main.py:175]  wxauto测试 获取到已存在的子窗口: <wxauto - WeChatSubWnd object("wxauto测试")>
2025-06-30 08:58:58 [wxauto] [DEBUG] [main.py:175]  wxauto测试 获取到已存在的子窗口: <wxauto - WeChatSubWnd object("wxauto测试")>
2025-06-30 08:58:58 [root] [INFO] [ui.py:185]  👂 正在监听群聊: wxauto测试2
2025-06-30 08:58:58 [root] [INFO] [ui.py:185]  👂 正在监听群聊: wxauto测试2
2025-06-30 08:58:58 [wxauto] [DEBUG] [main.py:175]  wxauto测试2 获取到已存在的子窗口: <wxauto - WeChatSubWnd object("wxauto测试2")>
2025-06-30 08:58:58 [root] [INFO] [ui.py:185]  👂 正在监听群聊: wxauto测试3
2025-06-30 08:58:58 [wxauto] [DEBUG] [main.py:175]  wxauto测试2 获取到已存在的子窗口: <wxauto - WeChatSubWnd object("wxauto测试2")>
2025-06-30 08:58:58 [root] [INFO] [ui.py:185]  👂 正在监听群聊: wxauto测试3
2025-06-30 08:58:58 [wxauto] [DEBUG] [main.py:175]  wxauto测试3 获取到已存在的子窗口: <wxauto - WeChatSubWnd object("wxauto测试3")>
2025-06-30 08:58:58 [root] [INFO] [ui.py:185]  👂 正在监听群聊: 小团体
2025-06-30 08:58:58 [wxauto] [DEBUG] [main.py:175]  wxauto测试3 获取到已存在的子窗口: <wxauto - WeChatSubWnd object("wxauto测试3")>
2025-06-30 08:58:58 [root] [INFO] [ui.py:185]  👂 正在监听群聊: 小团体
2025-06-30 08:58:58 [wxauto] [DEBUG] [main.py:175]  小团体 获取到已存在的子窗口: <wxauto - WeChatSubWnd object("小团体")>
2025-06-30 08:58:58 [root] [INFO] [ui.py:185]  👂 正在监听群聊: 巴啦啦抠脚堡
2025-06-30 08:58:58 [wxauto] [DEBUG] [main.py:175]  小团体 获取到已存在的子窗口: <wxauto - WeChatSubWnd object("小团体")>
2025-06-30 08:58:58 [root] [INFO] [ui.py:185]  👂 正在监听群聊: 巴啦啦抠脚堡
2025-06-30 08:58:58 [wxauto] [DEBUG] [sessionbox.py:63]  切换聊天窗口: 巴啦啦抠脚堡, False, False, 0.5
2025-06-30 08:58:58 [wxauto] [DEBUG] [sessionbox.py:63]  切换聊天窗口: 巴啦啦抠脚堡, False, False, 0.5
2025-06-30 08:59:01 [wxauto] [DEBUG] [main.py:179]  巴啦啦抠脚堡 切换到聊天窗口: 巴啦啦抠脚堡
2025-06-30 08:59:01 [wxauto] [DEBUG] [main.py:179]  巴啦啦抠脚堡 切换到聊天窗口: 巴啦啦抠脚堡
2025-06-30 08:59:01 [wxauto] [DEBUG] [main.py:181]  巴啦啦抠脚堡 获取到已存在的子窗口: <wxauto - WeChatSubWnd object("巴啦啦抠脚堡")>
2025-06-30 08:59:01 [root] [INFO] [ui.py:189]  🔊 开始监听消息
2025-06-30 08:59:01 [wxauto] [DEBUG] [main.py:181]  巴啦啦抠脚堡 获取到已存在的子窗口: <wxauto - WeChatSubWnd object("巴啦啦抠脚堡")>
2025-06-30 08:59:01 [root] [INFO] [ui.py:189]  🔊 开始监听消息
2025-06-30 08:59:10 [wxauto] [DEBUG] [wx.py:205]  [system base]获取到新消息：巴啦啦抠脚堡 - 以下为新消息
2025-06-30 08:59:10 [WeChatBot] [INFO] [main.py:19]  📩 收到消息事件：以下为新消息 来自 巴啦啦抠脚堡
2025-06-30 08:59:10 [WeChatBot] [DEBUG] [main.py:21]  🔔 已触发 message_received.emit()
2025-06-30 08:59:10 [wxauto] [DEBUG] [wx.py:205]  [friend text]获取到新消息：巴啦啦抠脚堡 - 打卡
2025-06-30 08:59:10 [root] [DEBUG] [ui.py:147]  📨 接收到消息: 以下为新消息 来自 巴啦啦抠脚堡
2025-06-30 08:59:10 [root] [DEBUG] [ui.py:147]  📨 接收到消息: 以下为新消息 来自 巴啦啦抠脚堡
2025-06-30 08:59:10 [root] [DEBUG] [ui.py:116]  📊 正在向表格插入数据: 2025-06-30 08:59:10, 巴啦啦抠脚堡, system, 以下为新消息
2025-06-30 08:59:10 [root] [DEBUG] [ui.py:116]  📊 正在向表格插入数据: 2025-06-30 08:59:10, 巴啦啦抠脚堡, system, 以下为新消息
2025-06-30 08:59:10 [WeChatBot] [INFO] [main.py:19]  📩 收到消息事件：打卡 来自 巴啦啦抠脚堡
2025-06-30 08:59:10 [WeChatBot] [DEBUG] [main.py:21]  🔔 已触发 message_received.emit()
2025-06-30 08:59:10 [WeChatBot] [DEBUG] [main.py:27]  🛠️ 正在执行打卡功能
2025-06-30 08:59:10 [WeChatBot] [DEBUG] [checkin.py:36]  💾 准备写入打卡记录至: ./data/checkin/checkin_records_巴啦啦抠脚堡.csv
2025-06-30 08:59:10 [root] [DEBUG] [ui.py:147]  📨 接收到消息: 打卡 来自 巴啦啦抠脚堡
2025-06-30 08:59:10 [root] [DEBUG] [ui.py:147]  📨 接收到消息: 打卡 来自 巴啦啦抠脚堡
2025-06-30 08:59:10 [root] [DEBUG] [ui.py:116]  📊 正在向表格插入数据: 2025-06-30 08:59:10, 巴啦啦抠脚堡, ???, 打卡
2025-06-30 08:59:10 [root] [DEBUG] [ui.py:116]  📊 正在向表格插入数据: 2025-06-30 08:59:10, 巴啦啦抠脚堡, ???, 打卡
2025-06-30 08:59:10 [WeChatBot] [INFO] [checkin.py:76]  ✅ 打卡成功: ???, 连续打卡: 1 天
2025-06-30 08:59:13 [wxauto] [DEBUG] [wx.py:205]  [self text]获取到新消息：巴啦啦抠脚堡 - ??? 打卡成功！时间：2025-06-30 08:59:10，已连续打卡 1 天
2025-06-30 08:59:13 [WeChatBot] [INFO] [main.py:19]  📩 收到消息事件：??? 打卡成功！时间：2025-06-30 08:59:10，已连续打卡 1 天 来自 巴啦啦抠脚堡
2025-06-30 08:59:13 [WeChatBot] [DEBUG] [main.py:21]  🔔 已触发 message_received.emit()
2025-06-30 08:59:13 [root] [DEBUG] [ui.py:147]  📨 接收到消息: ??? 打卡成功！时间：2025-06-30 08:59:10，已连续打卡 1 天 来自 巴啦啦抠脚堡
2025-06-30 08:59:13 [root] [DEBUG] [ui.py:147]  📨 接收到消息: ??? 打卡成功！时间：2025-06-30 08:59:10，已连续打卡 1 天 来自 巴啦啦抠脚堡
2025-06-30 08:59:13 [root] [DEBUG] [ui.py:116]  📊 正在向表格插入数据: 2025-06-30 08:59:13, 巴啦啦抠脚堡, self, ??? 打卡成功！时间：2025-06-30 08:59:10，已连续打卡 1 天
2025-06-30 08:59:13 [root] [DEBUG] [ui.py:116]  📊 正在向表格插入数据: 2025-06-30 08:59:13, 巴啦啦抠脚堡, self, ??? 打卡成功！时间：2025-06-30 08:59:10，已连续打卡 1 天
2025-06-30 08:59:32 [wxauto] [DEBUG] [wx.py:205]  [self text]获取到新消息：巴啦啦抠脚堡 - 唉，没时间升级打卡
2025-06-30 08:59:33 [WeChatBot] [INFO] [main.py:19]  📩 收到消息事件：唉，没时间升级打卡 来自 巴啦啦抠脚堡
2025-06-30 08:59:33 [WeChatBot] [DEBUG] [main.py:21]  🔔 已触发 message_received.emit()
2025-06-30 08:59:33 [root] [DEBUG] [ui.py:147]  📨 接收到消息: 唉，没时间升级打卡 来自 巴啦啦抠脚堡
2025-06-30 08:59:33 [root] [DEBUG] [ui.py:147]  📨 接收到消息: 唉，没时间升级打卡 来自 巴啦啦抠脚堡
2025-06-30 08:59:33 [root] [DEBUG] [ui.py:116]  📊 正在向表格插入数据: 2025-06-30 08:59:33, 巴啦啦抠脚堡, self, 唉，没时间升级打卡
2025-06-30 08:59:33 [root] [DEBUG] [ui.py:116]  📊 正在向表格插入数据: 2025-06-30 08:59:33, 巴啦啦抠脚堡, self, 唉，没时间升级打卡
2025-06-30 09:14:44 [wxauto] [DEBUG] [wx.py:205]  [system base]获取到新消息：小团体 - 以下为新消息
2025-06-30 09:14:44 [wxauto] [DEBUG] [wx.py:205]  [system base]获取到新消息：小团体 - 以下为新消息
2025-06-30 09:14:44 [WeChatBot] [INFO] [main.py:19]  📩 收到消息事件：以下为新消息 来自 小团体
2025-06-30 09:14:44 [WeChatBot] [DEBUG] [main.py:21]  🔔 已触发 message_received.emit()
2025-06-30 09:14:44 [wxauto] [DEBUG] [wx.py:205]  [friend text]获取到新消息：小团体 - 23点59分59秒
2025-06-30 09:14:44 [root] [DEBUG] [ui.py:147]  📨 接收到消息: 以下为新消息 来自 小团体
2025-06-30 09:14:44 [root] [DEBUG] [ui.py:147]  📨 接收到消息: 以下为新消息 来自 小团体
2025-06-30 09:14:44 [root] [DEBUG] [ui.py:116]  📊 正在向表格插入数据: 2025-06-30 09:14:44, 小团体, system, 以下为新消息
2025-06-30 09:14:44 [root] [DEBUG] [ui.py:116]  📊 正在向表格插入数据: 2025-06-30 09:14:44, 小团体, system, 以下为新消息
2025-06-30 09:14:44 [WeChatBot] [INFO] [main.py:19]  📩 收到消息事件：以下为新消息 来自 小团体
2025-06-30 09:14:44 [WeChatBot] [DEBUG] [main.py:21]  🔔 已触发 message_received.emit()
2025-06-30 09:14:44 [root] [DEBUG] [ui.py:147]  📨 接收到消息: 以下为新消息 来自 小团体
2025-06-30 09:14:44 [wxauto] [DEBUG] [wx.py:205]  [friend text]获取到新消息：小团体 - 23点59分59秒
2025-06-30 09:14:44 [root] [DEBUG] [ui.py:147]  📨 接收到消息: 以下为新消息 来自 小团体
2025-06-30 09:14:44 [root] [DEBUG] [ui.py:116]  📊 正在向表格插入数据: 2025-06-30 09:14:44, 小团体, system, 以下为新消息
2025-06-30 09:14:44 [root] [DEBUG] [ui.py:116]  📊 正在向表格插入数据: 2025-06-30 09:14:44, 小团体, system, 以下为新消息
2025-06-30 09:14:44 [WeChatBot] [INFO] [main.py:19]  📩 收到消息事件：23点59分59秒 来自 小团体
2025-06-30 09:14:44 [WeChatBot] [DEBUG] [main.py:21]  🔔 已触发 message_received.emit()
2025-06-30 09:14:44 [root] [DEBUG] [ui.py:147]  📨 接收到消息: 23点59分59秒 来自 小团体
2025-06-30 09:14:44 [root] [DEBUG] [ui.py:147]  📨 接收到消息: 23点59分59秒 来自 小团体
2025-06-30 09:14:44 [root] [DEBUG] [ui.py:116]  📊 正在向表格插入数据: 2025-06-30 09:14:44, 小团体, 心上秋, 23点59分59秒
2025-06-30 09:14:44 [root] [DEBUG] [ui.py:116]  📊 正在向表格插入数据: 2025-06-30 09:14:44, 小团体, 心上秋, 23点59分59秒
2025-06-30 09:14:44 [WeChatBot] [INFO] [main.py:19]  📩 收到消息事件：23点59分59秒 来自 小团体
2025-06-30 09:14:44 [WeChatBot] [DEBUG] [main.py:21]  🔔 已触发 message_received.emit()
2025-06-30 09:14:44 [root] [DEBUG] [ui.py:147]  📨 接收到消息: 23点59分59秒 来自 小团体
2025-06-30 09:14:44 [root] [DEBUG] [ui.py:147]  📨 接收到消息: 23点59分59秒 来自 小团体
2025-06-30 09:14:44 [root] [DEBUG] [ui.py:116]  📊 正在向表格插入数据: 2025-06-30 09:14:44, 小团体, 心上秋, 23点59分59秒
2025-06-30 09:14:44 [root] [DEBUG] [ui.py:116]  📊 正在向表格插入数据: 2025-06-30 09:14:44, 小团体, 心上秋, 23点59分59秒
2025-06-30 09:14:48 [wxauto] [DEBUG] [wx.py:205]  [friend text]获取到新消息：小团体 - @nuomy 
2025-06-30 09:14:48 [WeChatBot] [INFO] [main.py:19]  📩 收到消息事件：@nuomy  来自 小团体
2025-06-30 09:14:48 [WeChatBot] [DEBUG] [main.py:21]  🔔 已触发 message_received.emit()
2025-06-30 09:14:48 [root] [DEBUG] [ui.py:147]  📨 接收到消息: @nuomy  来自 小团体
2025-06-30 09:14:48 [root] [DEBUG] [ui.py:147]  📨 接收到消息: @nuomy  来自 小团体
2025-06-30 09:14:48 [root] [DEBUG] [ui.py:116]  📊 正在向表格插入数据: 2025-06-30 09:14:48, 小团体, 心上秋, @nuomy 
2025-06-30 09:14:48 [root] [DEBUG] [ui.py:116]  📊 正在向表格插入数据: 2025-06-30 09:14:48, 小团体, 心上秋, @nuomy 
2025-06-30 09:14:48 [wxauto] [DEBUG] [wx.py:205]  [friend text]获取到新消息：小团体 - @nuomy 
2025-06-30 09:14:48 [WeChatBot] [INFO] [main.py:19]  📩 收到消息事件：@nuomy  来自 小团体
2025-06-30 09:14:48 [WeChatBot] [DEBUG] [main.py:21]  🔔 已触发 message_received.emit()
2025-06-30 09:14:48 [root] [DEBUG] [ui.py:147]  📨 接收到消息: @nuomy  来自 小团体
2025-06-30 09:14:48 [root] [DEBUG] [ui.py:147]  📨 接收到消息: @nuomy  来自 小团体
2025-06-30 09:14:48 [root] [DEBUG] [ui.py:116]  📊 正在向表格插入数据: 2025-06-30 09:14:48, 小团体, 心上秋, @nuomy 
2025-06-30 09:14:48 [root] [DEBUG] [ui.py:116]  📊 正在向表格插入数据: 2025-06-30 09:14:48, 小团体, 心上秋, @nuomy 
2025-06-30 10:48:04 [wxauto] [DEBUG] [wx.py:205]  [system base]获取到新消息：巴啦啦抠脚堡 - 以下为新消息
2025-06-30 10:48:04 [WeChatBot] [INFO] [main.py:19]  📩 收到消息事件：以下为新消息 来自 巴啦啦抠脚堡
2025-06-30 10:48:04 [WeChatBot] [DEBUG] [main.py:21]  🔔 已触发 message_received.emit()
2025-06-30 10:48:04 [wxauto] [DEBUG] [wx.py:205]  [friend text]获取到新消息：巴啦啦抠脚堡 - [动画表情]
2025-06-30 10:48:04 [root] [DEBUG] [ui.py:147]  📨 接收到消息: 以下为新消息 来自 巴啦啦抠脚堡
2025-06-30 10:48:04 [root] [DEBUG] [ui.py:147]  📨 接收到消息: 以下为新消息 来自 巴啦啦抠脚堡
2025-06-30 10:48:04 [root] [DEBUG] [ui.py:116]  📊 正在向表格插入数据: 2025-06-30 10:48:04, 巴啦啦抠脚堡, system, 以下为新消息
2025-06-30 10:48:04 [root] [DEBUG] [ui.py:116]  📊 正在向表格插入数据: 2025-06-30 10:48:04, 巴啦啦抠脚堡, system, 以下为新消息
2025-06-30 10:48:04 [WeChatBot] [INFO] [main.py:19]  📩 收到消息事件：[动画表情] 来自 巴啦啦抠脚堡
2025-06-30 10:48:04 [WeChatBot] [DEBUG] [main.py:21]  🔔 已触发 message_received.emit()
2025-06-30 10:48:04 [root] [DEBUG] [ui.py:147]  📨 接收到消息: [动画表情] 来自 巴啦啦抠脚堡
2025-06-30 10:48:04 [root] [DEBUG] [ui.py:147]  📨 接收到消息: [动画表情] 来自 巴啦啦抠脚堡
2025-06-30 10:48:04 [wxauto] [DEBUG] [wx.py:205]  [base other]获取到新消息：巴啦啦抠脚堡 - 10:43
2025-06-30 10:48:04 [root] [DEBUG] [ui.py:116]  📊 正在向表格插入数据: 2025-06-30 10:48:04, 巴啦啦抠脚堡, ツ, [动画表情]
2025-06-30 10:48:04 [root] [DEBUG] [ui.py:116]  📊 正在向表格插入数据: 2025-06-30 10:48:04, 巴啦啦抠脚堡, ツ, [动画表情]
2025-06-30 10:48:04 [WeChatBot] [INFO] [main.py:19]  📩 收到消息事件：10:43 来自 巴啦啦抠脚堡
2025-06-30 10:48:04 [WeChatBot] [DEBUG] [main.py:21]  🔔 已触发 message_received.emit()
2025-06-30 10:48:04 [root] [DEBUG] [ui.py:147]  📨 接收到消息: 10:43 来自 巴啦啦抠脚堡
2025-06-30 10:48:04 [wxauto] [DEBUG] [wx.py:205]  [friend text]获取到新消息：巴啦啦抠脚堡 - 滴滴滴滴滴
2025-06-30 10:48:04 [root] [DEBUG] [ui.py:147]  📨 接收到消息: 10:43 来自 巴啦啦抠脚堡
2025-06-30 10:48:04 [root] [DEBUG] [ui.py:116]  📊 正在向表格插入数据: 2025-06-30 10:48:04, 巴啦啦抠脚堡, base, 10:43
2025-06-30 10:48:04 [root] [DEBUG] [ui.py:116]  📊 正在向表格插入数据: 2025-06-30 10:48:04, 巴啦啦抠脚堡, base, 10:43
2025-06-30 10:48:04 [WeChatBot] [INFO] [main.py:19]  📩 收到消息事件：滴滴滴滴滴 来自 巴啦啦抠脚堡
2025-06-30 10:48:04 [WeChatBot] [DEBUG] [main.py:21]  🔔 已触发 message_received.emit()
2025-06-30 10:48:04 [root] [DEBUG] [ui.py:147]  📨 接收到消息: 滴滴滴滴滴 来自 巴啦啦抠脚堡
2025-06-30 10:48:04 [root] [DEBUG] [ui.py:147]  📨 接收到消息: 滴滴滴滴滴 来自 巴啦啦抠脚堡
2025-06-30 10:48:04 [wxauto] [DEBUG] [wx.py:205]  [friend text]获取到新消息：巴啦啦抠脚堡 - @??? 你是不是给我寄了东西
2025-06-30 10:48:04 [root] [DEBUG] [ui.py:116]  📊 正在向表格插入数据: 2025-06-30 10:48:04, 巴啦啦抠脚堡, ツ, 滴滴滴滴滴
2025-06-30 10:48:04 [root] [DEBUG] [ui.py:116]  📊 正在向表格插入数据: 2025-06-30 10:48:04, 巴啦啦抠脚堡, ツ, 滴滴滴滴滴
2025-06-30 10:48:05 [WeChatBot] [INFO] [main.py:19]  📩 收到消息事件：@??? 你是不是给我寄了东西 来自 巴啦啦抠脚堡
2025-06-30 10:48:05 [root] [DEBUG] [ui.py:147]  📨 接收到消息: @??? 你是不是给我寄了东西 来自 巴啦啦抠脚堡
2025-06-30 10:48:05 [WeChatBot] [DEBUG] [main.py:21]  🔔 已触发 message_received.emit()
2025-06-30 10:48:05 [root] [DEBUG] [ui.py:147]  📨 接收到消息: @??? 你是不是给我寄了东西 来自 巴啦啦抠脚堡
2025-06-30 10:48:05 [wxauto] [DEBUG] [wx.py:205]  [friend image]获取到新消息：巴啦啦抠脚堡 - [图片]
2025-06-30 10:48:05 [root] [DEBUG] [ui.py:116]  📊 正在向表格插入数据: 2025-06-30 10:48:05, 巴啦啦抠脚堡, ツ, @??? 你是不是给我寄了东西
2025-06-30 10:48:05 [root] [DEBUG] [ui.py:116]  📊 正在向表格插入数据: 2025-06-30 10:48:05, 巴啦啦抠脚堡, ツ, @??? 你是不是给我寄了东西
2025-06-30 10:48:05 [WeChatBot] [INFO] [main.py:19]  📩 收到消息事件：[图片] 来自 巴啦啦抠脚堡
2025-06-30 10:48:05 [root] [DEBUG] [ui.py:147]  📨 接收到消息: [图片] 来自 巴啦啦抠脚堡
2025-06-30 10:48:05 [WeChatBot] [DEBUG] [main.py:21]  🔔 已触发 message_received.emit()
2025-06-30 10:48:05 [root] [DEBUG] [ui.py:147]  📨 接收到消息: [图片] 来自 巴啦啦抠脚堡
2025-06-30 10:48:05 [root] [DEBUG] [ui.py:116]  📊 正在向表格插入数据: 2025-06-30 10:48:05, 巴啦啦抠脚堡, ツ, [图片]
2025-06-30 10:48:05 [root] [DEBUG] [ui.py:116]  📊 正在向表格插入数据: 2025-06-30 10:48:05, 巴啦啦抠脚堡, ツ, [图片]
2025-06-30 10:48:05 [wxauto] [DEBUG] [wx.py:205]  [friend text]获取到新消息：巴啦啦抠脚堡 - 这是你的3d打印机材料吧
2025-06-30 10:48:05 [WeChatBot] [INFO] [main.py:19]  📩 收到消息事件：这是你的3d打印机材料吧 来自 巴啦啦抠脚堡
2025-06-30 10:48:05 [root] [DEBUG] [ui.py:147]  📨 接收到消息: 这是你的3d打印机材料吧 来自 巴啦啦抠脚堡
2025-06-30 10:48:05 [WeChatBot] [DEBUG] [main.py:21]  🔔 已触发 message_received.emit()
2025-06-30 10:48:05 [root] [DEBUG] [ui.py:147]  📨 接收到消息: 这是你的3d打印机材料吧 来自 巴啦啦抠脚堡
2025-06-30 10:48:05 [root] [DEBUG] [ui.py:116]  📊 正在向表格插入数据: 2025-06-30 10:48:05, 巴啦啦抠脚堡, ツ, 这是你的3d打印机材料吧
2025-06-30 10:48:05 [root] [DEBUG] [ui.py:116]  📊 正在向表格插入数据: 2025-06-30 10:48:05, 巴啦啦抠脚堡, ツ, 这是你的3d打印机材料吧
2025-06-30 10:48:05 [wxauto] [DEBUG] [wx.py:205]  [friend text]获取到新消息：巴啦啦抠脚堡 - [动画表情]
2025-06-30 10:48:05 [WeChatBot] [INFO] [main.py:19]  📩 收到消息事件：[动画表情] 来自 巴啦啦抠脚堡
2025-06-30 10:48:05 [WeChatBot] [DEBUG] [main.py:21]  🔔 已触发 message_received.emit()
2025-06-30 10:48:05 [root] [DEBUG] [ui.py:147]  📨 接收到消息: [动画表情] 来自 巴啦啦抠脚堡
2025-06-30 10:48:05 [root] [DEBUG] [ui.py:147]  📨 接收到消息: [动画表情] 来自 巴啦啦抠脚堡
2025-06-30 10:48:05 [root] [DEBUG] [ui.py:116]  📊 正在向表格插入数据: 2025-06-30 10:48:05, 巴啦啦抠脚堡, ツ, [动画表情]
2025-06-30 10:48:05 [root] [DEBUG] [ui.py:116]  📊 正在向表格插入数据: 2025-06-30 10:48:05, 巴啦啦抠脚堡, ツ, [动画表情]
2025-06-30 10:48:12 [wxauto] [DEBUG] [wx.py:205]  [system base]获取到新消息：巴啦啦抠脚堡 - 以下为新消息
2025-06-30 10:48:12 [WeChatBot] [INFO] [main.py:19]  📩 收到消息事件：以下为新消息 来自 巴啦啦抠脚堡
2025-06-30 10:48:12 [WeChatBot] [DEBUG] [main.py:21]  🔔 已触发 message_received.emit()
2025-06-30 10:48:12 [wxauto] [DEBUG] [wx.py:205]  [friend text]获取到新消息：巴啦啦抠脚堡 - 嗯？
2025-06-30 10:48:12 [root] [DEBUG] [ui.py:147]  📨 接收到消息: 以下为新消息 来自 巴啦啦抠脚堡
2025-06-30 10:48:12 [root] [DEBUG] [ui.py:147]  📨 接收到消息: 以下为新消息 来自 巴啦啦抠脚堡
2025-06-30 10:48:12 [root] [DEBUG] [ui.py:116]  📊 正在向表格插入数据: 2025-06-30 10:48:12, 巴啦啦抠脚堡, system, 以下为新消息
2025-06-30 10:48:12 [root] [DEBUG] [ui.py:116]  📊 正在向表格插入数据: 2025-06-30 10:48:12, 巴啦啦抠脚堡, system, 以下为新消息
2025-06-30 10:48:13 [WeChatBot] [INFO] [main.py:19]  📩 收到消息事件：嗯？ 来自 巴啦啦抠脚堡
2025-06-30 10:48:13 [WeChatBot] [DEBUG] [main.py:21]  🔔 已触发 message_received.emit()
2025-06-30 10:48:13 [root] [DEBUG] [ui.py:147]  📨 接收到消息: 嗯？ 来自 巴啦啦抠脚堡
2025-06-30 10:48:13 [root] [DEBUG] [ui.py:147]  📨 接收到消息: 嗯？ 来自 巴啦啦抠脚堡
2025-06-30 10:48:13 [root] [DEBUG] [ui.py:116]  📊 正在向表格插入数据: 2025-06-30 10:48:13, 巴啦啦抠脚堡, ???, 嗯？
2025-06-30 10:48:13 [root] [DEBUG] [ui.py:116]  📊 正在向表格插入数据: 2025-06-30 10:48:13, 巴啦啦抠脚堡, ???, 嗯？
2025-06-30 10:48:16 [wxauto] [DEBUG] [wx.py:205]  [friend text]获取到新消息：巴啦啦抠脚堡 - [动画表情]
2025-06-30 10:48:16 [WeChatBot] [INFO] [main.py:19]  📩 收到消息事件：[动画表情] 来自 巴啦啦抠脚堡
2025-06-30 10:48:16 [WeChatBot] [DEBUG] [main.py:21]  🔔 已触发 message_received.emit()
2025-06-30 10:48:16 [root] [DEBUG] [ui.py:147]  📨 接收到消息: [动画表情] 来自 巴啦啦抠脚堡
2025-06-30 10:48:16 [root] [DEBUG] [ui.py:147]  📨 接收到消息: [动画表情] 来自 巴啦啦抠脚堡
2025-06-30 10:48:16 [root] [DEBUG] [ui.py:116]  📊 正在向表格插入数据: 2025-06-30 10:48:16, 巴啦啦抠脚堡, ???, [动画表情]
2025-06-30 10:48:16 [root] [DEBUG] [ui.py:116]  📊 正在向表格插入数据: 2025-06-30 10:48:16, 巴啦啦抠脚堡, ???, [动画表情]
2025-06-30 10:48:21 [wxauto] [DEBUG] [wx.py:205]  [system base]获取到新消息：巴啦啦抠脚堡 - 以下为新消息
2025-06-30 10:48:21 [WeChatBot] [INFO] [main.py:19]  📩 收到消息事件：以下为新消息 来自 巴啦啦抠脚堡
2025-06-30 10:48:21 [WeChatBot] [DEBUG] [main.py:21]  🔔 已触发 message_received.emit()
2025-06-30 10:48:21 [wxauto] [DEBUG] [wx.py:205]  [friend text]获取到新消息：巴啦啦抠脚堡 - 嗯？
2025-06-30 10:48:21 [root] [DEBUG] [ui.py:147]  📨 接收到消息: 以下为新消息 来自 巴啦啦抠脚堡
2025-06-30 10:48:21 [root] [DEBUG] [ui.py:147]  📨 接收到消息: 以下为新消息 来自 巴啦啦抠脚堡
2025-06-30 10:48:21 [root] [DEBUG] [ui.py:116]  📊 正在向表格插入数据: 2025-06-30 10:48:21, 巴啦啦抠脚堡, system, 以下为新消息
2025-06-30 10:48:21 [root] [DEBUG] [ui.py:116]  📊 正在向表格插入数据: 2025-06-30 10:48:21, 巴啦啦抠脚堡, system, 以下为新消息
2025-06-30 10:48:21 [WeChatBot] [INFO] [main.py:19]  📩 收到消息事件：嗯？ 来自 巴啦啦抠脚堡
2025-06-30 10:48:21 [WeChatBot] [DEBUG] [main.py:21]  🔔 已触发 message_received.emit()
2025-06-30 10:48:21 [root] [DEBUG] [ui.py:147]  📨 接收到消息: 嗯？ 来自 巴啦啦抠脚堡
2025-06-30 10:48:21 [root] [DEBUG] [ui.py:147]  📨 接收到消息: 嗯？ 来自 巴啦啦抠脚堡
2025-06-30 10:48:21 [root] [DEBUG] [ui.py:116]  📊 正在向表格插入数据: 2025-06-30 10:48:21, 巴啦啦抠脚堡, ツ, 嗯？
2025-06-30 10:48:21 [root] [DEBUG] [ui.py:116]  📊 正在向表格插入数据: 2025-06-30 10:48:21, 巴啦啦抠脚堡, ツ, 嗯？
2025-06-30 10:48:26 [wxauto] [DEBUG] [wx.py:205]  [friend text]获取到新消息：巴啦啦抠脚堡 - 不是你的吗
2025-06-30 10:48:26 [WeChatBot] [INFO] [main.py:19]  📩 收到消息事件：不是你的吗 来自 巴啦啦抠脚堡
2025-06-30 10:48:26 [WeChatBot] [DEBUG] [main.py:21]  🔔 已触发 message_received.emit()
2025-06-30 10:48:26 [root] [DEBUG] [ui.py:147]  📨 接收到消息: 不是你的吗 来自 巴啦啦抠脚堡
2025-06-30 10:48:26 [root] [DEBUG] [ui.py:147]  📨 接收到消息: 不是你的吗 来自 巴啦啦抠脚堡
2025-06-30 10:48:26 [root] [DEBUG] [ui.py:116]  📊 正在向表格插入数据: 2025-06-30 10:48:26, 巴啦啦抠脚堡, ツ, 不是你的吗
2025-06-30 10:48:26 [root] [DEBUG] [ui.py:116]  📊 正在向表格插入数据: 2025-06-30 10:48:26, 巴啦啦抠脚堡, ツ, 不是你的吗
2025-06-30 10:48:27 [wxauto] [DEBUG] [wx.py:205]  [base other]获取到新消息：巴啦啦抠脚堡 - 7:55
2025-06-30 10:48:27 [WeChatBot] [INFO] [main.py:19]  📩 收到消息事件：7:55 来自 巴啦啦抠脚堡
2025-06-30 10:48:27 [root] [DEBUG] [ui.py:147]  📨 接收到消息: 7:55 来自 巴啦啦抠脚堡
2025-06-30 10:48:27 [WeChatBot] [DEBUG] [main.py:21]  🔔 已触发 message_received.emit()
2025-06-30 10:48:27 [root] [DEBUG] [ui.py:147]  📨 接收到消息: 7:55 来自 巴啦啦抠脚堡
2025-06-30 10:48:27 [wxauto] [DEBUG] [wx.py:205]  [self text]获取到新消息：巴啦啦抠脚堡 - [动画表情]
2025-06-30 10:48:27 [root] [DEBUG] [ui.py:116]  📊 正在向表格插入数据: 2025-06-30 10:48:27, 巴啦啦抠脚堡, base, 7:55
2025-06-30 10:48:27 [root] [DEBUG] [ui.py:116]  📊 正在向表格插入数据: 2025-06-30 10:48:27, 巴啦啦抠脚堡, base, 7:55
2025-06-30 10:48:27 [WeChatBot] [INFO] [main.py:19]  📩 收到消息事件：[动画表情] 来自 巴啦啦抠脚堡
2025-06-30 10:48:27 [root] [DEBUG] [ui.py:147]  📨 接收到消息: [动画表情] 来自 巴啦啦抠脚堡
2025-06-30 10:48:27 [WeChatBot] [DEBUG] [main.py:21]  🔔 已触发 message_received.emit()
2025-06-30 10:48:27 [wxauto] [DEBUG] [wx.py:205]  [friend text]获取到新消息：巴啦啦抠脚堡 - 太困了
2025-06-30 10:48:27 [root] [DEBUG] [ui.py:147]  📨 接收到消息: [动画表情] 来自 巴啦啦抠脚堡
2025-06-30 10:48:27 [root] [DEBUG] [ui.py:116]  📊 正在向表格插入数据: 2025-06-30 10:48:27, 巴啦啦抠脚堡, self, [动画表情]
2025-06-30 10:48:27 [root] [DEBUG] [ui.py:116]  📊 正在向表格插入数据: 2025-06-30 10:48:27, 巴啦啦抠脚堡, self, [动画表情]
2025-06-30 10:48:27 [WeChatBot] [INFO] [main.py:19]  📩 收到消息事件：太困了 来自 巴啦啦抠脚堡
2025-06-30 10:48:27 [WeChatBot] [DEBUG] [main.py:21]  🔔 已触发 message_received.emit()
2025-06-30 10:48:27 [root] [DEBUG] [ui.py:147]  📨 接收到消息: 太困了 来自 巴啦啦抠脚堡
2025-06-30 10:48:27 [root] [DEBUG] [ui.py:147]  📨 接收到消息: 太困了 来自 巴啦啦抠脚堡
2025-06-30 10:48:27 [wxauto] [DEBUG] [wx.py:205]  [friend text]获取到新消息：巴啦啦抠脚堡 - 五点睡六点起
2025-06-30 10:48:27 [root] [DEBUG] [ui.py:116]  📊 正在向表格插入数据: 2025-06-30 10:48:27, 巴啦啦抠脚堡, Gesla, 太困了
2025-06-30 10:48:27 [root] [DEBUG] [ui.py:116]  📊 正在向表格插入数据: 2025-06-30 10:48:27, 巴啦啦抠脚堡, Gesla, 太困了
2025-06-30 10:48:27 [WeChatBot] [INFO] [main.py:19]  📩 收到消息事件：五点睡六点起 来自 巴啦啦抠脚堡
2025-06-30 10:48:27 [WeChatBot] [DEBUG] [main.py:21]  🔔 已触发 message_received.emit()
2025-06-30 10:48:27 [root] [DEBUG] [ui.py:147]  📨 接收到消息: 五点睡六点起 来自 巴啦啦抠脚堡
2025-06-30 10:48:27 [root] [DEBUG] [ui.py:147]  📨 接收到消息: 五点睡六点起 来自 巴啦啦抠脚堡
2025-06-30 10:48:27 [root] [DEBUG] [ui.py:116]  📊 正在向表格插入数据: 2025-06-30 10:48:27, 巴啦啦抠脚堡, Gesla, 五点睡六点起
2025-06-30 10:48:27 [wxauto] [DEBUG] [wx.py:205]  [friend text]获取到新消息：巴啦啦抠脚堡 - 台商真的好荒凉
2025-06-30 10:48:27 [root] [DEBUG] [ui.py:116]  📊 正在向表格插入数据: 2025-06-30 10:48:27, 巴啦啦抠脚堡, Gesla, 五点睡六点起
2025-06-30 10:48:27 [WeChatBot] [INFO] [main.py:19]  📩 收到消息事件：台商真的好荒凉 来自 巴啦啦抠脚堡
2025-06-30 10:48:27 [WeChatBot] [DEBUG] [main.py:21]  🔔 已触发 message_received.emit()
2025-06-30 10:48:27 [root] [DEBUG] [ui.py:147]  📨 接收到消息: 台商真的好荒凉 来自 巴啦啦抠脚堡
2025-06-30 10:48:27 [root] [DEBUG] [ui.py:147]  📨 接收到消息: 台商真的好荒凉 来自 巴啦啦抠脚堡
2025-06-30 10:48:27 [root] [DEBUG] [ui.py:116]  📊 正在向表格插入数据: 2025-06-30 10:48:27, 巴啦啦抠脚堡, Gesla, 台商真的好荒凉
2025-06-30 10:48:27 [root] [DEBUG] [ui.py:116]  📊 正在向表格插入数据: 2025-06-30 10:48:27, 巴啦啦抠脚堡, Gesla, 台商真的好荒凉
2025-06-30 10:48:27 [wxauto] [DEBUG] [wx.py:205]  [friend image]获取到新消息：巴啦啦抠脚堡 - [图片]
2025-06-30 10:48:27 [WeChatBot] [INFO] [main.py:19]  📩 收到消息事件：[图片] 来自 巴啦啦抠脚堡
2025-06-30 10:48:27 [WeChatBot] [DEBUG] [main.py:21]  🔔 已触发 message_received.emit()
2025-06-30 10:48:27 [root] [DEBUG] [ui.py:147]  📨 接收到消息: [图片] 来自 巴啦啦抠脚堡
2025-06-30 10:48:27 [root] [DEBUG] [ui.py:147]  📨 接收到消息: [图片] 来自 巴啦啦抠脚堡
2025-06-30 10:48:27 [root] [DEBUG] [ui.py:116]  📊 正在向表格插入数据: 2025-06-30 10:48:27, 巴啦啦抠脚堡, Gesla, [图片]
2025-06-30 10:48:27 [root] [DEBUG] [ui.py:116]  📊 正在向表格插入数据: 2025-06-30 10:48:27, 巴啦啦抠脚堡, Gesla, [图片]
2025-06-30 10:48:27 [wxauto] [DEBUG] [wx.py:205]  [self text]获取到新消息：巴啦啦抠脚堡 - 是吧哈哈哈
2025-06-30 10:48:27 [WeChatBot] [INFO] [main.py:19]  📩 收到消息事件：是吧哈哈哈 来自 巴啦啦抠脚堡
2025-06-30 10:48:27 [WeChatBot] [DEBUG] [main.py:21]  🔔 已触发 message_received.emit()
2025-06-30 10:48:27 [wxauto] [DEBUG] [wx.py:205]  [self text]获取到新消息：巴啦啦抠脚堡 - 到工作单位啦？
2025-06-30 10:48:27 [root] [DEBUG] [ui.py:147]  📨 接收到消息: 是吧哈哈哈 来自 巴啦啦抠脚堡
2025-06-30 10:48:27 [root] [DEBUG] [ui.py:147]  📨 接收到消息: 是吧哈哈哈 来自 巴啦啦抠脚堡
2025-06-30 10:48:27 [root] [DEBUG] [ui.py:116]  📊 正在向表格插入数据: 2025-06-30 10:48:27, 巴啦啦抠脚堡, self, 是吧哈哈哈
2025-06-30 10:48:27 [root] [DEBUG] [ui.py:116]  📊 正在向表格插入数据: 2025-06-30 10:48:27, 巴啦啦抠脚堡, self, 是吧哈哈哈
2025-06-30 10:48:28 [WeChatBot] [INFO] [main.py:19]  📩 收到消息事件：到工作单位啦？ 来自 巴啦啦抠脚堡
2025-06-30 10:48:28 [WeChatBot] [DEBUG] [main.py:21]  🔔 已触发 message_received.emit()
2025-06-30 10:48:28 [wxauto] [DEBUG] [wx.py:205]  [base other]获取到新消息：巴啦啦抠脚堡 - 8:12
2025-06-30 10:48:28 [root] [DEBUG] [ui.py:147]  📨 接收到消息: 到工作单位啦？ 来自 巴啦啦抠脚堡
2025-06-30 10:48:28 [root] [DEBUG] [ui.py:147]  📨 接收到消息: 到工作单位啦？ 来自 巴啦啦抠脚堡
2025-06-30 10:48:28 [root] [DEBUG] [ui.py:116]  📊 正在向表格插入数据: 2025-06-30 10:48:28, 巴啦啦抠脚堡, self, 到工作单位啦？
2025-06-30 10:48:28 [root] [DEBUG] [ui.py:116]  📊 正在向表格插入数据: 2025-06-30 10:48:28, 巴啦啦抠脚堡, self, 到工作单位啦？
2025-06-30 10:48:28 [WeChatBot] [INFO] [main.py:19]  📩 收到消息事件：8:12 来自 巴啦啦抠脚堡
2025-06-30 10:48:28 [WeChatBot] [DEBUG] [main.py:21]  🔔 已触发 message_received.emit()
2025-06-30 10:48:28 [root] [DEBUG] [ui.py:147]  📨 接收到消息: 8:12 来自 巴啦啦抠脚堡
2025-06-30 10:48:28 [wxauto] [DEBUG] [wx.py:205]  [friend text]获取到新消息：巴啦啦抠脚堡 - 区管会
2025-06-30 10:48:28 [root] [DEBUG] [ui.py:147]  📨 接收到消息: 8:12 来自 巴啦啦抠脚堡
2025-06-30 10:48:28 [root] [DEBUG] [ui.py:116]  📊 正在向表格插入数据: 2025-06-30 10:48:28, 巴啦啦抠脚堡, base, 8:12
2025-06-30 10:48:28 [root] [DEBUG] [ui.py:116]  📊 正在向表格插入数据: 2025-06-30 10:48:28, 巴啦啦抠脚堡, base, 8:12
2025-06-30 10:48:28 [WeChatBot] [INFO] [main.py:19]  📩 收到消息事件：区管会 来自 巴啦啦抠脚堡
2025-06-30 10:48:28 [WeChatBot] [DEBUG] [main.py:21]  🔔 已触发 message_received.emit()
2025-06-30 10:48:28 [wxauto] [DEBUG] [wx.py:205]  [friend text]获取到新消息：巴啦啦抠脚堡 - 这个工作不太严谨啊
2025-06-30 10:48:28 [root] [DEBUG] [ui.py:147]  📨 接收到消息: 区管会 来自 巴啦啦抠脚堡
2025-06-30 10:48:28 [root] [DEBUG] [ui.py:147]  📨 接收到消息: 区管会 来自 巴啦啦抠脚堡
2025-06-30 10:48:28 [root] [DEBUG] [ui.py:116]  📊 正在向表格插入数据: 2025-06-30 10:48:28, 巴啦啦抠脚堡, Gesla, 区管会
2025-06-30 10:48:28 [root] [DEBUG] [ui.py:116]  📊 正在向表格插入数据: 2025-06-30 10:48:28, 巴啦啦抠脚堡, Gesla, 区管会
2025-06-30 10:48:28 [WeChatBot] [INFO] [main.py:19]  📩 收到消息事件：这个工作不太严谨啊 来自 巴啦啦抠脚堡
2025-06-30 10:48:28 [WeChatBot] [DEBUG] [main.py:21]  🔔 已触发 message_received.emit()
2025-06-30 10:48:28 [wxauto] [DEBUG] [wx.py:205]  [friend text]获取到新消息：巴啦啦抠脚堡 - 让我们八点到去体检
2025-06-30 10:48:28 [root] [DEBUG] [ui.py:147]  📨 接收到消息: 这个工作不太严谨啊 来自 巴啦啦抠脚堡
2025-06-30 10:48:28 [root] [DEBUG] [ui.py:147]  📨 接收到消息: 这个工作不太严谨啊 来自 巴啦啦抠脚堡
2025-06-30 10:48:28 [root] [DEBUG] [ui.py:116]  📊 正在向表格插入数据: 2025-06-30 10:48:28, 巴啦啦抠脚堡, Gesla, 这个工作不太严谨啊
2025-06-30 10:48:28 [root] [DEBUG] [ui.py:116]  📊 正在向表格插入数据: 2025-06-30 10:48:28, 巴啦啦抠脚堡, Gesla, 这个工作不太严谨啊
2025-06-30 10:48:28 [WeChatBot] [INFO] [main.py:19]  📩 收到消息事件：让我们八点到去体检 来自 巴啦啦抠脚堡
2025-06-30 10:48:28 [WeChatBot] [DEBUG] [main.py:21]  🔔 已触发 message_received.emit()
2025-06-30 10:48:28 [root] [DEBUG] [ui.py:147]  📨 接收到消息: 让我们八点到去体检 来自 巴啦啦抠脚堡
2025-06-30 10:48:28 [wxauto] [DEBUG] [wx.py:205]  [friend text]获取到新消息：巴啦啦抠脚堡 - 现在车都没来
2025-06-30 10:48:28 [root] [DEBUG] [ui.py:147]  📨 接收到消息: 让我们八点到去体检 来自 巴啦啦抠脚堡
2025-06-30 10:48:28 [root] [DEBUG] [ui.py:116]  📊 正在向表格插入数据: 2025-06-30 10:48:28, 巴啦啦抠脚堡, Gesla, 让我们八点到去体检
2025-06-30 10:48:28 [root] [DEBUG] [ui.py:116]  📊 正在向表格插入数据: 2025-06-30 10:48:28, 巴啦啦抠脚堡, Gesla, 让我们八点到去体检
2025-06-30 10:48:28 [WeChatBot] [INFO] [main.py:19]  📩 收到消息事件：现在车都没来 来自 巴啦啦抠脚堡
2025-06-30 10:48:28 [WeChatBot] [DEBUG] [main.py:21]  🔔 已触发 message_received.emit()
2025-06-30 10:48:28 [root] [DEBUG] [ui.py:147]  📨 接收到消息: 现在车都没来 来自 巴啦啦抠脚堡
2025-06-30 10:48:28 [root] [DEBUG] [ui.py:147]  📨 接收到消息: 现在车都没来 来自 巴啦啦抠脚堡
2025-06-30 10:48:28 [root] [DEBUG] [ui.py:116]  📊 正在向表格插入数据: 2025-06-30 10:48:28, 巴啦啦抠脚堡, Gesla, 现在车都没来
2025-06-30 10:48:28 [root] [DEBUG] [ui.py:116]  📊 正在向表格插入数据: 2025-06-30 10:48:28, 巴啦啦抠脚堡, Gesla, 现在车都没来
2025-06-30 10:48:31 [wxauto] [DEBUG] [wx.py:205]  [friend text]获取到新消息：巴啦啦抠脚堡 - 我没买呀
2025-06-30 10:48:31 [WeChatBot] [INFO] [main.py:19]  📩 收到消息事件：我没买呀 来自 巴啦啦抠脚堡
2025-06-30 10:48:31 [WeChatBot] [DEBUG] [main.py:21]  🔔 已触发 message_received.emit()
2025-06-30 10:48:31 [root] [DEBUG] [ui.py:147]  📨 接收到消息: 我没买呀 来自 巴啦啦抠脚堡
2025-06-30 10:48:31 [root] [DEBUG] [ui.py:147]  📨 接收到消息: 我没买呀 来自 巴啦啦抠脚堡
2025-06-30 10:48:31 [root] [DEBUG] [ui.py:116]  📊 正在向表格插入数据: 2025-06-30 10:48:31, 巴啦啦抠脚堡, ???, 我没买呀
2025-06-30 10:48:31 [root] [DEBUG] [ui.py:116]  📊 正在向表格插入数据: 2025-06-30 10:48:31, 巴啦啦抠脚堡, ???, 我没买呀
2025-06-30 10:48:36 [wxauto] [DEBUG] [wx.py:205]  [friend text]获取到新消息：巴啦啦抠脚堡 - 是不是寄错了
2025-06-30 10:48:36 [WeChatBot] [INFO] [main.py:19]  📩 收到消息事件：是不是寄错了 来自 巴啦啦抠脚堡
2025-06-30 10:48:36 [WeChatBot] [DEBUG] [main.py:21]  🔔 已触发 message_received.emit()
2025-06-30 10:48:36 [root] [DEBUG] [ui.py:147]  📨 接收到消息: 是不是寄错了 来自 巴啦啦抠脚堡
2025-06-30 10:48:36 [root] [DEBUG] [ui.py:147]  📨 接收到消息: 是不是寄错了 来自 巴啦啦抠脚堡
2025-06-30 10:48:36 [root] [DEBUG] [ui.py:116]  📊 正在向表格插入数据: 2025-06-30 10:48:36, 巴啦啦抠脚堡, ???, 是不是寄错了
2025-06-30 10:48:36 [root] [DEBUG] [ui.py:116]  📊 正在向表格插入数据: 2025-06-30 10:48:36, 巴啦啦抠脚堡, ???, 是不是寄错了
2025-06-30 10:48:39 [wxauto] [DEBUG] [wx.py:205]  [friend text]获取到新消息：巴啦啦抠脚堡 - 哈？
2025-06-30 10:48:39 [WeChatBot] [INFO] [main.py:19]  📩 收到消息事件：哈？ 来自 巴啦啦抠脚堡
2025-06-30 10:48:39 [WeChatBot] [DEBUG] [main.py:21]  🔔 已触发 message_received.emit()
2025-06-30 10:48:39 [root] [DEBUG] [ui.py:147]  📨 接收到消息: 哈？ 来自 巴啦啦抠脚堡
2025-06-30 10:48:39 [root] [DEBUG] [ui.py:147]  📨 接收到消息: 哈？ 来自 巴啦啦抠脚堡
2025-06-30 10:48:39 [root] [DEBUG] [ui.py:116]  📊 正在向表格插入数据: 2025-06-30 10:48:39, 巴啦啦抠脚堡, ツ, 哈？
2025-06-30 10:48:39 [root] [DEBUG] [ui.py:116]  📊 正在向表格插入数据: 2025-06-30 10:48:39, 巴啦啦抠脚堡, ツ, 哈？
2025-06-30 10:48:39 [wxauto] [DEBUG] [wx.py:205]  [friend text]获取到新消息：巴啦啦抠脚堡 - 哈？
2025-06-30 10:48:39 [WeChatBot] [INFO] [main.py:19]  📩 收到消息事件：哈？ 来自 巴啦啦抠脚堡
2025-06-30 10:48:39 [WeChatBot] [DEBUG] [main.py:21]  🔔 已触发 message_received.emit()
2025-06-30 10:48:39 [root] [DEBUG] [ui.py:147]  📨 接收到消息: 哈？ 来自 巴啦啦抠脚堡
2025-06-30 10:48:39 [root] [DEBUG] [ui.py:147]  📨 接收到消息: 哈？ 来自 巴啦啦抠脚堡
2025-06-30 10:48:39 [root] [DEBUG] [ui.py:116]  📊 正在向表格插入数据: 2025-06-30 10:48:39, 巴啦啦抠脚堡, ツ, 哈？
2025-06-30 10:48:39 [root] [DEBUG] [ui.py:116]  📊 正在向表格插入数据: 2025-06-30 10:48:39, 巴啦啦抠脚堡, ツ, 哈？
2025-06-30 10:48:44 [wxauto] [DEBUG] [wx.py:205]  [friend text]获取到新消息：巴啦啦抠脚堡 - 卧槽
2025-06-30 10:48:45 [WeChatBot] [INFO] [main.py:19]  📩 收到消息事件：卧槽 来自 巴啦啦抠脚堡
2025-06-30 10:48:45 [WeChatBot] [DEBUG] [main.py:21]  🔔 已触发 message_received.emit()
2025-06-30 10:48:45 [root] [DEBUG] [ui.py:147]  📨 接收到消息: 卧槽 来自 巴啦啦抠脚堡
2025-06-30 10:48:45 [root] [DEBUG] [ui.py:147]  📨 接收到消息: 卧槽 来自 巴啦啦抠脚堡
2025-06-30 10:48:45 [root] [DEBUG] [ui.py:116]  📊 正在向表格插入数据: 2025-06-30 10:48:45, 巴啦啦抠脚堡, ツ, 卧槽
2025-06-30 10:48:45 [root] [DEBUG] [ui.py:116]  📊 正在向表格插入数据: 2025-06-30 10:48:45, 巴啦啦抠脚堡, ツ, 卧槽
2025-06-30 10:48:45 [wxauto] [DEBUG] [wx.py:205]  [friend text]获取到新消息：巴啦啦抠脚堡 - 卧槽
2025-06-30 10:48:45 [WeChatBot] [INFO] [main.py:19]  📩 收到消息事件：卧槽 来自 巴啦啦抠脚堡
2025-06-30 10:48:45 [WeChatBot] [DEBUG] [main.py:21]  🔔 已触发 message_received.emit()
2025-06-30 10:48:45 [root] [DEBUG] [ui.py:147]  📨 接收到消息: 卧槽 来自 巴啦啦抠脚堡
2025-06-30 10:48:45 [root] [DEBUG] [ui.py:147]  📨 接收到消息: 卧槽 来自 巴啦啦抠脚堡
2025-06-30 10:48:45 [root] [DEBUG] [ui.py:116]  📊 正在向表格插入数据: 2025-06-30 10:48:45, 巴啦啦抠脚堡, ツ, 卧槽
2025-06-30 10:48:45 [root] [DEBUG] [ui.py:116]  📊 正在向表格插入数据: 2025-06-30 10:48:45, 巴啦啦抠脚堡, ツ, 卧槽
2025-06-30 10:49:10 [wxauto] [DEBUG] [wx.py:205]  [friend text]获取到新消息：巴啦啦抠脚堡 - 寄我
2025-06-30 10:49:10 [WeChatBot] [INFO] [main.py:19]  📩 收到消息事件：寄我 来自 巴啦啦抠脚堡
2025-06-30 10:49:10 [root] [DEBUG] [ui.py:147]  📨 接收到消息: 寄我 来自 巴啦啦抠脚堡
2025-06-30 10:49:10 [WeChatBot] [DEBUG] [main.py:21]  🔔 已触发 message_received.emit()
2025-06-30 10:49:10 [root] [DEBUG] [ui.py:147]  📨 接收到消息: 寄我 来自 巴啦啦抠脚堡
2025-06-30 10:49:10 [root] [DEBUG] [ui.py:116]  📊 正在向表格插入数据: 2025-06-30 10:49:10, 巴啦啦抠脚堡, ???, 寄我
2025-06-30 10:49:10 [root] [DEBUG] [ui.py:116]  📊 正在向表格插入数据: 2025-06-30 10:49:10, 巴啦啦抠脚堡, ???, 寄我
2025-06-30 10:49:13 [wxauto] [DEBUG] [wx.py:205]  [friend text]获取到新消息：巴啦啦抠脚堡 - 谢谢
2025-06-30 10:49:14 [WeChatBot] [INFO] [main.py:19]  📩 收到消息事件：谢谢 来自 巴啦啦抠脚堡
2025-06-30 10:49:14 [WeChatBot] [DEBUG] [main.py:21]  🔔 已触发 message_received.emit()
2025-06-30 10:49:14 [root] [DEBUG] [ui.py:147]  📨 接收到消息: 谢谢 来自 巴啦啦抠脚堡
2025-06-30 10:49:14 [root] [DEBUG] [ui.py:147]  📨 接收到消息: 谢谢 来自 巴啦啦抠脚堡
2025-06-30 10:49:14 [root] [DEBUG] [ui.py:116]  📊 正在向表格插入数据: 2025-06-30 10:49:14, 巴啦啦抠脚堡, ???, 谢谢
2025-06-30 10:49:14 [root] [DEBUG] [ui.py:116]  📊 正在向表格插入数据: 2025-06-30 10:49:14, 巴啦啦抠脚堡, ???, 谢谢
2025-06-30 10:49:27 [wxauto] [DEBUG] [wx.py:205]  [friend text]获取到新消息：巴啦啦抠脚堡 - 可以啊 反正我也没用
2025-06-30 10:49:27 [wxauto] [DEBUG] [wx.py:205]  [friend text]获取到新消息：巴啦啦抠脚堡 - 可以啊 反正我也没用
2025-06-30 10:49:27 [WeChatBot] [INFO] [main.py:19]  📩 收到消息事件：可以啊 反正我也没用 来自 巴啦啦抠脚堡
2025-06-30 10:49:27 [WeChatBot] [DEBUG] [main.py:21]  🔔 已触发 message_received.emit()
2025-06-30 10:49:27 [root] [DEBUG] [ui.py:147]  📨 接收到消息: 可以啊 反正我也没用 来自 巴啦啦抠脚堡
2025-06-30 10:49:27 [root] [DEBUG] [ui.py:147]  📨 接收到消息: 可以啊 反正我也没用 来自 巴啦啦抠脚堡
2025-06-30 10:49:27 [wxauto] [DEBUG] [wx.py:205]  [friend text]获取到新消息：巴啦啦抠脚堡 - [动画表情]
2025-06-30 10:49:27 [root] [DEBUG] [ui.py:116]  📊 正在向表格插入数据: 2025-06-30 10:49:27, 巴啦啦抠脚堡, ツ, 可以啊 反正我也没用
2025-06-30 10:49:27 [root] [DEBUG] [ui.py:116]  📊 正在向表格插入数据: 2025-06-30 10:49:27, 巴啦啦抠脚堡, ツ, 可以啊 反正我也没用
2025-06-30 10:49:27 [WeChatBot] [INFO] [main.py:19]  📩 收到消息事件：可以啊 反正我也没用 来自 巴啦啦抠脚堡
2025-06-30 10:49:27 [WeChatBot] [DEBUG] [main.py:21]  🔔 已触发 message_received.emit()
2025-06-30 10:49:27 [root] [DEBUG] [ui.py:147]  📨 接收到消息: 可以啊 反正我也没用 来自 巴啦啦抠脚堡
2025-06-30 10:49:27 [wxauto] [DEBUG] [wx.py:205]  [friend text]获取到新消息：巴啦啦抠脚堡 - [动画表情]
2025-06-30 10:49:27 [root] [DEBUG] [ui.py:147]  📨 接收到消息: 可以啊 反正我也没用 来自 巴啦啦抠脚堡
2025-06-30 10:49:27 [root] [DEBUG] [ui.py:116]  📊 正在向表格插入数据: 2025-06-30 10:49:27, 巴啦啦抠脚堡, ツ, 可以啊 反正我也没用
2025-06-30 10:49:27 [root] [DEBUG] [ui.py:116]  📊 正在向表格插入数据: 2025-06-30 10:49:27, 巴啦啦抠脚堡, ツ, 可以啊 反正我也没用
2025-06-30 10:49:27 [WeChatBot] [INFO] [main.py:19]  📩 收到消息事件：[动画表情] 来自 巴啦啦抠脚堡
2025-06-30 10:49:27 [root] [DEBUG] [ui.py:147]  📨 接收到消息: [动画表情] 来自 巴啦啦抠脚堡
2025-06-30 10:49:27 [WeChatBot] [DEBUG] [main.py:21]  🔔 已触发 message_received.emit()
2025-06-30 10:49:27 [root] [DEBUG] [ui.py:147]  📨 接收到消息: [动画表情] 来自 巴啦啦抠脚堡
2025-06-30 10:49:27 [root] [DEBUG] [ui.py:116]  📊 正在向表格插入数据: 2025-06-30 10:49:27, 巴啦啦抠脚堡, ツ, [动画表情]
2025-06-30 10:49:27 [root] [DEBUG] [ui.py:116]  📊 正在向表格插入数据: 2025-06-30 10:49:27, 巴啦啦抠脚堡, ツ, [动画表情]
2025-06-30 10:49:27 [WeChatBot] [INFO] [main.py:19]  📩 收到消息事件：[动画表情] 来自 巴啦啦抠脚堡
2025-06-30 10:49:27 [WeChatBot] [DEBUG] [main.py:21]  🔔 已触发 message_received.emit()
2025-06-30 10:49:27 [root] [DEBUG] [ui.py:147]  📨 接收到消息: [动画表情] 来自 巴啦啦抠脚堡
2025-06-30 10:49:27 [root] [DEBUG] [ui.py:147]  📨 接收到消息: [动画表情] 来自 巴啦啦抠脚堡
2025-06-30 10:49:27 [root] [DEBUG] [ui.py:116]  📊 正在向表格插入数据: 2025-06-30 10:49:27, 巴啦啦抠脚堡, ツ, [动画表情]
2025-06-30 10:49:27 [root] [DEBUG] [ui.py:116]  📊 正在向表格插入数据: 2025-06-30 10:49:27, 巴啦啦抠脚堡, ツ, [动画表情]
2025-06-30 10:49:35 [wxauto] [DEBUG] [wx.py:205]  [friend text]获取到新消息：巴啦啦抠脚堡 - [动画表情]
2025-06-30 10:49:35 [wxauto] [DEBUG] [wx.py:205]  [friend text]获取到新消息：巴啦啦抠脚堡 - [动画表情]
2025-06-30 10:49:35 [WeChatBot] [INFO] [main.py:19]  📩 收到消息事件：[动画表情] 来自 巴啦啦抠脚堡
2025-06-30 10:49:35 [WeChatBot] [DEBUG] [main.py:21]  🔔 已触发 message_received.emit()
2025-06-30 10:49:35 [root] [DEBUG] [ui.py:147]  📨 接收到消息: [动画表情] 来自 巴啦啦抠脚堡
2025-06-30 10:49:35 [root] [DEBUG] [ui.py:147]  📨 接收到消息: [动画表情] 来自 巴啦啦抠脚堡
2025-06-30 10:49:35 [root] [DEBUG] [ui.py:116]  📊 正在向表格插入数据: 2025-06-30 10:49:35, 巴啦啦抠脚堡, ???, [动画表情]
2025-06-30 10:49:35 [root] [DEBUG] [ui.py:116]  📊 正在向表格插入数据: 2025-06-30 10:49:35, 巴啦啦抠脚堡, ???, [动画表情]
2025-06-30 10:49:35 [WeChatBot] [INFO] [main.py:19]  📩 收到消息事件：[动画表情] 来自 巴啦啦抠脚堡
2025-06-30 10:49:35 [WeChatBot] [DEBUG] [main.py:21]  🔔 已触发 message_received.emit()
2025-06-30 10:49:35 [root] [DEBUG] [ui.py:147]  📨 接收到消息: [动画表情] 来自 巴啦啦抠脚堡
2025-06-30 10:49:35 [root] [DEBUG] [ui.py:147]  📨 接收到消息: [动画表情] 来自 巴啦啦抠脚堡
2025-06-30 10:49:35 [root] [DEBUG] [ui.py:116]  📊 正在向表格插入数据: 2025-06-30 10:49:35, 巴啦啦抠脚堡, ???, [动画表情]
2025-06-30 10:49:35 [root] [DEBUG] [ui.py:116]  📊 正在向表格插入数据: 2025-06-30 10:49:35, 巴啦啦抠脚堡, ???, [动画表情]
2025-06-30 10:49:49 [wxauto] [DEBUG] [wx.py:205]  [system base]获取到新消息：巴啦啦抠脚堡 - 以下为新消息
2025-06-30 10:49:49 [WeChatBot] [INFO] [main.py:19]  📩 收到消息事件：以下为新消息 来自 巴啦啦抠脚堡
2025-06-30 10:49:49 [WeChatBot] [DEBUG] [main.py:21]  🔔 已触发 message_received.emit()
2025-06-30 10:49:49 [wxauto] [DEBUG] [wx.py:205]  [friend image]获取到新消息：巴啦啦抠脚堡 - [图片]
2025-06-30 10:49:49 [root] [DEBUG] [ui.py:147]  📨 接收到消息: 以下为新消息 来自 巴啦啦抠脚堡
2025-06-30 10:49:49 [root] [DEBUG] [ui.py:147]  📨 接收到消息: 以下为新消息 来自 巴啦啦抠脚堡
2025-06-30 10:49:49 [root] [DEBUG] [ui.py:116]  📊 正在向表格插入数据: 2025-06-30 10:49:49, 巴啦啦抠脚堡, system, 以下为新消息
2025-06-30 10:49:49 [root] [DEBUG] [ui.py:116]  📊 正在向表格插入数据: 2025-06-30 10:49:49, 巴啦啦抠脚堡, system, 以下为新消息
2025-06-30 10:49:49 [wxauto] [DEBUG] [wx.py:205]  [system base]获取到新消息：巴啦啦抠脚堡 - 以下为新消息
2025-06-30 10:49:49 [WeChatBot] [INFO] [main.py:19]  📩 收到消息事件：[图片] 来自 巴啦啦抠脚堡
2025-06-30 10:49:49 [WeChatBot] [DEBUG] [main.py:21]  🔔 已触发 message_received.emit()
2025-06-30 10:49:49 [root] [DEBUG] [ui.py:147]  📨 接收到消息: [图片] 来自 巴啦啦抠脚堡
2025-06-30 10:49:49 [root] [DEBUG] [ui.py:147]  📨 接收到消息: [图片] 来自 巴啦啦抠脚堡
2025-06-30 10:49:49 [root] [DEBUG] [ui.py:116]  📊 正在向表格插入数据: 2025-06-30 10:49:49, 巴啦啦抠脚堡, ツ, [图片]
2025-06-30 10:49:49 [root] [DEBUG] [ui.py:116]  📊 正在向表格插入数据: 2025-06-30 10:49:49, 巴啦啦抠脚堡, ツ, [图片]
2025-06-30 10:49:49 [WeChatBot] [INFO] [main.py:19]  📩 收到消息事件：以下为新消息 来自 巴啦啦抠脚堡
2025-06-30 10:49:49 [WeChatBot] [DEBUG] [main.py:21]  🔔 已触发 message_received.emit()
2025-06-30 10:49:49 [wxauto] [DEBUG] [wx.py:205]  [friend image]获取到新消息：巴啦啦抠脚堡 - [图片]
2025-06-30 10:49:49 [root] [DEBUG] [ui.py:147]  📨 接收到消息: 以下为新消息 来自 巴啦啦抠脚堡
2025-06-30 10:49:49 [root] [DEBUG] [ui.py:147]  📨 接收到消息: 以下为新消息 来自 巴啦啦抠脚堡
2025-06-30 10:49:49 [root] [DEBUG] [ui.py:116]  📊 正在向表格插入数据: 2025-06-30 10:49:49, 巴啦啦抠脚堡, system, 以下为新消息
2025-06-30 10:49:49 [root] [DEBUG] [ui.py:116]  📊 正在向表格插入数据: 2025-06-30 10:49:49, 巴啦啦抠脚堡, system, 以下为新消息
2025-06-30 10:49:49 [WeChatBot] [INFO] [main.py:19]  📩 收到消息事件：[图片] 来自 巴啦啦抠脚堡
2025-06-30 10:49:49 [WeChatBot] [DEBUG] [main.py:21]  🔔 已触发 message_received.emit()
2025-06-30 10:49:49 [root] [DEBUG] [ui.py:147]  📨 接收到消息: [图片] 来自 巴啦啦抠脚堡
2025-06-30 10:49:49 [root] [DEBUG] [ui.py:147]  📨 接收到消息: [图片] 来自 巴啦啦抠脚堡
2025-06-30 10:49:49 [root] [DEBUG] [ui.py:116]  📊 正在向表格插入数据: 2025-06-30 10:49:49, 巴啦啦抠脚堡, ツ, [图片]
2025-06-30 10:49:49 [root] [DEBUG] [ui.py:116]  📊 正在向表格插入数据: 2025-06-30 10:49:49, 巴啦啦抠脚堡, ツ, [图片]
2025-06-30 10:50:53 [wxauto] [DEBUG] [wx.py:205]  [system base]获取到新消息：巴啦啦抠脚堡 - 以下为新消息
2025-06-30 10:50:53 [WeChatBot] [INFO] [main.py:19]  📩 收到消息事件：以下为新消息 来自 巴啦啦抠脚堡
2025-06-30 10:50:53 [root] [DEBUG] [ui.py:147]  📨 接收到消息: 以下为新消息 来自 巴啦啦抠脚堡
2025-06-30 10:50:53 [WeChatBot] [DEBUG] [main.py:21]  🔔 已触发 message_received.emit()
2025-06-30 10:50:53 [wxauto] [DEBUG] [wx.py:205]  [friend text]获取到新消息：巴啦啦抠脚堡 - 你研究研究 你之前那个订单
2025-06-30 10:50:53 [root] [DEBUG] [ui.py:147]  📨 接收到消息: 以下为新消息 来自 巴啦啦抠脚堡
2025-06-30 10:50:53 [root] [DEBUG] [ui.py:116]  📊 正在向表格插入数据: 2025-06-30 10:50:53, 巴啦啦抠脚堡, system, 以下为新消息
2025-06-30 10:50:53 [root] [DEBUG] [ui.py:116]  📊 正在向表格插入数据: 2025-06-30 10:50:53, 巴啦啦抠脚堡, system, 以下为新消息
2025-06-30 10:50:53 [wxauto] [DEBUG] [wx.py:205]  [system base]获取到新消息：巴啦啦抠脚堡 - 以下为新消息
2025-06-30 10:50:53 [WeChatBot] [INFO] [main.py:19]  📩 收到消息事件：你研究研究 你之前那个订单 来自 巴啦啦抠脚堡
2025-06-30 10:50:53 [root] [DEBUG] [ui.py:147]  📨 接收到消息: 你研究研究 你之前那个订单 来自 巴啦啦抠脚堡
2025-06-30 10:50:53 [WeChatBot] [DEBUG] [main.py:21]  🔔 已触发 message_received.emit()
2025-06-30 10:50:53 [root] [DEBUG] [ui.py:147]  📨 接收到消息: 你研究研究 你之前那个订单 来自 巴啦啦抠脚堡
2025-06-30 10:50:53 [root] [DEBUG] [ui.py:116]  📊 正在向表格插入数据: 2025-06-30 10:50:53, 巴啦啦抠脚堡, ツ, 你研究研究 你之前那个订单
2025-06-30 10:50:53 [root] [DEBUG] [ui.py:116]  📊 正在向表格插入数据: 2025-06-30 10:50:53, 巴啦啦抠脚堡, ツ, 你研究研究 你之前那个订单
2025-06-30 10:50:53 [WeChatBot] [INFO] [main.py:19]  📩 收到消息事件：以下为新消息 来自 巴啦啦抠脚堡
2025-06-30 10:50:53 [WeChatBot] [DEBUG] [main.py:21]  🔔 已触发 message_received.emit()
2025-06-30 10:50:53 [wxauto] [DEBUG] [wx.py:205]  [friend text]获取到新消息：巴啦啦抠脚堡 - 你研究研究 你之前那个订单
2025-06-30 10:50:53 [root] [DEBUG] [ui.py:147]  📨 接收到消息: 以下为新消息 来自 巴啦啦抠脚堡
2025-06-30 10:50:53 [root] [DEBUG] [ui.py:147]  📨 接收到消息: 以下为新消息 来自 巴啦啦抠脚堡
2025-06-30 10:50:53 [root] [DEBUG] [ui.py:116]  📊 正在向表格插入数据: 2025-06-30 10:50:53, 巴啦啦抠脚堡, system, 以下为新消息
2025-06-30 10:50:53 [root] [DEBUG] [ui.py:116]  📊 正在向表格插入数据: 2025-06-30 10:50:53, 巴啦啦抠脚堡, system, 以下为新消息
2025-06-30 10:50:53 [WeChatBot] [INFO] [main.py:19]  📩 收到消息事件：你研究研究 你之前那个订单 来自 巴啦啦抠脚堡
2025-06-30 10:50:53 [WeChatBot] [DEBUG] [main.py:21]  🔔 已触发 message_received.emit()
2025-06-30 10:50:53 [root] [DEBUG] [ui.py:147]  📨 接收到消息: 你研究研究 你之前那个订单 来自 巴啦啦抠脚堡
2025-06-30 10:50:53 [root] [DEBUG] [ui.py:147]  📨 接收到消息: 你研究研究 你之前那个订单 来自 巴啦啦抠脚堡
2025-06-30 10:50:53 [root] [DEBUG] [ui.py:116]  📊 正在向表格插入数据: 2025-06-30 10:50:53, 巴啦啦抠脚堡, ツ, 你研究研究 你之前那个订单
2025-06-30 10:50:53 [root] [DEBUG] [ui.py:116]  📊 正在向表格插入数据: 2025-06-30 10:50:53, 巴啦啦抠脚堡, ツ, 你研究研究 你之前那个订单
2025-06-30 10:50:56 [wxauto] [DEBUG] [wx.py:205]  [friend text]获取到新消息：巴啦啦抠脚堡 - 是这个地址吗
2025-06-30 10:50:56 [WeChatBot] [INFO] [main.py:19]  📩 收到消息事件：是这个地址吗 来自 巴啦啦抠脚堡
2025-06-30 10:50:56 [WeChatBot] [DEBUG] [main.py:21]  🔔 已触发 message_received.emit()
2025-06-30 10:50:56 [root] [DEBUG] [ui.py:147]  📨 接收到消息: 是这个地址吗 来自 巴啦啦抠脚堡
2025-06-30 10:50:56 [root] [DEBUG] [ui.py:147]  📨 接收到消息: 是这个地址吗 来自 巴啦啦抠脚堡
2025-06-30 10:50:56 [root] [DEBUG] [ui.py:116]  📊 正在向表格插入数据: 2025-06-30 10:50:56, 巴啦啦抠脚堡, ツ, 是这个地址吗
2025-06-30 10:50:56 [root] [DEBUG] [ui.py:116]  📊 正在向表格插入数据: 2025-06-30 10:50:56, 巴啦啦抠脚堡, ツ, 是这个地址吗
2025-06-30 10:51:16 [wxauto] [DEBUG] [wx.py:205]  [friend image]获取到新消息：巴啦啦抠脚堡 - [图片]
2025-06-30 10:51:16 [WeChatBot] [INFO] [main.py:19]  📩 收到消息事件：[图片] 来自 巴啦啦抠脚堡
2025-06-30 10:51:16 [WeChatBot] [DEBUG] [main.py:21]  🔔 已触发 message_received.emit()
2025-06-30 10:51:16 [root] [DEBUG] [ui.py:147]  📨 接收到消息: [图片] 来自 巴啦啦抠脚堡
2025-06-30 10:51:16 [root] [DEBUG] [ui.py:147]  📨 接收到消息: [图片] 来自 巴啦啦抠脚堡
2025-06-30 10:51:16 [root] [DEBUG] [ui.py:116]  📊 正在向表格插入数据: 2025-06-30 10:51:16, 巴啦啦抠脚堡, ツ, [图片]
2025-06-30 10:51:16 [root] [DEBUG] [ui.py:116]  📊 正在向表格插入数据: 2025-06-30 10:51:16, 巴啦啦抠脚堡, ツ, [图片]
2025-06-30 10:51:16 [wxauto] [DEBUG] [wx.py:205]  [friend image]获取到新消息：巴啦啦抠脚堡 - [图片]
2025-06-30 10:51:16 [WeChatBot] [INFO] [main.py:19]  📩 收到消息事件：[图片] 来自 巴啦啦抠脚堡
2025-06-30 10:51:16 [WeChatBot] [DEBUG] [main.py:21]  🔔 已触发 message_received.emit()
2025-06-30 10:51:16 [root] [DEBUG] [ui.py:147]  📨 接收到消息: [图片] 来自 巴啦啦抠脚堡
2025-06-30 10:51:16 [root] [DEBUG] [ui.py:147]  📨 接收到消息: [图片] 来自 巴啦啦抠脚堡
2025-06-30 10:51:16 [root] [DEBUG] [ui.py:116]  📊 正在向表格插入数据: 2025-06-30 10:51:16, 巴啦啦抠脚堡, ツ, [图片]
2025-06-30 10:51:16 [root] [DEBUG] [ui.py:116]  📊 正在向表格插入数据: 2025-06-30 10:51:16, 巴啦啦抠脚堡, ツ, [图片]
2025-06-30 10:51:22 [wxauto] [DEBUG] [wx.py:205]  [friend text]获取到新消息：巴啦啦抠脚堡 - 东莞？
2025-06-30 10:51:22 [WeChatBot] [INFO] [main.py:19]  📩 收到消息事件：东莞？ 来自 巴啦啦抠脚堡
2025-06-30 10:51:22 [WeChatBot] [DEBUG] [main.py:21]  🔔 已触发 message_received.emit()
2025-06-30 10:51:22 [root] [DEBUG] [ui.py:147]  📨 接收到消息: 东莞？ 来自 巴啦啦抠脚堡
2025-06-30 10:51:22 [root] [DEBUG] [ui.py:147]  📨 接收到消息: 东莞？ 来自 巴啦啦抠脚堡
2025-06-30 10:51:22 [root] [DEBUG] [ui.py:116]  📊 正在向表格插入数据: 2025-06-30 10:51:22, 巴啦啦抠脚堡, ツ, 东莞？
2025-06-30 10:51:22 [root] [DEBUG] [ui.py:116]  📊 正在向表格插入数据: 2025-06-30 10:51:22, 巴啦啦抠脚堡, ツ, 东莞？
2025-06-30 10:52:24 [wxauto] [DEBUG] [wx.py:205]  [self text]获取到新消息：巴啦啦抠脚堡 - 之前从深圳寄的
2025-06-30 10:52:24 [WeChatBot] [INFO] [main.py:19]  📩 收到消息事件：之前从深圳寄的 来自 巴啦啦抠脚堡
2025-06-30 10:52:24 [WeChatBot] [DEBUG] [main.py:21]  🔔 已触发 message_received.emit()
2025-06-30 10:52:24 [root] [DEBUG] [ui.py:147]  📨 接收到消息: 之前从深圳寄的 来自 巴啦啦抠脚堡
2025-06-30 10:52:24 [root] [DEBUG] [ui.py:147]  📨 接收到消息: 之前从深圳寄的 来自 巴啦啦抠脚堡
2025-06-30 10:52:24 [root] [DEBUG] [ui.py:116]  📊 正在向表格插入数据: 2025-06-30 10:52:24, 巴啦啦抠脚堡, self, 之前从深圳寄的
2025-06-30 10:52:24 [root] [DEBUG] [ui.py:116]  📊 正在向表格插入数据: 2025-06-30 10:52:24, 巴啦啦抠脚堡, self, 之前从深圳寄的
2025-06-30 10:52:57 [wxauto] [DEBUG] [wx.py:205]  [self text]获取到新消息：巴啦啦抠脚堡 - 今天刚到吗
2025-06-30 10:52:57 [WeChatBot] [INFO] [main.py:19]  📩 收到消息事件：今天刚到吗 来自 巴啦啦抠脚堡
2025-06-30 10:52:57 [WeChatBot] [DEBUG] [main.py:21]  🔔 已触发 message_received.emit()
2025-06-30 10:52:57 [root] [DEBUG] [ui.py:147]  📨 接收到消息: 今天刚到吗 来自 巴啦啦抠脚堡
2025-06-30 10:52:57 [root] [DEBUG] [ui.py:147]  📨 接收到消息: 今天刚到吗 来自 巴啦啦抠脚堡
2025-06-30 10:52:57 [root] [DEBUG] [ui.py:116]  📊 正在向表格插入数据: 2025-06-30 10:52:57, 巴啦啦抠脚堡, self, 今天刚到吗
2025-06-30 10:52:57 [root] [DEBUG] [ui.py:116]  📊 正在向表格插入数据: 2025-06-30 10:52:57, 巴啦啦抠脚堡, self, 今天刚到吗
2025-06-30 10:53:53 [wxauto] [DEBUG] [wx.py:205]  [system base]获取到新消息：巴啦啦抠脚堡 - 以下为新消息
2025-06-30 10:53:53 [WeChatBot] [INFO] [main.py:19]  📩 收到消息事件：以下为新消息 来自 巴啦啦抠脚堡
2025-06-30 10:53:53 [WeChatBot] [DEBUG] [main.py:21]  🔔 已触发 message_received.emit()
2025-06-30 10:53:53 [wxauto] [DEBUG] [wx.py:205]  [friend text]获取到新消息：巴啦啦抠脚堡 - 不知道啊 
2025-06-30 10:53:53 [root] [DEBUG] [ui.py:147]  📨 接收到消息: 以下为新消息 来自 巴啦啦抠脚堡
2025-06-30 10:53:53 [root] [DEBUG] [ui.py:147]  📨 接收到消息: 以下为新消息 来自 巴啦啦抠脚堡
2025-06-30 10:53:53 [root] [DEBUG] [ui.py:116]  📊 正在向表格插入数据: 2025-06-30 10:53:53, 巴啦啦抠脚堡, system, 以下为新消息
2025-06-30 10:53:53 [root] [DEBUG] [ui.py:116]  📊 正在向表格插入数据: 2025-06-30 10:53:53, 巴啦啦抠脚堡, system, 以下为新消息
2025-06-30 10:53:53 [WeChatBot] [INFO] [main.py:19]  📩 收到消息事件：不知道啊  来自 巴啦啦抠脚堡
2025-06-30 10:53:53 [WeChatBot] [DEBUG] [main.py:21]  🔔 已触发 message_received.emit()
2025-06-30 10:53:53 [root] [DEBUG] [ui.py:147]  📨 接收到消息: 不知道啊  来自 巴啦啦抠脚堡
2025-06-30 10:53:53 [root] [DEBUG] [ui.py:147]  📨 接收到消息: 不知道啊  来自 巴啦啦抠脚堡
2025-06-30 10:53:53 [root] [DEBUG] [ui.py:116]  📊 正在向表格插入数据: 2025-06-30 10:53:53, 巴啦啦抠脚堡, ツ, 不知道啊 
2025-06-30 10:53:53 [root] [DEBUG] [ui.py:116]  📊 正在向表格插入数据: 2025-06-30 10:53:53, 巴啦啦抠脚堡, ツ, 不知道啊 
2025-06-30 10:54:10 [wxauto] [DEBUG] [wx.py:205]  [system base]获取到新消息：巴啦啦抠脚堡 - 以下为新消息
2025-06-30 10:54:10 [WeChatBot] [INFO] [main.py:19]  📩 收到消息事件：以下为新消息 来自 巴啦啦抠脚堡
2025-06-30 10:54:10 [WeChatBot] [DEBUG] [main.py:21]  🔔 已触发 message_received.emit()
2025-06-30 10:54:10 [wxauto] [DEBUG] [wx.py:205]  [friend text]获取到新消息：巴啦啦抠脚堡 - 是你之前的订单 送的材料吧
2025-06-30 10:54:10 [root] [DEBUG] [ui.py:147]  📨 接收到消息: 以下为新消息 来自 巴啦啦抠脚堡
2025-06-30 10:54:10 [root] [DEBUG] [ui.py:147]  📨 接收到消息: 以下为新消息 来自 巴啦啦抠脚堡
2025-06-30 10:54:10 [root] [DEBUG] [ui.py:116]  📊 正在向表格插入数据: 2025-06-30 10:54:10, 巴啦啦抠脚堡, system, 以下为新消息
2025-06-30 10:54:10 [root] [DEBUG] [ui.py:116]  📊 正在向表格插入数据: 2025-06-30 10:54:10, 巴啦啦抠脚堡, system, 以下为新消息
2025-06-30 10:54:10 [WeChatBot] [INFO] [main.py:19]  📩 收到消息事件：是你之前的订单 送的材料吧 来自 巴啦啦抠脚堡
2025-06-30 10:54:10 [WeChatBot] [DEBUG] [main.py:21]  🔔 已触发 message_received.emit()
2025-06-30 10:54:10 [root] [DEBUG] [ui.py:147]  📨 接收到消息: 是你之前的订单 送的材料吧 来自 巴啦啦抠脚堡
2025-06-30 10:54:10 [root] [DEBUG] [ui.py:147]  📨 接收到消息: 是你之前的订单 送的材料吧 来自 巴啦啦抠脚堡
2025-06-30 10:54:10 [root] [DEBUG] [ui.py:116]  📊 正在向表格插入数据: 2025-06-30 10:54:10, 巴啦啦抠脚堡, ツ, 是你之前的订单 送的材料吧
2025-06-30 10:54:10 [root] [DEBUG] [ui.py:116]  📊 正在向表格插入数据: 2025-06-30 10:54:10, 巴啦啦抠脚堡, ツ, 是你之前的订单 送的材料吧
2025-06-30 10:54:28 [wxauto] [DEBUG] [wx.py:205]  [self text]获取到新消息：巴啦啦抠脚堡 - 刚到的也隔太久了
2025-06-30 10:54:28 [WeChatBot] [INFO] [main.py:19]  📩 收到消息事件：刚到的也隔太久了 来自 巴啦啦抠脚堡
2025-06-30 10:54:28 [WeChatBot] [DEBUG] [main.py:21]  🔔 已触发 message_received.emit()
2025-06-30 10:54:28 [root] [DEBUG] [ui.py:147]  📨 接收到消息: 刚到的也隔太久了 来自 巴啦啦抠脚堡
2025-06-30 10:54:28 [root] [DEBUG] [ui.py:147]  📨 接收到消息: 刚到的也隔太久了 来自 巴啦啦抠脚堡
2025-06-30 10:54:28 [root] [DEBUG] [ui.py:116]  📊 正在向表格插入数据: 2025-06-30 10:54:28, 巴啦啦抠脚堡, self, 刚到的也隔太久了
2025-06-30 10:54:28 [root] [DEBUG] [ui.py:116]  📊 正在向表格插入数据: 2025-06-30 10:54:28, 巴啦啦抠脚堡, self, 刚到的也隔太久了
2025-06-30 10:54:54 [root] [INFO] [ui.py:105]  🛑 停止监听
2025-06-30 10:54:54 [wxauto] [DEBUG] [wx.py:31]  开始监听
2025-06-30 10:54:55 [root] [INFO] [ui.py:202]  🧵 线程已退出
