2025-06-26 07:51:16 [wxauto] [DEBUG] [wx.py:31]  开始监听
2025-06-26 07:51:17 [root] [DEBUG] [ui.py:179]  🔔 正在绑定 message_received 信号...
2025-06-26 07:51:17 [root] [DEBUG] [ui.py:181]  🔔 message_received 信号绑定完成
2025-06-26 07:51:17 [root] [INFO] [ui.py:185]  👂 正在监听群聊: wxauto测试
2025-06-26 07:51:17 [wxauto] [DEBUG] [main.py:175]  wxauto测试 获取到已存在的子窗口: <wxauto - WeChatSubWnd object("wxauto测试")>
2025-06-26 07:51:17 [root] [INFO] [ui.py:185]  👂 正在监听群聊: wxauto测试2
2025-06-26 07:51:17 [wxauto] [DEBUG] [main.py:175]  wxauto测试2 获取到已存在的子窗口: <wxauto - WeChatSubWnd object("wxauto测试2")>
2025-06-26 07:51:17 [root] [INFO] [ui.py:185]  👂 正在监听群聊: wxauto测试3
2025-06-26 07:51:17 [wxauto] [DEBUG] [main.py:175]  wxauto测试3 获取到已存在的子窗口: <wxauto - WeChatSubWnd object("wxauto测试3")>
2025-06-26 07:51:17 [root] [INFO] [ui.py:185]  👂 正在监听群聊: 小团体
2025-06-26 07:51:17 [wxauto] [DEBUG] [main.py:175]  小团体 获取到已存在的子窗口: <wxauto - WeChatSubWnd object("小团体")>
2025-06-26 07:51:17 [root] [INFO] [ui.py:185]  👂 正在监听群聊: 巴啦啦抠脚堡
2025-06-26 07:51:18 [wxauto] [DEBUG] [main.py:175]  巴啦啦抠脚堡 获取到已存在的子窗口: <wxauto - WeChatSubWnd object("巴啦啦抠脚堡")>
2025-06-26 07:51:18 [root] [INFO] [ui.py:189]  🔊 开始监听消息
2025-06-26 07:51:48 [wxauto] [DEBUG] [wx.py:205]  [system base]获取到新消息：小团体 - 以下为新消息
2025-06-26 07:51:48 [WeChatBot] [INFO] [main.py:19]  📩 收到消息事件：以下为新消息 来自 小团体
2025-06-26 07:51:48 [WeChatBot] [DEBUG] [main.py:21]  🔔 已触发 message_received.emit()
2025-06-26 07:51:48 [wxauto] [DEBUG] [wx.py:205]  [friend text]获取到新消息：小团体 - 打卡
2025-06-26 07:51:48 [root] [DEBUG] [ui.py:147]  📨 接收到消息: 以下为新消息 来自 小团体
2025-06-26 07:51:48 [root] [DEBUG] [ui.py:116]  📊 正在向表格插入数据: 2025-06-26 07:51:48, 小团体, system, 以下为新消息
2025-06-26 07:51:48 [WeChatBot] [INFO] [main.py:19]  📩 收到消息事件：打卡 来自 小团体
2025-06-26 07:51:48 [WeChatBot] [DEBUG] [main.py:21]  🔔 已触发 message_received.emit()
2025-06-26 07:51:48 [WeChatBot] [DEBUG] [main.py:27]  🛠️ 正在执行打卡功能
2025-06-26 07:51:48 [WeChatBot] [DEBUG] [checkin.py:36]  💾 准备写入打卡记录至: ./data/checkin/checkin_records_小团体.csv
2025-06-26 07:51:48 [root] [DEBUG] [ui.py:147]  📨 接收到消息: 打卡 来自 小团体
2025-06-26 07:51:48 [root] [DEBUG] [ui.py:116]  📊 正在向表格插入数据: 2025-06-26 07:51:48, 小团体, ???, 打卡
2025-06-26 07:51:48 [WeChatBot] [INFO] [checkin.py:76]  ✅ 打卡成功: ???, 连续打卡: 5 天
2025-06-26 07:51:53 [wxauto] [DEBUG] [wx.py:205]  [self text]获取到新消息：小团体 - ??? 打卡成功！时间：2025-06-26 07:51:48，已连续打卡 5 天
2025-06-26 07:51:53 [WeChatBot] [INFO] [main.py:19]  📩 收到消息事件：??? 打卡成功！时间：2025-06-26 07:51:48，已连续打卡 5 天 来自 小团体
2025-06-26 07:51:53 [root] [DEBUG] [ui.py:147]  📨 接收到消息: ??? 打卡成功！时间：2025-06-26 07:51:48，已连续打卡 5 天 来自 小团体
2025-06-26 07:51:53 [WeChatBot] [DEBUG] [main.py:21]  🔔 已触发 message_received.emit()
2025-06-26 07:51:53 [root] [DEBUG] [ui.py:116]  📊 正在向表格插入数据: 2025-06-26 07:51:53, 小团体, self, ??? 打卡成功！时间：2025-06-26 07:51:48，已连续打卡 5 天
2025-06-26 07:52:43 [wxauto] [DEBUG] [wx.py:205]  [system base]获取到新消息：巴啦啦抠脚堡 - 以下为新消息
2025-06-26 07:52:43 [WeChatBot] [INFO] [main.py:19]  📩 收到消息事件：以下为新消息 来自 巴啦啦抠脚堡
2025-06-26 07:52:43 [WeChatBot] [DEBUG] [main.py:21]  🔔 已触发 message_received.emit()
2025-06-26 07:52:43 [wxauto] [DEBUG] [wx.py:205]  [friend image]获取到新消息：巴啦啦抠脚堡 - [图片]
2025-06-26 07:52:43 [root] [DEBUG] [ui.py:147]  📨 接收到消息: 以下为新消息 来自 巴啦啦抠脚堡
2025-06-26 07:52:43 [root] [DEBUG] [ui.py:116]  📊 正在向表格插入数据: 2025-06-26 07:52:43, 巴啦啦抠脚堡, system, 以下为新消息
2025-06-26 07:52:43 [WeChatBot] [INFO] [main.py:19]  📩 收到消息事件：[图片] 来自 巴啦啦抠脚堡
2025-06-26 07:52:43 [WeChatBot] [DEBUG] [main.py:21]  🔔 已触发 message_received.emit()
2025-06-26 07:52:43 [root] [DEBUG] [ui.py:147]  📨 接收到消息: [图片] 来自 巴啦啦抠脚堡
2025-06-26 07:52:43 [root] [DEBUG] [ui.py:116]  📊 正在向表格插入数据: 2025-06-26 07:52:43, 巴啦啦抠脚堡, ???, [图片]
2025-06-26 07:52:48 [wxauto] [DEBUG] [wx.py:205]  [system base]获取到新消息：巴啦啦抠脚堡 - 以下为新消息
2025-06-26 07:52:48 [WeChatBot] [INFO] [main.py:19]  📩 收到消息事件：以下为新消息 来自 巴啦啦抠脚堡
2025-06-26 07:52:48 [root] [DEBUG] [ui.py:147]  📨 接收到消息: 以下为新消息 来自 巴啦啦抠脚堡
2025-06-26 07:52:48 [WeChatBot] [DEBUG] [main.py:21]  🔔 已触发 message_received.emit()
2025-06-26 07:52:48 [wxauto] [DEBUG] [wx.py:205]  [friend text]获取到新消息：巴啦啦抠脚堡 - 打卡
2025-06-26 07:52:48 [root] [DEBUG] [ui.py:116]  📊 正在向表格插入数据: 2025-06-26 07:52:48, 巴啦啦抠脚堡, system, 以下为新消息
2025-06-26 07:52:48 [WeChatBot] [INFO] [main.py:19]  📩 收到消息事件：打卡 来自 巴啦啦抠脚堡
2025-06-26 07:52:48 [root] [DEBUG] [ui.py:147]  📨 接收到消息: 打卡 来自 巴啦啦抠脚堡
2025-06-26 07:52:48 [WeChatBot] [DEBUG] [main.py:21]  🔔 已触发 message_received.emit()
2025-06-26 07:52:48 [root] [DEBUG] [ui.py:116]  📊 正在向表格插入数据: 2025-06-26 07:52:48, 巴啦啦抠脚堡, ???, 打卡
2025-06-26 07:52:48 [WeChatBot] [DEBUG] [main.py:27]  🛠️ 正在执行打卡功能
2025-06-26 07:52:48 [WeChatBot] [DEBUG] [checkin.py:36]  💾 准备写入打卡记录至: ./data/checkin/checkin_records_巴啦啦抠脚堡.csv
2025-06-26 07:52:48 [WeChatBot] [INFO] [checkin.py:76]  ✅ 打卡成功: ???, 连续打卡: 5 天
2025-06-26 07:52:53 [wxauto] [DEBUG] [wx.py:205]  [self text]获取到新消息：巴啦啦抠脚堡 - ??? 打卡成功！时间：2025-06-26 07:52:48，已连续打卡 5 天
2025-06-26 07:52:53 [WeChatBot] [INFO] [main.py:19]  📩 收到消息事件：??? 打卡成功！时间：2025-06-26 07:52:48，已连续打卡 5 天 来自 巴啦啦抠脚堡
2025-06-26 07:52:53 [WeChatBot] [DEBUG] [main.py:21]  🔔 已触发 message_received.emit()
2025-06-26 07:52:53 [root] [DEBUG] [ui.py:147]  📨 接收到消息: ??? 打卡成功！时间：2025-06-26 07:52:48，已连续打卡 5 天 来自 巴啦啦抠脚堡
2025-06-26 07:52:53 [root] [DEBUG] [ui.py:116]  📊 正在向表格插入数据: 2025-06-26 07:52:53, 巴啦啦抠脚堡, self, ??? 打卡成功！时间：2025-06-26 07:52:48，已连续打卡 5 天
2025-06-26 08:06:43 [wxauto] [DEBUG] [wx.py:205]  [system base]获取到新消息：巴啦啦抠脚堡 - 以下为新消息
2025-06-26 08:06:43 [WeChatBot] [INFO] [main.py:19]  📩 收到消息事件：以下为新消息 来自 巴啦啦抠脚堡
2025-06-26 08:06:43 [root] [DEBUG] [ui.py:147]  📨 接收到消息: 以下为新消息 来自 巴啦啦抠脚堡
2025-06-26 08:06:43 [WeChatBot] [DEBUG] [main.py:21]  🔔 已触发 message_received.emit()
2025-06-26 08:06:43 [wxauto] [DEBUG] [wx.py:205]  [friend text]获取到新消息：巴啦啦抠脚堡 - 打卡
2025-06-26 08:06:43 [root] [DEBUG] [ui.py:116]  📊 正在向表格插入数据: 2025-06-26 08:06:43, 巴啦啦抠脚堡, system, 以下为新消息
2025-06-26 08:06:43 [WeChatBot] [INFO] [main.py:19]  📩 收到消息事件：打卡 来自 巴啦啦抠脚堡
2025-06-26 08:06:43 [WeChatBot] [DEBUG] [main.py:21]  🔔 已触发 message_received.emit()
2025-06-26 08:06:43 [WeChatBot] [DEBUG] [main.py:27]  🛠️ 正在执行打卡功能
2025-06-26 08:06:43 [WeChatBot] [DEBUG] [checkin.py:36]  💾 准备写入打卡记录至: ./data/checkin/checkin_records_巴啦啦抠脚堡.csv
2025-06-26 08:06:43 [root] [DEBUG] [ui.py:147]  📨 接收到消息: 打卡 来自 巴啦啦抠脚堡
2025-06-26 08:06:43 [root] [DEBUG] [ui.py:116]  📊 正在向表格插入数据: 2025-06-26 08:06:43, 巴啦啦抠脚堡, Gesla, 打卡
2025-06-26 08:06:43 [WeChatBot] [INFO] [checkin.py:76]  ✅ 打卡成功: Gesla, 连续打卡: 5 天
2025-06-26 08:06:46 [wxauto] [DEBUG] [wx.py:205]  [self text]获取到新消息：巴啦啦抠脚堡 - Gesla 打卡成功！时间：2025-06-26 08:06:43，已连续打卡 5 天
2025-06-26 08:06:46 [WeChatBot] [INFO] [main.py:19]  📩 收到消息事件：Gesla 打卡成功！时间：2025-06-26 08:06:43，已连续打卡 5 天 来自 巴啦啦抠脚堡
2025-06-26 08:06:46 [WeChatBot] [DEBUG] [main.py:21]  🔔 已触发 message_received.emit()
2025-06-26 08:06:46 [root] [DEBUG] [ui.py:147]  📨 接收到消息: Gesla 打卡成功！时间：2025-06-26 08:06:43，已连续打卡 5 天 来自 巴啦啦抠脚堡
2025-06-26 08:06:46 [root] [DEBUG] [ui.py:116]  📊 正在向表格插入数据: 2025-06-26 08:06:46, 巴啦啦抠脚堡, self, Gesla 打卡成功！时间：2025-06-26 08:06:43，已连续打卡 5 天
2025-06-26 08:30:43 [wxauto] [DEBUG] [wx.py:205]  [system base]获取到新消息：巴啦啦抠脚堡 - 以下为新消息
2025-06-26 08:30:43 [WeChatBot] [INFO] [main.py:19]  📩 收到消息事件：以下为新消息 来自 巴啦啦抠脚堡
2025-06-26 08:30:43 [WeChatBot] [DEBUG] [main.py:21]  🔔 已触发 message_received.emit()
2025-06-26 08:30:43 [wxauto] [DEBUG] [wx.py:205]  [friend text]获取到新消息：巴啦啦抠脚堡 - 打卡
2025-06-26 08:30:43 [root] [DEBUG] [ui.py:147]  📨 接收到消息: 以下为新消息 来自 巴啦啦抠脚堡
2025-06-26 08:30:43 [root] [DEBUG] [ui.py:116]  📊 正在向表格插入数据: 2025-06-26 08:30:43, 巴啦啦抠脚堡, system, 以下为新消息
2025-06-26 08:30:43 [WeChatBot] [INFO] [main.py:19]  📩 收到消息事件：打卡 来自 巴啦啦抠脚堡
2025-06-26 08:30:43 [WeChatBot] [DEBUG] [main.py:21]  🔔 已触发 message_received.emit()
2025-06-26 08:30:43 [WeChatBot] [DEBUG] [main.py:27]  🛠️ 正在执行打卡功能
2025-06-26 08:30:43 [WeChatBot] [DEBUG] [checkin.py:36]  💾 准备写入打卡记录至: ./data/checkin/checkin_records_巴啦啦抠脚堡.csv
2025-06-26 08:30:43 [root] [DEBUG] [ui.py:147]  📨 接收到消息: 打卡 来自 巴啦啦抠脚堡
2025-06-26 08:30:43 [root] [DEBUG] [ui.py:116]  📊 正在向表格插入数据: 2025-06-26 08:30:43, 巴啦啦抠脚堡, ツ, 打卡
2025-06-26 08:30:43 [WeChatBot] [INFO] [checkin.py:76]  ✅ 打卡成功: ツ, 连续打卡: 5 天
2025-06-26 08:30:47 [wxauto] [DEBUG] [wx.py:205]  [self text]获取到新消息：巴啦啦抠脚堡 - ツ 打卡成功！时间：2025-06-26 08:30:43，已连续打卡 5 天
2025-06-26 08:30:47 [WeChatBot] [INFO] [main.py:19]  📩 收到消息事件：ツ 打卡成功！时间：2025-06-26 08:30:43，已连续打卡 5 天 来自 巴啦啦抠脚堡
2025-06-26 08:30:47 [root] [DEBUG] [ui.py:147]  📨 接收到消息: ツ 打卡成功！时间：2025-06-26 08:30:43，已连续打卡 5 天 来自 巴啦啦抠脚堡
2025-06-26 08:30:47 [WeChatBot] [DEBUG] [main.py:21]  🔔 已触发 message_received.emit()
2025-06-26 08:30:47 [root] [DEBUG] [ui.py:116]  📊 正在向表格插入数据: 2025-06-26 08:30:47, 巴啦啦抠脚堡, self, ツ 打卡成功！时间：2025-06-26 08:30:43，已连续打卡 5 天
2025-06-26 08:46:44 [wxauto] [DEBUG] [wx.py:205]  [system base]获取到新消息：巴啦啦抠脚堡 - 以下为新消息
2025-06-26 08:46:44 [WeChatBot] [INFO] [main.py:19]  📩 收到消息事件：以下为新消息 来自 巴啦啦抠脚堡
2025-06-26 08:46:44 [WeChatBot] [DEBUG] [main.py:21]  🔔 已触发 message_received.emit()
2025-06-26 08:46:44 [root] [DEBUG] [ui.py:147]  📨 接收到消息: 以下为新消息 来自 巴啦啦抠脚堡
2025-06-26 08:46:44 [wxauto] [DEBUG] [wx.py:205]  [friend text]获取到新消息：巴啦啦抠脚堡 - 已经周四了
2025-06-26 08:46:44 [root] [DEBUG] [ui.py:116]  📊 正在向表格插入数据: 2025-06-26 08:46:44, 巴啦啦抠脚堡, system, 以下为新消息
2025-06-26 08:46:44 [WeChatBot] [INFO] [main.py:19]  📩 收到消息事件：已经周四了 来自 巴啦啦抠脚堡
2025-06-26 08:46:44 [root] [DEBUG] [ui.py:147]  📨 接收到消息: 已经周四了 来自 巴啦啦抠脚堡
2025-06-26 08:46:44 [root] [DEBUG] [ui.py:116]  📊 正在向表格插入数据: 2025-06-26 08:46:44, 巴啦啦抠脚堡, ツ, 已经周四了
2025-06-26 08:46:44 [WeChatBot] [DEBUG] [main.py:21]  🔔 已触发 message_received.emit()
2025-06-26 08:46:56 [wxauto] [DEBUG] [wx.py:205]  [system base]获取到新消息：巴啦啦抠脚堡 - 以下为新消息
2025-06-26 08:46:56 [WeChatBot] [INFO] [main.py:19]  📩 收到消息事件：以下为新消息 来自 巴啦啦抠脚堡
2025-06-26 08:46:56 [WeChatBot] [DEBUG] [main.py:21]  🔔 已触发 message_received.emit()
2025-06-26 08:46:56 [wxauto] [DEBUG] [wx.py:205]  [friend text]获取到新消息：巴啦啦抠脚堡 - [动画表情]
2025-06-26 08:46:56 [root] [DEBUG] [ui.py:147]  📨 接收到消息: 以下为新消息 来自 巴啦啦抠脚堡
2025-06-26 08:46:56 [root] [DEBUG] [ui.py:116]  📊 正在向表格插入数据: 2025-06-26 08:46:56, 巴啦啦抠脚堡, system, 以下为新消息
2025-06-26 08:46:57 [WeChatBot] [INFO] [main.py:19]  📩 收到消息事件：[动画表情] 来自 巴啦啦抠脚堡
2025-06-26 08:46:57 [WeChatBot] [DEBUG] [main.py:21]  🔔 已触发 message_received.emit()
2025-06-26 08:46:57 [root] [DEBUG] [ui.py:147]  📨 接收到消息: [动画表情] 来自 巴啦啦抠脚堡
2025-06-26 08:46:57 [root] [DEBUG] [ui.py:116]  📊 正在向表格插入数据: 2025-06-26 08:46:57, 巴啦啦抠脚堡, ツ, [动画表情]
2025-06-26 08:47:03 [wxauto] [DEBUG] [wx.py:205]  [friend text]获取到新消息：巴啦啦抠脚堡 - 我以为周五了
2025-06-26 08:47:03 [WeChatBot] [INFO] [main.py:19]  📩 收到消息事件：我以为周五了 来自 巴啦啦抠脚堡
2025-06-26 08:47:03 [WeChatBot] [DEBUG] [main.py:21]  🔔 已触发 message_received.emit()
2025-06-26 08:47:03 [root] [DEBUG] [ui.py:147]  📨 接收到消息: 我以为周五了 来自 巴啦啦抠脚堡
2025-06-26 08:47:03 [root] [DEBUG] [ui.py:116]  📊 正在向表格插入数据: 2025-06-26 08:47:03, 巴啦啦抠脚堡, Gesla, 我以为周五了
2025-06-26 08:47:06 [wxauto] [DEBUG] [wx.py:205]  [system base]获取到新消息：巴啦啦抠脚堡 - 以下为新消息
2025-06-26 08:47:07 [WeChatBot] [INFO] [main.py:19]  📩 收到消息事件：以下为新消息 来自 巴啦啦抠脚堡
2025-06-26 08:47:07 [root] [DEBUG] [ui.py:147]  📨 接收到消息: 以下为新消息 来自 巴啦啦抠脚堡
2025-06-26 08:47:07 [WeChatBot] [DEBUG] [main.py:21]  🔔 已触发 message_received.emit()
2025-06-26 08:47:07 [wxauto] [DEBUG] [wx.py:205]  [friend text]获取到新消息：巴啦啦抠脚堡 - 这周好慢
2025-06-26 08:47:07 [root] [DEBUG] [ui.py:116]  📊 正在向表格插入数据: 2025-06-26 08:47:07, 巴啦啦抠脚堡, system, 以下为新消息
2025-06-26 08:47:07 [WeChatBot] [INFO] [main.py:19]  📩 收到消息事件：这周好慢 来自 巴啦啦抠脚堡
2025-06-26 08:47:07 [root] [DEBUG] [ui.py:147]  📨 接收到消息: 这周好慢 来自 巴啦啦抠脚堡
2025-06-26 08:47:07 [WeChatBot] [DEBUG] [main.py:21]  🔔 已触发 message_received.emit()
2025-06-26 08:47:07 [root] [DEBUG] [ui.py:116]  📊 正在向表格插入数据: 2025-06-26 08:47:07, 巴啦啦抠脚堡, Gesla, 这周好慢
2025-06-26 08:48:19 [wxauto] [DEBUG] [wx.py:205]  [system base]获取到新消息：巴啦啦抠脚堡 - 以下为新消息
2025-06-26 08:48:19 [WeChatBot] [INFO] [main.py:19]  📩 收到消息事件：以下为新消息 来自 巴啦啦抠脚堡
2025-06-26 08:48:19 [WeChatBot] [DEBUG] [main.py:21]  🔔 已触发 message_received.emit()
2025-06-26 08:48:19 [wxauto] [DEBUG] [wx.py:205]  [friend text]获取到新消息：巴啦啦抠脚堡 - 我觉得挺快的诶
2025-06-26 08:48:19 [root] [DEBUG] [ui.py:147]  📨 接收到消息: 以下为新消息 来自 巴啦啦抠脚堡
2025-06-26 08:48:19 [root] [DEBUG] [ui.py:116]  📊 正在向表格插入数据: 2025-06-26 08:48:19, 巴啦啦抠脚堡, system, 以下为新消息
2025-06-26 08:48:19 [WeChatBot] [INFO] [main.py:19]  📩 收到消息事件：我觉得挺快的诶 来自 巴啦啦抠脚堡
2025-06-26 08:48:19 [WeChatBot] [DEBUG] [main.py:21]  🔔 已触发 message_received.emit()
2025-06-26 08:48:19 [root] [DEBUG] [ui.py:147]  📨 接收到消息: 我觉得挺快的诶 来自 巴啦啦抠脚堡
2025-06-26 08:48:19 [root] [DEBUG] [ui.py:116]  📊 正在向表格插入数据: 2025-06-26 08:48:19, 巴啦啦抠脚堡, ツ, 我觉得挺快的诶
2025-06-26 08:52:36 [wxauto] [DEBUG] [wx.py:205]  [system base]获取到新消息：巴啦啦抠脚堡 - 以下为新消息
2025-06-26 08:52:37 [WeChatBot] [INFO] [main.py:19]  📩 收到消息事件：以下为新消息 来自 巴啦啦抠脚堡
2025-06-26 08:52:37 [WeChatBot] [DEBUG] [main.py:21]  🔔 已触发 message_received.emit()
2025-06-26 08:52:37 [wxauto] [DEBUG] [wx.py:205]  [friend other]获取到新消息：巴啦啦抠脚堡 - [聊天记录]
2025-06-26 08:52:37 [root] [DEBUG] [ui.py:147]  📨 接收到消息: 以下为新消息 来自 巴啦啦抠脚堡
2025-06-26 08:52:37 [root] [DEBUG] [ui.py:116]  📊 正在向表格插入数据: 2025-06-26 08:52:37, 巴啦啦抠脚堡, system, 以下为新消息
2025-06-26 08:52:37 [WeChatBot] [INFO] [main.py:19]  📩 收到消息事件：[聊天记录] 来自 巴啦啦抠脚堡
2025-06-26 08:52:37 [WeChatBot] [DEBUG] [main.py:21]  🔔 已触发 message_received.emit()
2025-06-26 08:52:37 [root] [DEBUG] [ui.py:147]  📨 接收到消息: [聊天记录] 来自 巴啦啦抠脚堡
2025-06-26 08:52:37 [root] [DEBUG] [ui.py:116]  📊 正在向表格插入数据: 2025-06-26 08:52:37, 巴啦啦抠脚堡, Gesla, [聊天记录]
2025-06-26 08:52:44 [wxauto] [DEBUG] [wx.py:205]  [friend text]获取到新消息：巴啦啦抠脚堡 - 一大早花了一笔大钱
2025-06-26 08:52:44 [WeChatBot] [INFO] [main.py:19]  📩 收到消息事件：一大早花了一笔大钱 来自 巴啦啦抠脚堡
2025-06-26 08:52:44 [WeChatBot] [DEBUG] [main.py:21]  🔔 已触发 message_received.emit()
2025-06-26 08:52:44 [root] [DEBUG] [ui.py:147]  📨 接收到消息: 一大早花了一笔大钱 来自 巴啦啦抠脚堡
2025-06-26 08:52:44 [root] [DEBUG] [ui.py:116]  📊 正在向表格插入数据: 2025-06-26 08:52:44, 巴啦啦抠脚堡, Gesla, 一大早花了一笔大钱
2025-06-26 08:57:42 [wxauto] [DEBUG] [wx.py:205]  [system base]获取到新消息：巴啦啦抠脚堡 - 以下为新消息
2025-06-26 08:57:42 [WeChatBot] [INFO] [main.py:19]  📩 收到消息事件：以下为新消息 来自 巴啦啦抠脚堡
2025-06-26 08:57:42 [WeChatBot] [DEBUG] [main.py:21]  🔔 已触发 message_received.emit()
2025-06-26 08:57:42 [wxauto] [DEBUG] [wx.py:205]  [friend text]获取到新消息：巴啦啦抠脚堡 - 买这个 干嘛用
2025-06-26 08:57:42 [root] [DEBUG] [ui.py:147]  📨 接收到消息: 以下为新消息 来自 巴啦啦抠脚堡
2025-06-26 08:57:42 [root] [DEBUG] [ui.py:116]  📊 正在向表格插入数据: 2025-06-26 08:57:42, 巴啦啦抠脚堡, system, 以下为新消息
2025-06-26 08:57:42 [WeChatBot] [INFO] [main.py:19]  📩 收到消息事件：买这个 干嘛用 来自 巴啦啦抠脚堡
2025-06-26 08:57:42 [root] [DEBUG] [ui.py:147]  📨 接收到消息: 买这个 干嘛用 来自 巴啦啦抠脚堡
2025-06-26 08:57:42 [root] [DEBUG] [ui.py:116]  📊 正在向表格插入数据: 2025-06-26 08:57:42, 巴啦啦抠脚堡, ツ, 买这个 干嘛用
2025-06-26 08:57:42 [WeChatBot] [DEBUG] [main.py:21]  🔔 已触发 message_received.emit()
2025-06-26 08:57:46 [wxauto] [DEBUG] [wx.py:205]  [friend text]获取到新消息：巴啦啦抠脚堡 - [动画表情]
2025-06-26 08:57:46 [WeChatBot] [INFO] [main.py:19]  📩 收到消息事件：[动画表情] 来自 巴啦啦抠脚堡
2025-06-26 08:57:46 [WeChatBot] [DEBUG] [main.py:21]  🔔 已触发 message_received.emit()
2025-06-26 08:57:46 [root] [DEBUG] [ui.py:147]  📨 接收到消息: [动画表情] 来自 巴啦啦抠脚堡
2025-06-26 08:57:46 [root] [DEBUG] [ui.py:116]  📊 正在向表格插入数据: 2025-06-26 08:57:46, 巴啦啦抠脚堡, ツ, [动画表情]
2025-06-26 08:57:50 [wxauto] [DEBUG] [wx.py:205]  [friend text]获取到新消息：巴啦啦抠脚堡 - 纪念？
2025-06-26 08:57:50 [WeChatBot] [INFO] [main.py:19]  📩 收到消息事件：纪念？ 来自 巴啦啦抠脚堡
2025-06-26 08:57:50 [WeChatBot] [DEBUG] [main.py:21]  🔔 已触发 message_received.emit()
2025-06-26 08:57:50 [root] [DEBUG] [ui.py:147]  📨 接收到消息: 纪念？ 来自 巴啦啦抠脚堡
2025-06-26 08:57:50 [root] [DEBUG] [ui.py:116]  📊 正在向表格插入数据: 2025-06-26 08:57:50, 巴啦啦抠脚堡, ツ, 纪念？
2025-06-26 08:58:42 [wxauto] [DEBUG] [wx.py:205]  [system base]获取到新消息：巴啦啦抠脚堡 - 以下为新消息
2025-06-26 08:58:42 [WeChatBot] [INFO] [main.py:19]  📩 收到消息事件：以下为新消息 来自 巴啦啦抠脚堡
2025-06-26 08:58:42 [root] [DEBUG] [ui.py:147]  📨 接收到消息: 以下为新消息 来自 巴啦啦抠脚堡
2025-06-26 08:58:42 [WeChatBot] [DEBUG] [main.py:21]  🔔 已触发 message_received.emit()
2025-06-26 08:58:42 [wxauto] [DEBUG] [wx.py:205]  [friend text]获取到新消息：巴啦啦抠脚堡 - 中签了可以卖出去
2025-06-26 08:58:42 [root] [DEBUG] [ui.py:116]  📊 正在向表格插入数据: 2025-06-26 08:58:42, 巴啦啦抠脚堡, system, 以下为新消息
2025-06-26 08:58:42 [WeChatBot] [INFO] [main.py:19]  📩 收到消息事件：中签了可以卖出去 来自 巴啦啦抠脚堡
2025-06-26 08:58:42 [WeChatBot] [DEBUG] [main.py:21]  🔔 已触发 message_received.emit()
2025-06-26 08:58:42 [root] [DEBUG] [ui.py:147]  📨 接收到消息: 中签了可以卖出去 来自 巴啦啦抠脚堡
2025-06-26 08:58:42 [root] [DEBUG] [ui.py:116]  📊 正在向表格插入数据: 2025-06-26 08:58:42, 巴啦啦抠脚堡, Gesla, 中签了可以卖出去
2025-06-26 08:58:53 [wxauto] [DEBUG] [wx.py:205]  [system base]获取到新消息：巴啦啦抠脚堡 - 以下为新消息
2025-06-26 08:58:53 [WeChatBot] [INFO] [main.py:19]  📩 收到消息事件：以下为新消息 来自 巴啦啦抠脚堡
2025-06-26 08:58:53 [root] [DEBUG] [ui.py:147]  📨 接收到消息: 以下为新消息 来自 巴啦啦抠脚堡
2025-06-26 08:58:53 [root] [DEBUG] [ui.py:116]  📊 正在向表格插入数据: 2025-06-26 08:58:53, 巴啦啦抠脚堡, system, 以下为新消息
2025-06-26 08:58:53 [WeChatBot] [DEBUG] [main.py:21]  🔔 已触发 message_received.emit()
2025-06-26 08:58:53 [wxauto] [DEBUG] [wx.py:205]  [friend text]获取到新消息：巴啦啦抠脚堡 - 去年460一枚
2025-06-26 08:58:53 [WeChatBot] [INFO] [main.py:19]  📩 收到消息事件：去年460一枚 来自 巴啦啦抠脚堡
2025-06-26 08:58:53 [root] [DEBUG] [ui.py:147]  📨 接收到消息: 去年460一枚 来自 巴啦啦抠脚堡
2025-06-26 08:58:53 [WeChatBot] [DEBUG] [main.py:21]  🔔 已触发 message_received.emit()
2025-06-26 08:58:53 [root] [DEBUG] [ui.py:116]  📊 正在向表格插入数据: 2025-06-26 08:58:53, 巴啦啦抠脚堡, Gesla, 去年460一枚
2025-06-26 08:58:56 [wxauto] [DEBUG] [wx.py:205]  [system base]获取到新消息：巴啦啦抠脚堡 - "Gesla" 撤回了一条消息
2025-06-26 08:58:56 [WeChatBot] [INFO] [main.py:19]  📩 收到消息事件："Gesla" 撤回了一条消息 来自 巴啦啦抠脚堡
2025-06-26 08:58:56 [WeChatBot] [DEBUG] [main.py:21]  🔔 已触发 message_received.emit()
2025-06-26 08:58:56 [root] [DEBUG] [ui.py:147]  📨 接收到消息: "Gesla" 撤回了一条消息 来自 巴啦啦抠脚堡
2025-06-26 08:58:56 [root] [DEBUG] [ui.py:116]  📊 正在向表格插入数据: 2025-06-26 08:58:56, 巴啦啦抠脚堡, system, "Gesla" 撤回了一条消息
2025-06-26 10:02:43 [wxauto] [DEBUG] [wx.py:31]  开始监听
2025-06-26 10:02:44 [root] [DEBUG] [ui.py:179]  🔔 正在绑定 message_received 信号...
2025-06-26 10:02:44 [root] [DEBUG] [ui.py:181]  🔔 message_received 信号绑定完成
2025-06-26 10:02:44 [root] [INFO] [ui.py:185]  👂 正在监听群聊: wxauto测试
2025-06-26 10:02:44 [wxauto] [DEBUG] [main.py:175]  wxauto测试 获取到已存在的子窗口: <wxauto - WeChatSubWnd object("wxauto测试")>
2025-06-26 10:02:44 [root] [INFO] [ui.py:185]  👂 正在监听群聊: wxauto测试2
2025-06-26 10:02:44 [wxauto] [DEBUG] [main.py:175]  wxauto测试2 获取到已存在的子窗口: <wxauto - WeChatSubWnd object("wxauto测试2")>
2025-06-26 10:02:44 [root] [INFO] [ui.py:185]  👂 正在监听群聊: wxauto测试3
2025-06-26 10:02:44 [wxauto] [DEBUG] [main.py:175]  wxauto测试3 获取到已存在的子窗口: <wxauto - WeChatSubWnd object("wxauto测试3")>
2025-06-26 10:02:44 [root] [INFO] [ui.py:185]  👂 正在监听群聊: 小团体
2025-06-26 10:02:44 [wxauto] [DEBUG] [main.py:175]  小团体 获取到已存在的子窗口: <wxauto - WeChatSubWnd object("小团体")>
2025-06-26 10:02:44 [root] [INFO] [ui.py:185]  👂 正在监听群聊: 巴啦啦抠脚堡
2025-06-26 10:02:45 [wxauto] [DEBUG] [main.py:175]  巴啦啦抠脚堡 获取到已存在的子窗口: <wxauto - WeChatSubWnd object("巴啦啦抠脚堡")>
2025-06-26 10:02:45 [root] [INFO] [ui.py:189]  🔊 开始监听消息
2025-06-26 10:05:31 [wxauto] [DEBUG] [wx.py:205]  [base other]获取到新消息：巴啦啦抠脚堡 - 10:05
2025-06-26 10:05:31 [WeChatBot] [INFO] [main.py:19]  📩 收到消息事件：10:05 来自 巴啦啦抠脚堡
2025-06-26 10:05:31 [WeChatBot] [DEBUG] [main.py:21]  🔔 已触发 message_received.emit()
2025-06-26 10:05:31 [wxauto] [DEBUG] [wx.py:205]  [friend text]获取到新消息：巴啦啦抠脚堡 - 哈哈哈哈
2025-06-26 10:05:31 [root] [DEBUG] [ui.py:147]  📨 接收到消息: 10:05 来自 巴啦啦抠脚堡
2025-06-26 10:05:31 [root] [DEBUG] [ui.py:116]  📊 正在向表格插入数据: 2025-06-26 10:05:31, 巴啦啦抠脚堡, base, 10:05
2025-06-26 10:05:31 [WeChatBot] [INFO] [main.py:19]  📩 收到消息事件：哈哈哈哈 来自 巴啦啦抠脚堡
2025-06-26 10:05:31 [WeChatBot] [DEBUG] [main.py:21]  🔔 已触发 message_received.emit()
2025-06-26 10:05:31 [wxauto] [DEBUG] [wx.py:205]  [friend other]获取到新消息：巴啦啦抠脚堡 - [音乐]
2025-06-26 10:05:31 [root] [DEBUG] [ui.py:147]  📨 接收到消息: 哈哈哈哈 来自 巴啦啦抠脚堡
2025-06-26 10:05:31 [root] [DEBUG] [ui.py:116]  📊 正在向表格插入数据: 2025-06-26 10:05:31, 巴啦啦抠脚堡, ツ, 哈哈哈哈
2025-06-26 10:05:31 [WeChatBot] [INFO] [main.py:19]  📩 收到消息事件：[音乐] 来自 巴啦啦抠脚堡
2025-06-26 10:05:31 [WeChatBot] [DEBUG] [main.py:21]  🔔 已触发 message_received.emit()
2025-06-26 10:05:31 [root] [DEBUG] [ui.py:147]  📨 接收到消息: [音乐] 来自 巴啦啦抠脚堡
2025-06-26 10:05:31 [root] [DEBUG] [ui.py:116]  📊 正在向表格插入数据: 2025-06-26 10:05:31, 巴啦啦抠脚堡, ツ, [音乐]
2025-06-26 10:22:52 [wxauto] [DEBUG] [wx.py:205]  [system base]获取到新消息：小团体 - 以下为新消息
2025-06-26 10:22:52 [WeChatBot] [INFO] [main.py:19]  📩 收到消息事件：以下为新消息 来自 小团体
2025-06-26 10:22:52 [WeChatBot] [DEBUG] [main.py:21]  🔔 已触发 message_received.emit()
2025-06-26 10:22:52 [wxauto] [DEBUG] [wx.py:205]  [friend text]获取到新消息：小团体 - 脾气大
2025-06-26 10:22:52 [root] [DEBUG] [ui.py:147]  📨 接收到消息: 以下为新消息 来自 小团体
2025-06-26 10:22:52 [root] [DEBUG] [ui.py:116]  📊 正在向表格插入数据: 2025-06-26 10:22:52, 小团体, system, 以下为新消息
2025-06-26 10:22:52 [WeChatBot] [INFO] [main.py:19]  📩 收到消息事件：脾气大 来自 小团体
2025-06-26 10:22:52 [WeChatBot] [DEBUG] [main.py:21]  🔔 已触发 message_received.emit()
2025-06-26 10:22:52 [root] [DEBUG] [ui.py:147]  📨 接收到消息: 脾气大 来自 小团体
2025-06-26 10:22:52 [root] [DEBUG] [ui.py:116]  📊 正在向表格插入数据: 2025-06-26 10:22:52, 小团体, 心上秋, 脾气大
2025-06-26 10:23:01 [wxauto] [DEBUG] [wx.py:205]  [self text]获取到新消息：小团体 - [动画表情]
2025-06-26 10:23:01 [WeChatBot] [INFO] [main.py:19]  📩 收到消息事件：[动画表情] 来自 小团体
2025-06-26 10:23:01 [WeChatBot] [DEBUG] [main.py:21]  🔔 已触发 message_received.emit()
2025-06-26 10:23:01 [root] [DEBUG] [ui.py:147]  📨 接收到消息: [动画表情] 来自 小团体
2025-06-26 10:23:01 [root] [DEBUG] [ui.py:116]  📊 正在向表格插入数据: 2025-06-26 10:23:01, 小团体, self, [动画表情]
2025-06-26 10:23:23 [wxauto] [DEBUG] [wx.py:205]  [system base]获取到新消息：小团体 - 以下为新消息
2025-06-26 10:23:23 [WeChatBot] [INFO] [main.py:19]  📩 收到消息事件：以下为新消息 来自 小团体
2025-06-26 10:23:23 [WeChatBot] [DEBUG] [main.py:21]  🔔 已触发 message_received.emit()
2025-06-26 10:23:23 [wxauto] [DEBUG] [wx.py:205]  [friend text]获取到新消息：小团体 - 分析一下暴虐的心的lol水平
2025-06-26 10:23:23 [root] [DEBUG] [ui.py:147]  📨 接收到消息: 以下为新消息 来自 小团体
2025-06-26 10:23:23 [root] [DEBUG] [ui.py:116]  📊 正在向表格插入数据: 2025-06-26 10:23:23, 小团体, system, 以下为新消息
2025-06-26 10:23:23 [WeChatBot] [INFO] [main.py:19]  📩 收到消息事件：分析一下暴虐的心的lol水平 来自 小团体
2025-06-26 10:23:23 [WeChatBot] [DEBUG] [main.py:21]  🔔 已触发 message_received.emit()
2025-06-26 10:23:23 [root] [DEBUG] [ui.py:147]  📨 接收到消息: 分析一下暴虐的心的lol水平 来自 小团体
2025-06-26 10:23:23 [root] [DEBUG] [ui.py:116]  📊 正在向表格插入数据: 2025-06-26 10:23:23, 小团体, 心上秋, 分析一下暴虐的心的lol水平
2025-06-26 10:23:26 [wxauto] [DEBUG] [wx.py:205]  [friend text]获取到新消息：小团体 - @nuomy 
2025-06-26 10:23:26 [WeChatBot] [INFO] [main.py:19]  📩 收到消息事件：@nuomy  来自 小团体
2025-06-26 10:23:26 [WeChatBot] [DEBUG] [main.py:21]  🔔 已触发 message_received.emit()
2025-06-26 10:23:26 [root] [DEBUG] [ui.py:147]  📨 接收到消息: @nuomy  来自 小团体
2025-06-26 10:23:26 [root] [DEBUG] [ui.py:116]  📊 正在向表格插入数据: 2025-06-26 10:23:26, 小团体, 心上秋, @nuomy 
2025-06-26 10:23:30 [wxauto] [DEBUG] [wx.py:205]  [self text]获取到新消息：小团体 - 白银
2025-06-26 10:23:30 [WeChatBot] [INFO] [main.py:19]  📩 收到消息事件：白银 来自 小团体
2025-06-26 10:23:30 [WeChatBot] [DEBUG] [main.py:21]  🔔 已触发 message_received.emit()
2025-06-26 10:23:30 [root] [DEBUG] [ui.py:147]  📨 接收到消息: 白银 来自 小团体
2025-06-26 10:23:30 [root] [DEBUG] [ui.py:116]  📊 正在向表格插入数据: 2025-06-26 10:23:30, 小团体, self, 白银
2025-06-26 10:24:04 [wxauto] [DEBUG] [wx.py:205]  [system base]获取到新消息：小团体 - 以下为新消息
2025-06-26 10:24:04 [WeChatBot] [INFO] [main.py:19]  📩 收到消息事件：以下为新消息 来自 小团体
2025-06-26 10:24:04 [WeChatBot] [DEBUG] [main.py:21]  🔔 已触发 message_received.emit()
2025-06-26 10:24:04 [wxauto] [DEBUG] [wx.py:205]  [friend text]获取到新消息：小团体 - 我想一年赚100万，有无方法
2025-06-26 10:24:04 [root] [DEBUG] [ui.py:147]  📨 接收到消息: 以下为新消息 来自 小团体
2025-06-26 10:24:04 [root] [DEBUG] [ui.py:116]  📊 正在向表格插入数据: 2025-06-26 10:24:04, 小团体, system, 以下为新消息
2025-06-26 10:24:04 [WeChatBot] [INFO] [main.py:19]  📩 收到消息事件：我想一年赚100万，有无方法 来自 小团体
2025-06-26 10:24:04 [WeChatBot] [DEBUG] [main.py:21]  🔔 已触发 message_received.emit()
2025-06-26 10:24:04 [root] [DEBUG] [ui.py:147]  📨 接收到消息: 我想一年赚100万，有无方法 来自 小团体
2025-06-26 10:24:04 [root] [DEBUG] [ui.py:116]  📊 正在向表格插入数据: 2025-06-26 10:24:04, 小团体, 心上秋, 我想一年赚100万，有无方法
2025-06-26 10:24:24 [wxauto] [DEBUG] [wx.py:205]  [self text]获取到新消息：小团体 - 卖房
2025-06-26 10:24:24 [WeChatBot] [INFO] [main.py:19]  📩 收到消息事件：卖房 来自 小团体
2025-06-26 10:24:24 [WeChatBot] [DEBUG] [main.py:21]  🔔 已触发 message_received.emit()
2025-06-26 10:24:24 [root] [DEBUG] [ui.py:147]  📨 接收到消息: 卖房 来自 小团体
2025-06-26 10:24:24 [root] [DEBUG] [ui.py:116]  📊 正在向表格插入数据: 2025-06-26 10:24:24, 小团体, self, 卖房
2025-06-26 10:24:38 [wxauto] [DEBUG] [wx.py:205]  [friend text]获取到新消息：小团体 - [动画表情]
2025-06-26 10:24:38 [WeChatBot] [INFO] [main.py:19]  📩 收到消息事件：[动画表情] 来自 小团体
2025-06-26 10:24:38 [WeChatBot] [DEBUG] [main.py:21]  🔔 已触发 message_received.emit()
2025-06-26 10:24:38 [root] [DEBUG] [ui.py:147]  📨 接收到消息: [动画表情] 来自 小团体
2025-06-26 10:24:38 [root] [DEBUG] [ui.py:116]  📊 正在向表格插入数据: 2025-06-26 10:24:38, 小团体, 刘小贱, [动画表情]
2025-06-26 10:24:58 [wxauto] [DEBUG] [wx.py:205]  [system base]获取到新消息：小团体 - 以下为新消息
2025-06-26 10:24:58 [WeChatBot] [INFO] [main.py:19]  📩 收到消息事件：以下为新消息 来自 小团体
2025-06-26 10:24:58 [WeChatBot] [DEBUG] [main.py:21]  🔔 已触发 message_received.emit()
2025-06-26 10:24:58 [wxauto] [DEBUG] [wx.py:205]  [friend text]获取到新消息：小团体 - 没房
2025-06-26 10:24:58 [root] [DEBUG] [ui.py:147]  📨 接收到消息: 以下为新消息 来自 小团体
2025-06-26 10:24:58 [root] [DEBUG] [ui.py:116]  📊 正在向表格插入数据: 2025-06-26 10:24:58, 小团体, system, 以下为新消息
2025-06-26 10:24:58 [WeChatBot] [INFO] [main.py:19]  📩 收到消息事件：没房 来自 小团体
2025-06-26 10:24:58 [WeChatBot] [DEBUG] [main.py:21]  🔔 已触发 message_received.emit()
2025-06-26 10:24:58 [root] [DEBUG] [ui.py:147]  📨 接收到消息: 没房 来自 小团体
2025-06-26 10:24:58 [root] [DEBUG] [ui.py:116]  📊 正在向表格插入数据: 2025-06-26 10:24:58, 小团体, 心上秋, 没房
2025-06-26 10:26:10 [wxauto] [DEBUG] [wx.py:205]  [friend text]获取到新消息：小团体 - 打卡
2025-06-26 10:26:10 [WeChatBot] [INFO] [main.py:19]  📩 收到消息事件：打卡 来自 小团体
2025-06-26 10:26:10 [root] [DEBUG] [ui.py:147]  📨 接收到消息: 打卡 来自 小团体
2025-06-26 10:26:10 [root] [DEBUG] [ui.py:116]  📊 正在向表格插入数据: 2025-06-26 10:26:10, 小团体, 心上秋, 打卡
2025-06-26 10:26:10 [WeChatBot] [DEBUG] [main.py:21]  🔔 已触发 message_received.emit()
2025-06-26 10:26:10 [WeChatBot] [DEBUG] [main.py:27]  🛠️ 正在执行打卡功能
2025-06-26 10:26:10 [WeChatBot] [DEBUG] [checkin.py:36]  💾 准备写入打卡记录至: ./data/checkin/checkin_records_小团体.csv
2025-06-26 10:26:10 [WeChatBot] [INFO] [checkin.py:76]  ✅ 打卡成功: 心上秋, 连续打卡: 7 天
2025-06-26 10:26:17 [wxauto] [DEBUG] [wx.py:205]  [self text]获取到新消息：小团体 - 功！时间：2025-06-26 10:26:10，已连续打卡 7 天
2025-06-26 10:26:17 [WeChatBot] [INFO] [main.py:19]  📩 收到消息事件：功！时间：2025-06-26 10:26:10，已连续打卡 7 天 来自 小团体
2025-06-26 10:26:17 [WeChatBot] [DEBUG] [main.py:21]  🔔 已触发 message_received.emit()
2025-06-26 10:26:17 [root] [DEBUG] [ui.py:147]  📨 接收到消息: 功！时间：2025-06-26 10:26:10，已连续打卡 7 天 来自 小团体
2025-06-26 10:26:17 [root] [DEBUG] [ui.py:116]  📊 正在向表格插入数据: 2025-06-26 10:26:17, 小团体, self, 功！时间：2025-06-26 10:26:10，已连续打卡 7 天
2025-06-26 10:26:20 [wxauto] [DEBUG] [wx.py:205]  [friend text]获取到新消息：小团体 - 打卡
2025-06-26 10:26:21 [WeChatBot] [INFO] [main.py:19]  📩 收到消息事件：打卡 来自 小团体
2025-06-26 10:26:21 [WeChatBot] [DEBUG] [main.py:21]  🔔 已触发 message_received.emit()
2025-06-26 10:26:21 [WeChatBot] [DEBUG] [main.py:27]  🛠️ 正在执行打卡功能
2025-06-26 10:26:21 [WeChatBot] [DEBUG] [checkin.py:36]  💾 准备写入打卡记录至: ./data/checkin/checkin_records_小团体.csv
2025-06-26 10:26:21 [root] [DEBUG] [ui.py:147]  📨 接收到消息: 打卡 来自 小团体
2025-06-26 10:26:21 [root] [DEBUG] [ui.py:116]  📊 正在向表格插入数据: 2025-06-26 10:26:21, 小团体, 刘小贱, 打卡
2025-06-26 10:26:21 [WeChatBot] [INFO] [checkin.py:76]  ✅ 打卡成功: 刘小贱, 连续打卡: 1 天
2025-06-26 10:26:24 [wxauto] [DEBUG] [wx.py:205]  [self text]获取到新消息：小团体 - 刘小贱 打卡成功！时间：2025-06-26 10:26:21，已连续打卡 1 天
2025-06-26 10:26:24 [WeChatBot] [INFO] [main.py:19]  📩 收到消息事件：刘小贱 打卡成功！时间：2025-06-26 10:26:21，已连续打卡 1 天 来自 小团体
2025-06-26 10:26:24 [WeChatBot] [DEBUG] [main.py:21]  🔔 已触发 message_received.emit()
2025-06-26 10:26:24 [wxauto] [DEBUG] [wx.py:205]  [friend text]获取到新消息：小团体 - 功！
2025-06-26 10:26:24 [root] [DEBUG] [ui.py:147]  📨 接收到消息: 刘小贱 打卡成功！时间：2025-06-26 10:26:21，已连续打卡 1 天 来自 小团体
2025-06-26 10:26:24 [root] [DEBUG] [ui.py:116]  📊 正在向表格插入数据: 2025-06-26 10:26:24, 小团体, self, 刘小贱 打卡成功！时间：2025-06-26 10:26:21，已连续打卡 1 天
2025-06-26 10:26:24 [WeChatBot] [INFO] [main.py:19]  📩 收到消息事件：功！ 来自 小团体
2025-06-26 10:26:24 [WeChatBot] [DEBUG] [main.py:21]  🔔 已触发 message_received.emit()
2025-06-26 10:26:24 [root] [DEBUG] [ui.py:147]  📨 接收到消息: 功！ 来自 小团体
2025-06-26 10:26:24 [root] [DEBUG] [ui.py:116]  📊 正在向表格插入数据: 2025-06-26 10:26:24, 小团体, 刘小贱, 功！
2025-06-26 10:26:33 [wxauto] [DEBUG] [wx.py:205]  [self text]获取到新消息：小团体 - [动画表情]
2025-06-26 10:26:33 [WeChatBot] [INFO] [main.py:19]  📩 收到消息事件：[动画表情] 来自 小团体
2025-06-26 10:26:33 [WeChatBot] [DEBUG] [main.py:21]  🔔 已触发 message_received.emit()
2025-06-26 10:26:33 [root] [DEBUG] [ui.py:147]  📨 接收到消息: [动画表情] 来自 小团体
2025-06-26 10:26:33 [root] [DEBUG] [ui.py:116]  📊 正在向表格插入数据: 2025-06-26 10:26:33, 小团体, self, [动画表情]
2025-06-26 10:29:04 [wxauto] [DEBUG] [wx.py:205]  [self text]获取到新消息：小团体 - @心上秋 使用客户身份贷款，将贷款所得用于金融投资，如股票，房地产投资等，高风险高收益项目，可短期内一年获利超过百万，具体收益根据贷款金额决定
2025-06-26 10:29:04 [WeChatBot] [INFO] [main.py:19]  📩 收到消息事件：@心上秋 使用客户身份贷款，将贷款所得用于金融投资，如股票，房地产投资等，高风险高收益项目，可短期内一年获利超过百万，具体收益根据贷款金额决定 来自 小团体
2025-06-26 10:29:04 [WeChatBot] [DEBUG] [main.py:21]  🔔 已触发 message_received.emit()
2025-06-26 10:29:04 [root] [DEBUG] [ui.py:147]  📨 接收到消息: @心上秋 使用客户身份贷款，将贷款所得用于金融投资，如股票，房地产投资等，高风险高收益项目，可短期内一年获利超过百万，具体收益根据贷款金额决定 来自 小团体
2025-06-26 10:29:04 [root] [DEBUG] [ui.py:116]  📊 正在向表格插入数据: 2025-06-26 10:29:04, 小团体, self, @心上秋 使用客户身份贷款，将贷款所得用于金融投资，如股票，房地产投资等，高风险高收益项目，可短期内一年获利超过百万，具体收益根据贷款金额决定
2025-06-26 10:29:36 [wxauto] [DEBUG] [wx.py:205]  [self text]获取到新消息：小团体 - 以上方式有违法风险，请酌情考虑
2025-06-26 10:29:36 [WeChatBot] [INFO] [main.py:19]  📩 收到消息事件：以上方式有违法风险，请酌情考虑 来自 小团体
2025-06-26 10:29:36 [WeChatBot] [DEBUG] [main.py:21]  🔔 已触发 message_received.emit()
2025-06-26 10:29:36 [root] [DEBUG] [ui.py:147]  📨 接收到消息: 以上方式有违法风险，请酌情考虑 来自 小团体
2025-06-26 10:29:36 [root] [DEBUG] [ui.py:116]  📊 正在向表格插入数据: 2025-06-26 10:29:36, 小团体, self, 以上方式有违法风险，请酌情考虑
2025-06-26 10:36:55 [wxauto] [DEBUG] [wx.py:205]  [system base]获取到新消息：小团体 - 以下为新消息
2025-06-26 10:36:55 [WeChatBot] [INFO] [main.py:19]  📩 收到消息事件：以下为新消息 来自 小团体
2025-06-26 10:36:55 [WeChatBot] [DEBUG] [main.py:21]  🔔 已触发 message_received.emit()
2025-06-26 10:36:55 [wxauto] [DEBUG] [wx.py:205]  [friend text]获取到新消息：小团体 - 没有不违法的么
2025-06-26 10:36:55 [root] [DEBUG] [ui.py:147]  📨 接收到消息: 以下为新消息 来自 小团体
2025-06-26 10:36:55 [root] [DEBUG] [ui.py:116]  📊 正在向表格插入数据: 2025-06-26 10:36:55, 小团体, system, 以下为新消息
2025-06-26 10:36:55 [WeChatBot] [INFO] [main.py:19]  📩 收到消息事件：没有不违法的么 来自 小团体
2025-06-26 10:36:55 [WeChatBot] [DEBUG] [main.py:21]  🔔 已触发 message_received.emit()
2025-06-26 10:36:55 [root] [DEBUG] [ui.py:147]  📨 接收到消息: 没有不违法的么 来自 小团体
2025-06-26 10:36:55 [root] [DEBUG] [ui.py:116]  📊 正在向表格插入数据: 2025-06-26 10:36:55, 小团体, 心上秋, 没有不违法的么
2025-06-26 10:37:29 [wxauto] [DEBUG] [wx.py:205]  [friend text]获取到新消息：小团体 - 买中科曙光
2025-06-26 10:37:29 [WeChatBot] [INFO] [main.py:19]  📩 收到消息事件：买中科曙光 来自 小团体
2025-06-26 10:37:29 [WeChatBot] [DEBUG] [main.py:21]  🔔 已触发 message_received.emit()
2025-06-26 10:37:29 [root] [DEBUG] [ui.py:147]  📨 接收到消息: 买中科曙光 来自 小团体
2025-06-26 10:37:29 [root] [DEBUG] [ui.py:116]  📊 正在向表格插入数据: 2025-06-26 10:37:29, 小团体, 刘小贱, 买中科曙光
2025-06-26 10:37:40 [wxauto] [DEBUG] [wx.py:205]  [self text]获取到新消息：小团体 - 有不违法的我就去赚了，还搁这装ai
2025-06-26 10:37:41 [WeChatBot] [INFO] [main.py:19]  📩 收到消息事件：有不违法的我就去赚了，还搁这装ai 来自 小团体
2025-06-26 10:37:41 [WeChatBot] [DEBUG] [main.py:21]  🔔 已触发 message_received.emit()
2025-06-26 10:37:41 [root] [DEBUG] [ui.py:147]  📨 接收到消息: 有不违法的我就去赚了，还搁这装ai 来自 小团体
2025-06-26 10:37:41 [root] [DEBUG] [ui.py:116]  📊 正在向表格插入数据: 2025-06-26 10:37:41, 小团体, self, 有不违法的我就去赚了，还搁这装ai
2025-06-26 10:37:45 [wxauto] [DEBUG] [wx.py:205]  [system base]获取到新消息：小团体 - 你撤回了一条消息 重新编辑
2025-06-26 10:37:45 [WeChatBot] [INFO] [main.py:19]  📩 收到消息事件：你撤回了一条消息 重新编辑 来自 小团体
2025-06-26 10:37:45 [WeChatBot] [DEBUG] [main.py:21]  🔔 已触发 message_received.emit()
2025-06-26 10:37:45 [root] [DEBUG] [ui.py:147]  📨 接收到消息: 你撤回了一条消息 重新编辑 来自 小团体
2025-06-26 10:37:45 [root] [DEBUG] [ui.py:116]  📊 正在向表格插入数据: 2025-06-26 10:37:45, 小团体, system, 你撤回了一条消息 重新编辑
2025-06-26 10:37:51 [wxauto] [DEBUG] [wx.py:205]  [self text]获取到新消息：小团体 - [动画表情]
2025-06-26 10:37:51 [WeChatBot] [INFO] [main.py:19]  📩 收到消息事件：[动画表情] 来自 小团体
2025-06-26 10:37:51 [WeChatBot] [DEBUG] [main.py:21]  🔔 已触发 message_received.emit()
2025-06-26 10:37:51 [root] [DEBUG] [ui.py:147]  📨 接收到消息: [动画表情] 来自 小团体
2025-06-26 10:37:51 [root] [DEBUG] [ui.py:116]  📊 正在向表格插入数据: 2025-06-26 10:37:51, 小团体, self, [动画表情]
2025-06-26 10:41:38 [wxauto] [DEBUG] [wx.py:205]  [self text]获取到新消息：小团体 - 若希望年入百万，请将现有资源尽可能投资自身，提高自身竞争力，将完成目标战线拉长，设定短期与长期目标逐步执行。如规划每年或每三年收益目标和计划内容。了解同行业其他人员收入水平，分析其薪资构成，根据其能力及职位，判断自身提升空间与方向。
2025-06-26 10:41:38 [WeChatBot] [INFO] [main.py:19]  📩 收到消息事件：若希望年入百万，请将现有资源尽可能投资自身，提高自身竞争力，将完成目标战线拉长，设定短期与长期目标逐步执行。如规划每年或每三年收益目标和计划内容。了解同行业其他人员收入水平，分析其薪资构成，根据其能力及职位，判断自身提升空间与方向。 来自 小团体
2025-06-26 10:41:38 [WeChatBot] [DEBUG] [main.py:21]  🔔 已触发 message_received.emit()
2025-06-26 10:41:38 [root] [DEBUG] [ui.py:147]  📨 接收到消息: 若希望年入百万，请将现有资源尽可能投资自身，提高自身竞争力，将完成目标战线拉长，设定短期与长期目标逐步执行。如规划每年或每三年收益目标和计划内容。了解同行业其他人员收入水平，分析其薪资构成，根据其能力及职位，判断自身提升空间与方向。 来自 小团体
2025-06-26 10:41:38 [root] [DEBUG] [ui.py:116]  📊 正在向表格插入数据: 2025-06-26 10:41:38, 小团体, self, 若希望年入百万，请将现有资源尽可能投资自身，提高自身竞争力，将完成目标战线拉长，设定短期与长期目标逐步执行。如规划每年或每三年收益目标和计划内容。了解同行业其他人员收入水平，分析其薪资构成，根据其能力及职位，判断自身提升空间与方向。
2025-06-26 10:48:10 [wxauto] [DEBUG] [wx.py:205]  [base other]获取到新消息：小团体 - 10:48
2025-06-26 10:48:10 [WeChatBot] [INFO] [main.py:19]  📩 收到消息事件：10:48 来自 小团体
2025-06-26 10:48:10 [WeChatBot] [DEBUG] [main.py:21]  🔔 已触发 message_received.emit()
2025-06-26 10:48:10 [wxauto] [DEBUG] [wx.py:205]  [self text]获取到新消息：小团体 - 或开展副业如寻找风口，关注新闻资讯了解社会实时动态，尽可能留存部分资金用于等待投资项目。年入百万在当今社会中仍属于少数部分，若无充足的原始积累，风险较高，需要本身有足够的机遇与勇气。请耐心寻找等待机遇。
2025-06-26 10:48:10 [root] [DEBUG] [ui.py:147]  📨 接收到消息: 10:48 来自 小团体
2025-06-26 10:48:10 [root] [DEBUG] [ui.py:116]  📊 正在向表格插入数据: 2025-06-26 10:48:10, 小团体, base, 10:48
2025-06-26 10:48:11 [WeChatBot] [INFO] [main.py:19]  📩 收到消息事件：或开展副业如寻找风口，关注新闻资讯了解社会实时动态，尽可能留存部分资金用于等待投资项目。年入百万在当今社会中仍属于少数部分，若无充足的原始积累，风险较高，需要本身有足够的机遇与勇气。请耐心寻找等待机遇。 来自 小团体
2025-06-26 10:48:11 [WeChatBot] [DEBUG] [main.py:21]  🔔 已触发 message_received.emit()
2025-06-26 10:48:11 [root] [DEBUG] [ui.py:147]  📨 接收到消息: 或开展副业如寻找风口，关注新闻资讯了解社会实时动态，尽可能留存部分资金用于等待投资项目。年入百万在当今社会中仍属于少数部分，若无充足的原始积累，风险较高，需要本身有足够的机遇与勇气。请耐心寻找等待机遇。 来自 小团体
2025-06-26 10:48:11 [root] [DEBUG] [ui.py:116]  📊 正在向表格插入数据: 2025-06-26 10:48:11, 小团体, self, 或开展副业如寻找风口，关注新闻资讯了解社会实时动态，尽可能留存部分资金用于等待投资项目。年入百万在当今社会中仍属于少数部分，若无充足的原始积累，风险较高，需要本身有足够的机遇与勇气。请耐心寻找等待机遇。
2025-06-26 10:48:45 [wxauto] [DEBUG] [wx.py:205]  [self text]获取到新消息：小团体 - 或学我的一位故人买彩票
2025-06-26 10:48:45 [WeChatBot] [INFO] [main.py:19]  📩 收到消息事件：或学我的一位故人买彩票 来自 小团体
2025-06-26 10:48:45 [root] [DEBUG] [ui.py:147]  📨 接收到消息: 或学我的一位故人买彩票 来自 小团体
2025-06-26 10:48:45 [WeChatBot] [DEBUG] [main.py:21]  🔔 已触发 message_received.emit()
2025-06-26 10:48:45 [root] [DEBUG] [ui.py:116]  📊 正在向表格插入数据: 2025-06-26 10:48:45, 小团体, self, 或学我的一位故人买彩票
2025-06-26 10:49:51 [wxauto] [DEBUG] [wx.py:205]  [friend text]获取到新消息：小团体 - 你故人是谁
2025-06-26 10:49:51 [WeChatBot] [INFO] [main.py:19]  📩 收到消息事件：你故人是谁 来自 小团体
2025-06-26 10:49:51 [WeChatBot] [DEBUG] [main.py:21]  🔔 已触发 message_received.emit()
2025-06-26 10:49:51 [root] [DEBUG] [ui.py:147]  📨 接收到消息: 你故人是谁 来自 小团体
2025-06-26 10:49:51 [root] [DEBUG] [ui.py:116]  📊 正在向表格插入数据: 2025-06-26 10:49:51, 小团体, 心上秋, 你故人是谁
2025-06-26 10:50:00 [wxauto] [DEBUG] [wx.py:205]  [self text]获取到新消息：小团体 - @魅影小轩
2025-06-26 10:50:00 [WeChatBot] [INFO] [main.py:19]  📩 收到消息事件：@魅影小轩 来自 小团体
2025-06-26 10:50:00 [WeChatBot] [DEBUG] [main.py:21]  🔔 已触发 message_received.emit()
2025-06-26 10:50:00 [root] [DEBUG] [ui.py:147]  📨 接收到消息: @魅影小轩 来自 小团体
2025-06-26 10:50:00 [root] [DEBUG] [ui.py:116]  📊 正在向表格插入数据: 2025-06-26 10:50:00, 小团体, self, @魅影小轩
2025-06-26 10:50:13 [wxauto] [DEBUG] [wx.py:205]  [self text]获取到新消息：小团体 - @刘小贱 
2025-06-26 10:50:13 [WeChatBot] [INFO] [main.py:19]  📩 收到消息事件：@刘小贱  来自 小团体
2025-06-26 10:50:13 [WeChatBot] [DEBUG] [main.py:21]  🔔 已触发 message_received.emit()
2025-06-26 10:50:13 [root] [DEBUG] [ui.py:147]  📨 接收到消息: @刘小贱  来自 小团体
2025-06-26 10:50:13 [root] [DEBUG] [ui.py:116]  📊 正在向表格插入数据: 2025-06-26 10:50:13, 小团体, self, @刘小贱 
2025-06-26 11:03:07 [wxauto] [DEBUG] [wx.py:205]  [system base]获取到新消息：小团体 - 以下为新消息
2025-06-26 11:03:07 [WeChatBot] [INFO] [main.py:19]  📩 收到消息事件：以下为新消息 来自 小团体
2025-06-26 11:03:07 [WeChatBot] [DEBUG] [main.py:21]  🔔 已触发 message_received.emit()
2025-06-26 11:03:07 [wxauto] [DEBUG] [wx.py:205]  [friend text]获取到新消息：小团体 - [动画表情]
2025-06-26 11:03:07 [root] [DEBUG] [ui.py:147]  📨 接收到消息: 以下为新消息 来自 小团体
2025-06-26 11:03:07 [root] [DEBUG] [ui.py:116]  📊 正在向表格插入数据: 2025-06-26 11:03:07, 小团体, system, 以下为新消息
2025-06-26 11:03:07 [WeChatBot] [INFO] [main.py:19]  📩 收到消息事件：[动画表情] 来自 小团体
2025-06-26 11:03:07 [WeChatBot] [DEBUG] [main.py:21]  🔔 已触发 message_received.emit()
2025-06-26 11:03:07 [root] [DEBUG] [ui.py:147]  📨 接收到消息: [动画表情] 来自 小团体
2025-06-26 11:03:07 [root] [DEBUG] [ui.py:116]  📊 正在向表格插入数据: 2025-06-26 11:03:07, 小团体, 刘小贱, [动画表情]
2025-06-26 11:03:10 [wxauto] [DEBUG] [wx.py:205]  [system base]获取到新消息：小团体 - "刘小贱" 撤回了一条消息
2025-06-26 11:03:10 [WeChatBot] [INFO] [main.py:19]  📩 收到消息事件："刘小贱" 撤回了一条消息 来自 小团体
2025-06-26 11:03:10 [WeChatBot] [DEBUG] [main.py:21]  🔔 已触发 message_received.emit()
2025-06-26 11:03:10 [wxauto] [DEBUG] [wx.py:205]  [friend text]获取到新消息：小团体 - [动画表情]
2025-06-26 11:03:10 [root] [DEBUG] [ui.py:147]  📨 接收到消息: "刘小贱" 撤回了一条消息 来自 小团体
2025-06-26 11:03:10 [root] [DEBUG] [ui.py:116]  📊 正在向表格插入数据: 2025-06-26 11:03:10, 小团体, system, "刘小贱" 撤回了一条消息
2025-06-26 11:03:11 [WeChatBot] [INFO] [main.py:19]  📩 收到消息事件：[动画表情] 来自 小团体
2025-06-26 11:03:11 [WeChatBot] [DEBUG] [main.py:21]  🔔 已触发 message_received.emit()
2025-06-26 11:03:11 [root] [DEBUG] [ui.py:147]  📨 接收到消息: [动画表情] 来自 小团体
2025-06-26 11:03:11 [root] [DEBUG] [ui.py:116]  📊 正在向表格插入数据: 2025-06-26 11:03:11, 小团体, 刘小贱, [动画表情]
2025-06-26 11:19:08 [wxauto] [DEBUG] [wx.py:205]  [system base]获取到新消息：小团体 - 以下为新消息
2025-06-26 11:19:08 [WeChatBot] [INFO] [main.py:19]  📩 收到消息事件：以下为新消息 来自 小团体
2025-06-26 11:19:08 [WeChatBot] [DEBUG] [main.py:21]  🔔 已触发 message_received.emit()
2025-06-26 11:19:08 [wxauto] [DEBUG] [wx.py:205]  [friend text]获取到新消息：小团体 - [动画表情]
2025-06-26 11:19:08 [root] [DEBUG] [ui.py:147]  📨 接收到消息: 以下为新消息 来自 小团体
2025-06-26 11:19:08 [root] [DEBUG] [ui.py:116]  📊 正在向表格插入数据: 2025-06-26 11:19:08, 小团体, system, 以下为新消息
2025-06-26 11:19:08 [WeChatBot] [INFO] [main.py:19]  📩 收到消息事件：[动画表情] 来自 小团体
2025-06-26 11:19:08 [WeChatBot] [DEBUG] [main.py:21]  🔔 已触发 message_received.emit()
2025-06-26 11:19:08 [root] [DEBUG] [ui.py:147]  📨 接收到消息: [动画表情] 来自 小团体
2025-06-26 11:19:08 [root] [DEBUG] [ui.py:116]  📊 正在向表格插入数据: 2025-06-26 11:19:08, 小团体, xbfe, [动画表情]
2025-06-26 11:19:14 [wxauto] [DEBUG] [wx.py:205]  [friend text]获取到新消息：小团体 - 怎么有小黑子
2025-06-26 11:19:14 [WeChatBot] [INFO] [main.py:19]  📩 收到消息事件：怎么有小黑子 来自 小团体
2025-06-26 11:19:14 [WeChatBot] [DEBUG] [main.py:21]  🔔 已触发 message_received.emit()
2025-06-26 11:19:14 [root] [DEBUG] [ui.py:147]  📨 接收到消息: 怎么有小黑子 来自 小团体
2025-06-26 11:19:14 [root] [DEBUG] [ui.py:116]  📊 正在向表格插入数据: 2025-06-26 11:19:14, 小团体, xbfe, 怎么有小黑子
2025-06-26 11:19:18 [wxauto] [DEBUG] [wx.py:205]  [friend text]获取到新消息：小团体 - [动画表情]
2025-06-26 11:19:18 [WeChatBot] [INFO] [main.py:19]  📩 收到消息事件：[动画表情] 来自 小团体
2025-06-26 11:19:18 [WeChatBot] [DEBUG] [main.py:21]  🔔 已触发 message_received.emit()
2025-06-26 11:19:18 [root] [DEBUG] [ui.py:147]  📨 接收到消息: [动画表情] 来自 小团体
2025-06-26 11:19:18 [root] [DEBUG] [ui.py:116]  📊 正在向表格插入数据: 2025-06-26 11:19:18, 小团体, xbfe, [动画表情]
2025-06-26 11:20:14 [wxauto] [DEBUG] [wx.py:205]  [self text]获取到新消息：小团体 - [动画表情]
2025-06-26 11:20:14 [WeChatBot] [INFO] [main.py:19]  📩 收到消息事件：[动画表情] 来自 小团体
2025-06-26 11:20:14 [WeChatBot] [DEBUG] [main.py:21]  🔔 已触发 message_received.emit()
2025-06-26 11:20:14 [root] [DEBUG] [ui.py:147]  📨 接收到消息: [动画表情] 来自 小团体
2025-06-26 11:20:14 [root] [DEBUG] [ui.py:116]  📊 正在向表格插入数据: 2025-06-26 11:20:14, 小团体, self, [动画表情]
2025-06-26 11:20:51 [wxauto] [DEBUG] [wx.py:205]  [system base]获取到新消息：小团体 - 以下为新消息
2025-06-26 11:20:51 [WeChatBot] [INFO] [main.py:19]  📩 收到消息事件：以下为新消息 来自 小团体
2025-06-26 11:20:51 [WeChatBot] [DEBUG] [main.py:21]  🔔 已触发 message_received.emit()
2025-06-26 11:20:51 [wxauto] [DEBUG] [wx.py:205]  [friend text]获取到新消息：小团体 - 分析一下6月25号异世浮华的8场对局@nuomy 
2025-06-26 11:20:51 [root] [DEBUG] [ui.py:147]  📨 接收到消息: 以下为新消息 来自 小团体
2025-06-26 11:20:51 [root] [DEBUG] [ui.py:116]  📊 正在向表格插入数据: 2025-06-26 11:20:51, 小团体, system, 以下为新消息
2025-06-26 11:20:51 [WeChatBot] [INFO] [main.py:19]  📩 收到消息事件：分析一下6月25号异世浮华的8场对局@nuomy  来自 小团体
2025-06-26 11:20:51 [WeChatBot] [DEBUG] [main.py:21]  🔔 已触发 message_received.emit()
2025-06-26 11:20:51 [root] [DEBUG] [ui.py:147]  📨 接收到消息: 分析一下6月25号异世浮华的8场对局@nuomy  来自 小团体
2025-06-26 11:20:51 [root] [DEBUG] [ui.py:116]  📊 正在向表格插入数据: 2025-06-26 11:20:51, 小团体, xbfe, 分析一下6月25号异世浮华的8场对局@nuomy 
2025-06-26 11:21:04 [wxauto] [DEBUG] [wx.py:205]  [self text]获取到新消息：小团体 - [动画表情]
2025-06-26 11:21:04 [WeChatBot] [INFO] [main.py:19]  📩 收到消息事件：[动画表情] 来自 小团体
2025-06-26 11:21:04 [root] [DEBUG] [ui.py:147]  📨 接收到消息: [动画表情] 来自 小团体
2025-06-26 11:21:04 [WeChatBot] [DEBUG] [main.py:21]  🔔 已触发 message_received.emit()
2025-06-26 11:21:04 [root] [DEBUG] [ui.py:116]  📊 正在向表格插入数据: 2025-06-26 11:21:04, 小团体, self, [动画表情]
2025-06-26 11:21:15 [wxauto] [DEBUG] [wx.py:205]  [self text]获取到新消息：小团体 - 评价：可惜
2025-06-26 11:21:15 [WeChatBot] [INFO] [main.py:19]  📩 收到消息事件：评价：可惜 来自 小团体
2025-06-26 11:21:15 [WeChatBot] [DEBUG] [main.py:21]  🔔 已触发 message_received.emit()
2025-06-26 11:21:15 [root] [DEBUG] [ui.py:147]  📨 接收到消息: 评价：可惜 来自 小团体
2025-06-26 11:21:15 [root] [DEBUG] [ui.py:116]  📊 正在向表格插入数据: 2025-06-26 11:21:15, 小团体, self, 评价：可惜
2025-06-26 11:21:45 [wxauto] [DEBUG] [wx.py:205]  [friend text]获取到新消息：小团体 - 请问jokerlaugh为什么是神
2025-06-26 11:21:45 [WeChatBot] [INFO] [main.py:19]  📩 收到消息事件：请问jokerlaugh为什么是神 来自 小团体
2025-06-26 11:21:45 [WeChatBot] [DEBUG] [main.py:21]  🔔 已触发 message_received.emit()
2025-06-26 11:21:45 [root] [DEBUG] [ui.py:147]  📨 接收到消息: 请问jokerlaugh为什么是神 来自 小团体
2025-06-26 11:21:45 [root] [DEBUG] [ui.py:116]  📊 正在向表格插入数据: 2025-06-26 11:21:45, 小团体, 刘小贱, 请问jokerlaugh为什么是神
2025-06-26 11:22:12 [wxauto] [DEBUG] [wx.py:205]  [self text]获取到新消息：小团体 - 神本是神，无需多言
2025-06-26 11:22:12 [WeChatBot] [INFO] [main.py:19]  📩 收到消息事件：神本是神，无需多言 来自 小团体
2025-06-26 11:22:12 [WeChatBot] [DEBUG] [main.py:21]  🔔 已触发 message_received.emit()
2025-06-26 11:22:12 [root] [DEBUG] [ui.py:147]  📨 接收到消息: 神本是神，无需多言 来自 小团体
2025-06-26 11:22:12 [root] [DEBUG] [ui.py:116]  📊 正在向表格插入数据: 2025-06-26 11:22:12, 小团体, self, 神本是神，无需多言
2025-06-26 11:23:09 [wxauto] [DEBUG] [wx.py:205]  [friend text]获取到新消息：小团体 - 神の鲁莽灰机
2025-06-26 11:23:09 [WeChatBot] [INFO] [main.py:19]  📩 收到消息事件：神の鲁莽灰机 来自 小团体
2025-06-26 11:23:09 [WeChatBot] [DEBUG] [main.py:21]  🔔 已触发 message_received.emit()
2025-06-26 11:23:09 [root] [DEBUG] [ui.py:147]  📨 接收到消息: 神の鲁莽灰机 来自 小团体
2025-06-26 11:23:09 [root] [DEBUG] [ui.py:116]  📊 正在向表格插入数据: 2025-06-26 11:23:09, 小团体, 刘小贱, 神の鲁莽灰机
2025-06-26 11:41:01 [wxauto] [DEBUG] [wx.py:205]  [system base]获取到新消息：小团体 - 以下为新消息
2025-06-26 11:41:01 [WeChatBot] [INFO] [main.py:19]  📩 收到消息事件：以下为新消息 来自 小团体
2025-06-26 11:41:01 [root] [DEBUG] [ui.py:147]  📨 接收到消息: 以下为新消息 来自 小团体
2025-06-26 11:41:01 [WeChatBot] [DEBUG] [main.py:21]  🔔 已触发 message_received.emit()
2025-06-26 11:41:01 [wxauto] [DEBUG] [wx.py:205]  [friend text]获取到新消息：小团体 - 五杀摇滚乐队鼓手
2025-06-26 11:41:01 [root] [DEBUG] [ui.py:116]  📊 正在向表格插入数据: 2025-06-26 11:41:01, 小团体, system, 以下为新消息
2025-06-26 11:41:01 [WeChatBot] [INFO] [main.py:19]  📩 收到消息事件：五杀摇滚乐队鼓手 来自 小团体
2025-06-26 11:41:01 [WeChatBot] [DEBUG] [main.py:21]  🔔 已触发 message_received.emit()
2025-06-26 11:41:01 [root] [DEBUG] [ui.py:147]  📨 接收到消息: 五杀摇滚乐队鼓手 来自 小团体
2025-06-26 11:41:01 [root] [DEBUG] [ui.py:116]  📊 正在向表格插入数据: 2025-06-26 11:41:01, 小团体, 心上秋, 五杀摇滚乐队鼓手
