2025-06-24 19:02:29 [INFO] 收到来自 wxauto测试2 窗口 ??? 的消息: 111
2025-06-24 19:02:46 [INFO] 收到来自 wxauto测试2 窗口 system 的消息: 以下为新消息
2025-06-24 19:02:46 [INFO] 收到来自 wxauto测试2 窗口 ??? 的消息: 打卡
2025-06-24 19:04:41 [INFO] 收到来自 wxauto测试2 窗口 system 的消息: 以下为新消息
2025-06-24 19:04:41 [INFO] 收到来自 wxauto测试2 窗口 ??? 的消息: 打卡
2025-06-24 19:08:24 [INFO] 收到来自 wxauto测试2 窗口 system 的消息: 以下为新消息
2025-06-24 19:08:24 [DEBUG] 收到消息内容: 以下为新消息, 类型: <class 'wxauto.msgs.attr.SystemMessage'>
2025-06-24 19:08:24 [INFO] 收到来自 wxauto测试2 窗口 ??? 的消息: ？
2025-06-24 19:08:24 [DEBUG] 收到消息内容: ？, 类型: <class 'wxauto.msgs.friend.FriendTextMessage'>
2025-06-24 19:08:34 [INFO] 收到来自 wxauto测试2 窗口 system 的消息: 以下为新消息
2025-06-24 19:08:34 [DEBUG] 收到消息内容: 以下为新消息, 类型: <class 'wxauto.msgs.attr.SystemMessage'>
2025-06-24 19:08:34 [INFO] 收到来自 wxauto测试2 窗口 ??? 的消息: 打卡
2025-06-24 19:08:34 [DEBUG] 收到消息内容: 打卡, 类型: <class 'wxauto.msgs.friend.FriendTextMessage'>
2025-06-24 19:08:37 [INFO] 收到来自 wxauto测试2 窗口 self 的消息: ??? 打卡成功！时间：2025-06-24 19:08:34，已连续打卡 1 天
2025-06-24 19:08:37 [DEBUG] 收到消息内容: ??? 打卡成功！时间：2025-06-24 19:08:34，已连续打卡 1 天, 类型: <class 'wxauto.msgs.self.SelfTextMessage'>
2025-06-24 19:11:03 [INFO] 收到来自 wxauto测试2 窗口 ??? 的消息: 1
2025-06-24 19:11:03 [DEBUG] 收到消息内容: 1, 类型: <class 'wxauto.msgs.friend.FriendTextMessage'>
2025-06-24 19:11:10 [INFO] 收到来自 wxauto测试2 窗口 system 的消息: 以下为新消息
2025-06-24 19:11:10 [DEBUG] 收到消息内容: 以下为新消息, 类型: <class 'wxauto.msgs.attr.SystemMessage'>
2025-06-24 19:11:10 [INFO] 收到来自 wxauto测试2 窗口 ??? 的消息: 22222
2025-06-24 19:11:10 [DEBUG] 收到消息内容: 22222, 类型: <class 'wxauto.msgs.friend.FriendTextMessage'>
2025-06-24 19:11:17 [INFO] 收到来自 wxauto测试2 窗口 ??? 的消息: 你
2025-06-24 19:11:17 [DEBUG] 收到消息内容: 你, 类型: <class 'wxauto.msgs.friend.FriendTextMessage'>
2025-06-24 19:11:33 [INFO] 收到来自 wxauto测试2 窗口 system 的消息: 以下为新消息
2025-06-24 19:11:33 [DEBUG] 收到消息内容: 以下为新消息, 类型: <class 'wxauto.msgs.attr.SystemMessage'>
2025-06-24 19:11:33 [INFO] 收到来自 wxauto测试2 窗口 刘小贱 的消息: 你
2025-06-24 19:11:33 [DEBUG] 收到消息内容: 你, 类型: <class 'wxauto.msgs.friend.FriendTextMessage'>
2025-06-24 19:12:19 [INFO] 收到来自 wxauto测试2 窗口 system 的消息: 以下为新消息
2025-06-24 19:12:19 [DEBUG] 收到消息内容: 以下为新消息, 类型: <class 'wxauto.msgs.attr.SystemMessage'>
2025-06-24 19:12:19 [INFO] 收到来自 wxauto测试2 窗口 ??? 的消息: 他
2025-06-24 19:12:19 [DEBUG] 收到消息内容: 他, 类型: <class 'wxauto.msgs.friend.FriendTextMessage'>
2025-06-24 19:20:03 [INFO] 收到来自 wxauto测试2 窗口 system 的消息: 以下为新消息
2025-06-24 19:20:03 [DEBUG] 收到消息内容: 以下为新消息, 类型: <class 'wxauto.msgs.attr.SystemMessage'>
2025-06-24 19:20:03 [INFO] 收到来自 wxauto测试2 窗口 ??? 的消息: 111
2025-06-24 19:20:03 [DEBUG] 收到消息内容: 111, 类型: <class 'wxauto.msgs.friend.FriendTextMessage'>
2025-06-24 19:21:36 [INFO] 收到来自 wxauto测试2 窗口 system 的消息: 以下为新消息
2025-06-24 19:21:36 [DEBUG] 收到消息内容: 以下为新消息, 类型: <class 'wxauto.msgs.attr.SystemMessage'>
2025-06-24 19:21:36 [INFO] 收到来自 wxauto测试2 窗口 ??? 的消息: 打卡
2025-06-24 19:21:36 [DEBUG] 收到消息内容: 打卡, 类型: <class 'wxauto.msgs.friend.FriendTextMessage'>
2025-06-24 19:21:40 [INFO] 收到来自 wxauto测试2 窗口 self 的消息: 今日已打卡
2025-06-24 19:21:40 [DEBUG] 收到消息内容: 今日已打卡, 类型: <class 'wxauto.msgs.self.SelfTextMessage'>
2025-06-24 19:27:30 [INFO] 📩 收到消息事件：以下为新消息 来自 wxauto测试2
2025-06-24 19:27:30 [DEBUG] 🔔 已触发 message_received.emit()
2025-06-24 19:27:30 [INFO] 📩 收到消息事件：打卡 来自 wxauto测试2
2025-06-24 19:27:30 [DEBUG] 🔔 已触发 message_received.emit()
2025-06-24 19:27:34 [INFO] 📩 收到消息事件：今日已打卡 来自 wxauto测试2
2025-06-24 19:27:34 [DEBUG] 🔔 已触发 message_received.emit()
2025-06-24 19:35:12 [INFO] 📩 收到消息事件：以下为新消息 来自 wxauto测试2
2025-06-24 19:35:12 [DEBUG] 🔔 已触发 message_received.emit()
2025-06-24 19:35:12 [INFO] 📩 收到消息事件：1 来自 wxauto测试2
2025-06-24 19:35:12 [DEBUG] 🔔 已触发 message_received.emit()
2025-06-24 19:38:01 [INFO] 📩 收到消息事件：1 来自 wxauto测试2
2025-06-24 19:38:01 [DEBUG] 🔔 已触发 message_received.emit()
2025-06-24 19:45:47 [INFO] 📩 收到消息事件：以下为新消息 来自 wxauto测试2
2025-06-24 19:45:47 [DEBUG] 🔔 已触发 message_received.emit()
2025-06-24 19:45:47 [INFO] 📩 收到消息事件：1 来自 wxauto测试2
2025-06-24 19:45:47 [DEBUG] 🔔 已触发 message_received.emit()
2025-06-25 08:04:05 [INFO] 📩 收到消息事件：以下为新消息 来自 巴啦啦抠脚堡
2025-06-25 08:04:05 [DEBUG] 🔔 已触发 message_received.emit()
2025-06-25 08:04:05 [INFO] 📩 收到消息事件：打卡 来自 巴啦啦抠脚堡
2025-06-25 08:04:05 [DEBUG] 🔔 已触发 message_received.emit()
2025-06-25 08:04:09 [INFO] 📩 收到消息事件：??? 打卡成功！时间：2025-06-25 08:04:05，已连续打卡 1 天 来自 巴啦啦抠脚堡
2025-06-25 08:04:09 [DEBUG] 🔔 已触发 message_received.emit()
2025-06-25 08:04:16 [INFO] 📩 收到消息事件：以下为新消息 来自 巴啦啦抠脚堡
2025-06-25 08:04:16 [DEBUG] 🔔 已触发 message_received.emit()
2025-06-25 08:04:16 [INFO] 📩 收到消息事件：打卡 来自 巴啦啦抠脚堡
2025-06-25 08:04:16 [DEBUG] 🔔 已触发 message_received.emit()
2025-06-25 08:04:19 [INFO] 📩 收到消息事件：Gesla 打卡成功！时间：2025-06-25 08:04:16，已连续打卡 1 天 来自 巴啦啦抠脚堡
2025-06-25 08:04:19 [DEBUG] 🔔 已触发 message_received.emit()
2025-06-25 08:04:36 [INFO] 📩 收到消息事件：8:04 来自 小团体
2025-06-25 08:04:36 [DEBUG] 🔔 已触发 message_received.emit()
2025-06-25 08:04:36 [INFO] 📩 收到消息事件：emmm 来自 小团体
2025-06-25 08:04:36 [DEBUG] 🔔 已触发 message_received.emit()
2025-06-25 08:04:46 [INFO] 📩 收到消息事件：8:04 来自 小团体
2025-06-25 08:04:46 [DEBUG] 🔔 已触发 message_received.emit()
2025-06-25 08:04:46 [INFO] 📩 收到消息事件："???" 撤回了一条消息 来自 小团体
2025-06-25 08:04:46 [DEBUG] 🔔 已触发 message_received.emit()
2025-06-25 08:04:50 [INFO] 📩 收到消息事件：emmmm 来自 巴啦啦抠脚堡
2025-06-25 08:04:50 [DEBUG] 🔔 已触发 message_received.emit()
2025-06-25 08:05:18 [INFO] 📩 收到消息事件：以下为新消息 来自 巴啦啦抠脚堡
2025-06-25 08:05:18 [DEBUG] 🔔 已触发 message_received.emit()
2025-06-25 08:05:18 [INFO] 📩 收到消息事件：我去看看 来自 巴啦啦抠脚堡
2025-06-25 08:05:18 [DEBUG] 🔔 已触发 message_received.emit()
2025-06-25 08:14:43 [INFO] 📩 收到消息事件：以下为新消息 来自 巴啦啦抠脚堡
2025-06-25 08:14:43 [DEBUG] 🔔 已触发 message_received.emit()
2025-06-25 08:14:43 [INFO] 📩 收到消息事件：打卡 来自 巴啦啦抠脚堡
2025-06-25 08:14:43 [DEBUG] 🔔 已触发 message_received.emit()
2025-06-25 08:14:43 [DEBUG] 🛠️ 正在执行打卡功能
2025-06-25 08:14:47 [INFO] 📩 收到消息事件：??? 打卡成功！时间：2025-06-25 08:14:43，已连续打卡 4 天 来自 巴啦啦抠脚堡
2025-06-25 08:14:47 [DEBUG] 🔔 已触发 message_received.emit()
2025-06-25 08:14:54 [INFO] 📩 收到消息事件：以下为新消息 来自 小团体
2025-06-25 08:14:54 [DEBUG] 🔔 已触发 message_received.emit()
2025-06-25 08:14:54 [INFO] 📩 收到消息事件：打卡 来自 小团体
2025-06-25 08:14:54 [DEBUG] 🔔 已触发 message_received.emit()
2025-06-25 08:14:54 [DEBUG] 🛠️ 正在执行打卡功能
2025-06-25 08:14:57 [INFO] 📩 收到消息事件：??? 打卡成功！时间：2025-06-25 08:14:54，已连续打卡 4 天 来自 小团体
2025-06-25 08:14:57 [DEBUG] 🔔 已触发 message_received.emit()
2025-06-25 08:16:00 [INFO] 📩 收到消息事件：以下为新消息 来自 小团体
2025-06-25 08:16:00 [DEBUG] 🔔 已触发 message_received.emit()
2025-06-25 08:16:00 [INFO] 📩 收到消息事件：打卡 来自 小团体
2025-06-25 08:16:00 [DEBUG] 🔔 已触发 message_received.emit()
2025-06-25 08:16:00 [DEBUG] 🛠️ 正在执行打卡功能
2025-06-25 08:16:00 [DEBUG] 💾 准备写入打卡记录至: ./data/checkin/checkin_records_小团体.csv
2025-06-25 08:16:00 [INFO] ✅ 打卡成功: 心上秋, 连续打卡: 6 天
2025-06-25 08:16:03 [INFO] 📩 收到消息事件：以下为新消息 来自 wxauto测试3
2025-06-25 08:16:03 [DEBUG] 🔔 已触发 message_received.emit()
2025-06-25 08:16:03 [INFO] 📩 收到消息事件：打卡 来自 wxauto测试3
2025-06-25 08:16:03 [DEBUG] 🔔 已触发 message_received.emit()
2025-06-25 08:16:03 [DEBUG] 🛠️ 正在执行打卡功能
2025-06-25 08:16:03 [DEBUG] 💾 准备写入打卡记录至: ./data/checkin/checkin_records_wxauto测试3.csv
2025-06-25 08:16:03 [INFO] ✅ 打卡成功: ???, 连续打卡: 1 天
2025-06-25 08:16:05 [INFO] 📩 收到消息事件：心上秋 打卡成功！时间：2025-06-25 08:16:00，已连续打卡 6 天 来自 小团体
2025-06-25 08:16:05 [DEBUG] 🔔 已触发 message_received.emit()
2025-06-25 08:16:07 [INFO] 📩 收到消息事件：??? 打卡成功！时间：2025-06-25 08:16:03，已连续打卡 1 天 来自 wxauto测试3
2025-06-25 08:16:07 [DEBUG] 🔔 已触发 message_received.emit()
2025-06-25 08:22:41 [INFO] 📩 收到消息事件：以下为新消息 来自 巴啦啦抠脚堡
2025-06-25 08:23:54 [DEBUG] 🔔 已触发 message_received.emit()
2025-06-25 08:23:54 [INFO] 📩 收到消息事件：你干嘛又打 来自 巴啦啦抠脚堡
2025-06-25 08:23:54 [DEBUG] 🔔 已触发 message_received.emit()
2025-06-25 08:23:56 [INFO] 📩 收到消息事件：你连续打卡1天呢 来自 巴啦啦抠脚堡
2025-06-25 08:23:56 [DEBUG] 🔔 已触发 message_received.emit()
2025-06-25 08:23:56 [INFO] 📩 收到消息事件：刚刚数据记录错位置了 来自 巴啦啦抠脚堡
2025-06-25 08:23:56 [DEBUG] 🔔 已触发 message_received.emit()
2025-06-25 08:23:56 [INFO] 📩 收到消息事件：昨天改了下结构 来自 巴啦啦抠脚堡
2025-06-25 08:23:56 [DEBUG] 🔔 已触发 message_received.emit()
2025-06-25 08:23:56 [INFO] 📩 收到消息事件：你再打一次 来自 巴啦啦抠脚堡
2025-06-25 08:23:56 [DEBUG] 🔔 已触发 message_received.emit()
2025-06-25 08:23:56 [INFO] 📩 收到消息事件：以下为新消息 来自 巴啦啦抠脚堡
2025-06-25 08:23:56 [DEBUG] 🔔 已触发 message_received.emit()
2025-06-25 08:23:56 [INFO] 📩 收到消息事件：打卡 来自 巴啦啦抠脚堡
2025-06-25 08:23:56 [DEBUG] 🔔 已触发 message_received.emit()
2025-06-25 08:23:56 [DEBUG] 🛠️ 正在执行打卡功能
2025-06-25 08:23:56 [DEBUG] 💾 准备写入打卡记录至: ./data/checkin/checkin_records_巴啦啦抠脚堡.csv
2025-06-25 08:23:56 [INFO] ✅ 打卡成功: Gesla, 连续打卡: 4 天
2025-06-25 08:23:58 [INFO] 📩 收到消息事件：？？？？ 来自 巴啦啦抠脚堡
2025-06-25 08:23:58 [DEBUG] 🔔 已触发 message_received.emit()
2025-06-25 08:24:00 [INFO] 📩 收到消息事件：Gesla 打卡成功！时间：2025-06-25 08:23:56，已连续打卡 4 天 来自 巴啦啦抠脚堡
2025-06-25 08:24:00 [DEBUG] 🔔 已触发 message_received.emit()
2025-06-25 08:24:19 [INFO] 📩 收到消息事件：以下为新消息 来自 wxauto测试2
2025-06-25 08:24:19 [DEBUG] 🔔 已触发 message_received.emit()
2025-06-25 08:24:19 [INFO] 📩 收到消息事件：打卡 来自 wxauto测试2
2025-06-25 08:24:19 [DEBUG] 🔔 已触发 message_received.emit()
2025-06-25 08:24:19 [DEBUG] 🛠️ 正在执行打卡功能
2025-06-25 08:24:19 [DEBUG] 💾 准备写入打卡记录至: ./data/checkin/checkin_records_wxauto测试2.csv
2025-06-25 08:24:19 [INFO] ✅ 打卡成功: ???, 连续打卡: 2 天
2025-06-25 08:24:23 [INFO] 📩 收到消息事件：??? 打卡成功！时间：2025-06-25 08:24:19，已连续打卡 2 天 来自 wxauto测试2
2025-06-25 08:24:23 [DEBUG] 🔔 已触发 message_received.emit()
2025-06-25 08:24:34 [INFO] 📩 收到消息事件：奇怪怎么突然卡了刚刚 来自 巴啦啦抠脚堡
2025-06-25 08:24:34 [DEBUG] 🔔 已触发 message_received.emit()
2025-06-25 08:30:30 [INFO] 📩 收到消息事件：以下为新消息 来自 wxauto测试2
2025-06-25 08:30:30 [DEBUG] 🔔 已触发 message_received.emit()
2025-06-25 08:30:30 [INFO] 📩 收到消息事件：1 来自 wxauto测试2
2025-06-25 08:30:30 [DEBUG] 🔔 已触发 message_received.emit()
2025-06-25 08:44:47 [INFO] 📩 收到消息事件：以下为新消息 来自 wxauto测试2
2025-06-25 08:44:47 [DEBUG] 🔔 已触发 message_received.emit()
2025-06-25 08:44:47 [INFO] 📩 收到消息事件：1 来自 wxauto测试2
2025-06-25 08:44:47 [DEBUG] 🔔 已触发 message_received.emit()
2025-06-25 08:50:30 [INFO] 📩 收到消息事件：以下为新消息 来自 巴啦啦抠脚堡
2025-06-25 08:50:30 [DEBUG] 🔔 已触发 message_received.emit()
2025-06-25 08:50:30 [INFO] 📩 收到消息事件：打卡 来自 巴啦啦抠脚堡
2025-06-25 08:50:30 [DEBUG] 🔔 已触发 message_received.emit()
2025-06-25 08:50:30 [DEBUG] 🛠️ 正在执行打卡功能
2025-06-25 08:50:30 [DEBUG] 💾 准备写入打卡记录至: ./data/checkin/checkin_records_巴啦啦抠脚堡.csv
2025-06-25 08:50:30 [INFO] ✅ 打卡成功: ツ, 连续打卡: 4 天
2025-06-25 08:50:34 [INFO] 📩 收到消息事件：有ツ 打卡成功！时间：2025-06-25 08:50:30，已连续打卡 4 天 来自 巴啦啦抠脚堡
2025-06-25 08:50:34 [DEBUG] 🔔 已触发 message_received.emit()
2025-06-25 08:51:12 [INFO] 📩 收到消息事件：林总早 来自 巴啦啦抠脚堡
2025-06-25 08:51:12 [DEBUG] 🔔 已触发 message_received.emit()
2025-06-25 09:06:07 [INFO] 📩 收到消息事件：以下为新消息 来自 wxauto测试2
2025-06-25 09:06:07 [DEBUG] 🔔 已触发 message_received.emit()
2025-06-25 09:06:07 [INFO] 📩 收到消息事件：1 来自 wxauto测试2
2025-06-25 09:06:07 [DEBUG] 🔔 已触发 message_received.emit()
2025-06-25 09:23:29 [INFO] 📩 收到消息事件：以下为新消息 来自 wxauto测试3
2025-06-25 09:23:29 [DEBUG] 🔔 已触发 message_received.emit()
2025-06-25 09:23:29 [INFO] 📩 收到消息事件：1 来自 wxauto测试3
2025-06-25 09:23:29 [DEBUG] 🔔 已触发 message_received.emit()
2025-06-25 09:37:49 [INFO] 📩 收到消息事件：以下为新消息 来自 wxauto测试3
2025-06-25 09:37:49 [DEBUG] 🔔 已触发 message_received.emit()
2025-06-25 09:37:49 [INFO] 📩 收到消息事件：1 来自 wxauto测试3
2025-06-25 09:37:49 [DEBUG] 🔔 已触发 message_received.emit()
2025-06-25 09:38:09 [INFO] 📩 收到消息事件：以下为新消息 来自 wxauto测试2
2025-06-25 09:38:09 [DEBUG] 🔔 已触发 message_received.emit()
2025-06-25 09:38:09 [INFO] 📩 收到消息事件：2 来自 wxauto测试2
2025-06-25 09:38:09 [DEBUG] 🔔 已触发 message_received.emit()
2025-06-25 10:03:26 [INFO] 📩 收到消息事件：以下为新消息 来自 wxauto测试2
2025-06-25 10:03:26 [DEBUG] 🔔 已触发 message_received.emit()
2025-06-25 10:03:26 [INFO] 📩 收到消息事件：1 来自 wxauto测试2
2025-06-25 10:03:26 [DEBUG] 🔔 已触发 message_received.emit()
2025-06-25 10:03:38 [INFO] 📩 收到消息事件：以下为新消息 来自 wxauto测试3
2025-06-25 10:03:38 [DEBUG] 🔔 已触发 message_received.emit()
2025-06-25 10:03:38 [INFO] 📩 收到消息事件：3 来自 wxauto测试3
2025-06-25 10:03:38 [DEBUG] 🔔 已触发 message_received.emit()
2025-06-25 10:09:49 [INFO] 📩 收到消息事件：以下为新消息 来自 wxauto测试3
2025-06-25 10:09:49 [DEBUG] 🔔 已触发 message_received.emit()
2025-06-25 10:09:49 [INFO] 📩 收到消息事件：1 来自 wxauto测试3
2025-06-25 10:09:49 [DEBUG] 🔔 已触发 message_received.emit()
2025-06-25 10:10:03 [INFO] 📩 收到消息事件：以下为新消息 来自 wxauto测试3
2025-06-25 10:10:03 [DEBUG] 🔔 已触发 message_received.emit()
2025-06-25 10:10:03 [INFO] 📩 收到消息事件：1 来自 wxauto测试3
2025-06-25 10:10:03 [DEBUG] 🔔 已触发 message_received.emit()
2025-06-25 10:16:33 [INFO] 📩 收到消息事件：10:16 来自 wxauto测试3
2025-06-25 10:16:33 [DEBUG] 🔔 已触发 message_received.emit()
2025-06-25 10:16:33 [INFO] 📩 收到消息事件：1 来自 wxauto测试3
2025-06-25 10:16:33 [DEBUG] 🔔 已触发 message_received.emit()
2025-06-25 10:23:53 [INFO] 📩 收到消息事件：以下为新消息 来自 wxauto测试3
2025-06-25 10:23:53 [DEBUG] 🔔 已触发 message_received.emit()
2025-06-25 10:23:54 [INFO] 📩 收到消息事件：1 来自 wxauto测试3
2025-06-25 10:23:54 [DEBUG] 🔔 已触发 message_received.emit()
2025-06-25 10:32:00 [INFO] 📩 收到消息事件：10:31 来自 wxauto测试3
2025-06-25 10:32:00 [DEBUG] 🔔 已触发 message_received.emit()
2025-06-25 10:32:00 [INFO] 📩 收到消息事件：1 来自 wxauto测试3
2025-06-25 10:32:00 [DEBUG] 🔔 已触发 message_received.emit()
2025-06-25 10:56:51 [INFO] 📩 收到消息事件：以下为新消息 来自 wxauto测试3
2025-06-25 10:56:51 [DEBUG] 🔔 已触发 message_received.emit()
2025-06-25 10:56:51 [INFO] 📩 收到消息事件：1 来自 wxauto测试3
2025-06-25 10:56:51 [DEBUG] 🔔 已触发 message_received.emit()
2025-06-25 10:57:21 [INFO] 📩 收到消息事件：以下为新消息 来自 wxauto测试3
2025-06-25 10:57:21 [DEBUG] 🔔 已触发 message_received.emit()
2025-06-25 10:57:21 [INFO] 📩 收到消息事件：1 来自 wxauto测试3
2025-06-25 10:57:21 [DEBUG] 🔔 已触发 message_received.emit()
2025-06-25 10:57:27 [INFO] 📩 收到消息事件：以下为新消息 来自 wxauto测试3
2025-06-25 10:57:27 [DEBUG] 🔔 已触发 message_received.emit()
2025-06-25 10:57:27 [INFO] 📩 收到消息事件：赓续 来自 wxauto测试3
2025-06-25 10:57:27 [DEBUG] 🔔 已触发 message_received.emit()
2025-06-25 11:00:44 [INFO] 📩 收到消息事件：以下为新消息 来自 巴啦啦抠脚堡
2025-06-25 11:00:44 [DEBUG] 🔔 已触发 message_received.emit()
2025-06-25 11:00:44 [INFO] 📩 收到消息事件：以下为新消息 来自 巴啦啦抠脚堡
2025-06-25 11:00:44 [DEBUG] 🔔 已触发 message_received.emit()
2025-06-25 11:00:44 [INFO] 📩 收到消息事件：好傻逼 来自 巴啦啦抠脚堡
2025-06-25 11:00:44 [DEBUG] 🔔 已触发 message_received.emit()
2025-06-25 11:00:44 [INFO] 📩 收到消息事件：好傻逼 来自 巴啦啦抠脚堡
2025-06-25 11:00:44 [DEBUG] 🔔 已触发 message_received.emit()
2025-06-25 11:01:01 [INFO] 📩 收到消息事件：以下为新消息 来自 巴啦啦抠脚堡
2025-06-25 11:01:01 [DEBUG] 🔔 已触发 message_received.emit()
2025-06-25 11:01:01 [INFO] 📩 收到消息事件：以下为新消息 来自 巴啦啦抠脚堡
2025-06-25 11:01:01 [DEBUG] 🔔 已触发 message_received.emit()
2025-06-25 11:01:01 [INFO] 📩 收到消息事件：[动画表情] 来自 巴啦啦抠脚堡
2025-06-25 11:01:01 [DEBUG] 🔔 已触发 message_received.emit()
2025-06-25 11:01:01 [INFO] 📩 收到消息事件：[动画表情] 来自 巴啦啦抠脚堡
2025-06-25 11:01:01 [DEBUG] 🔔 已触发 message_received.emit()
2025-06-25 11:01:01 [INFO] 📩 收到消息事件：是啊 而且两个人牛头不对马嘴也能吵 来自 巴啦啦抠脚堡
2025-06-25 11:01:01 [DEBUG] 🔔 已触发 message_received.emit()
2025-06-25 11:01:01 [INFO] 📩 收到消息事件：是啊 而且两个人牛头不对马嘴也能吵 来自 巴啦啦抠脚堡
2025-06-25 11:01:01 [DEBUG] 🔔 已触发 message_received.emit()
2025-06-25 11:01:10 [INFO] 📩 收到消息事件：完全不理解对方说啥 来自 巴啦啦抠脚堡
2025-06-25 11:01:10 [DEBUG] 🔔 已触发 message_received.emit()
2025-06-25 11:01:10 [INFO] 📩 收到消息事件：完全不理解对方说啥 来自 巴啦啦抠脚堡
2025-06-25 11:01:10 [DEBUG] 🔔 已触发 message_received.emit()
2025-06-25 11:01:17 [INFO] 📩 收到消息事件：以下为新消息 来自 巴啦啦抠脚堡
2025-06-25 11:01:17 [DEBUG] 🔔 已触发 message_received.emit()
2025-06-25 11:01:17 [INFO] 📩 收到消息事件：以下为新消息 来自 巴啦啦抠脚堡
2025-06-25 11:01:17 [DEBUG] 🔔 已触发 message_received.emit()
2025-06-25 11:01:17 [INFO] 📩 收到消息事件：硬要吵 来自 巴啦啦抠脚堡
2025-06-25 11:01:17 [DEBUG] 🔔 已触发 message_received.emit()
2025-06-25 11:01:17 [INFO] 📩 收到消息事件：硬要吵 来自 巴啦啦抠脚堡
2025-06-25 11:01:17 [DEBUG] 🔔 已触发 message_received.emit()
2025-06-25 11:02:26 [INFO] 📩 收到消息事件：以下为新消息 来自 巴啦啦抠脚堡
2025-06-25 11:02:26 [DEBUG] 🔔 已触发 message_received.emit()
2025-06-25 11:02:26 [INFO] 📩 收到消息事件：以下为新消息 来自 巴啦啦抠脚堡
2025-06-25 11:02:26 [DEBUG] 🔔 已触发 message_received.emit()
2025-06-25 11:02:27 [INFO] 📩 收到消息事件：不过那个叫小虎的  是真有病 来自 巴啦啦抠脚堡
2025-06-25 11:02:27 [DEBUG] 🔔 已触发 message_received.emit()
2025-06-25 11:02:27 [INFO] 📩 收到消息事件：不过那个叫小虎的  是真有病 来自 巴啦啦抠脚堡
2025-06-25 11:02:27 [DEBUG] 🔔 已触发 message_received.emit()
2025-06-25 11:02:35 [INFO] 📩 收到消息事件：[动画表情] 来自 巴啦啦抠脚堡
2025-06-25 11:02:35 [INFO] 📩 收到消息事件：[动画表情] 来自 巴啦啦抠脚堡
2025-06-25 11:02:35 [DEBUG] 🔔 已触发 message_received.emit()
2025-06-25 11:02:35 [DEBUG] 🔔 已触发 message_received.emit()
2025-06-25 11:03:10 [INFO] 📩 收到消息事件：也没惹到他 直接开始人身攻击了 来自 巴啦啦抠脚堡
2025-06-25 11:03:10 [INFO] 📩 收到消息事件：也没惹到他 直接开始人身攻击了 来自 巴啦啦抠脚堡
2025-06-25 11:03:10 [DEBUG] 🔔 已触发 message_received.emit()
2025-06-25 11:03:10 [DEBUG] 🔔 已触发 message_received.emit()
2025-06-25 11:03:50 [INFO] 📩 收到消息事件：他认为自己条件很好吧 来自 巴啦啦抠脚堡
2025-06-25 11:03:50 [DEBUG] 🔔 已触发 message_received.emit()
2025-06-25 11:03:50 [INFO] 📩 收到消息事件：他认为自己条件很好吧 来自 巴啦啦抠脚堡
2025-06-25 11:03:50 [DEBUG] 🔔 已触发 message_received.emit()
2025-06-25 11:04:01 [INFO] 📩 收到消息事件：硬显摆 来自 巴啦啦抠脚堡
2025-06-25 11:04:01 [INFO] 📩 收到消息事件：硬显摆 来自 巴啦啦抠脚堡
2025-06-25 11:04:01 [DEBUG] 🔔 已触发 message_received.emit()
2025-06-25 11:04:01 [DEBUG] 🔔 已触发 message_received.emit()
2025-06-25 11:04:04 [INFO] 📩 收到消息事件：没人理他 来自 巴啦啦抠脚堡
2025-06-25 11:04:04 [INFO] 📩 收到消息事件：没人理他 来自 巴啦啦抠脚堡
2025-06-25 11:04:04 [DEBUG] 🔔 已触发 message_received.emit()
2025-06-25 11:04:04 [DEBUG] 🔔 已触发 message_received.emit()
2025-06-25 11:04:10 [INFO] 📩 收到消息事件：开始发狂哈哈哈哈 来自 巴啦啦抠脚堡
2025-06-25 11:04:10 [DEBUG] 🔔 已触发 message_received.emit()
2025-06-25 11:04:10 [INFO] 📩 收到消息事件：开始发狂哈哈哈哈 来自 巴啦啦抠脚堡
2025-06-25 11:04:10 [DEBUG] 🔔 已触发 message_received.emit()
2025-06-25 11:04:22 [INFO] 📩 收到消息事件：对啊 就很显摆 来自 巴啦啦抠脚堡
2025-06-25 11:04:22 [INFO] 📩 收到消息事件：对啊 就很显摆 来自 巴啦啦抠脚堡
2025-06-25 11:04:22 [DEBUG] 🔔 已触发 message_received.emit()
2025-06-25 11:04:22 [DEBUG] 🔔 已触发 message_received.emit()
2025-06-25 11:05:27 [INFO] 📩 收到消息事件：以下为新消息 来自 巴啦啦抠脚堡
2025-06-25 11:05:27 [DEBUG] 🔔 已触发 message_received.emit()
2025-06-25 11:05:27 [INFO] 📩 收到消息事件：以下为新消息 来自 巴啦啦抠脚堡
2025-06-25 11:05:27 [DEBUG] 🔔 已触发 message_received.emit()
2025-06-25 11:05:27 [INFO] 📩 收到消息事件：看到这个我都无语死了 来自 巴啦啦抠脚堡
2025-06-25 11:05:27 [INFO] 📩 收到消息事件：看到这个我都无语死了 来自 巴啦啦抠脚堡
2025-06-25 11:05:27 [DEBUG] 🔔 已触发 message_received.emit()
2025-06-25 11:05:27 [DEBUG] 🔔 已触发 message_received.emit()
2025-06-25 11:05:32 [INFO] 📩 收到消息事件：[图片] 来自 巴啦啦抠脚堡
2025-06-25 11:05:32 [INFO] 📩 收到消息事件：[图片] 来自 巴啦啦抠脚堡
2025-06-25 11:05:32 [DEBUG] 🔔 已触发 message_received.emit()
2025-06-25 11:05:32 [DEBUG] 🔔 已触发 message_received.emit()
2025-06-25 11:05:40 [INFO] 📩 收到消息事件：以下为新消息 来自 巴啦啦抠脚堡
2025-06-25 11:05:40 [DEBUG] 🔔 已触发 message_received.emit()
2025-06-25 11:05:40 [INFO] 📩 收到消息事件：以下为新消息 来自 巴啦啦抠脚堡
2025-06-25 11:05:40 [DEBUG] 🔔 已触发 message_received.emit()
2025-06-25 11:05:40 [INFO] 📩 收到消息事件：[动画表情] 来自 巴啦啦抠脚堡
2025-06-25 11:05:40 [DEBUG] 🔔 已触发 message_received.emit()
2025-06-25 11:05:40 [INFO] 📩 收到消息事件：[动画表情] 来自 巴啦啦抠脚堡
2025-06-25 11:05:40 [DEBUG] 🔔 已触发 message_received.emit()
2025-06-25 11:06:38 [INFO] 📩 收到消息事件：以下为新消息 来自 巴啦啦抠脚堡
2025-06-25 11:06:38 [DEBUG] 🔔 已触发 message_received.emit()
2025-06-25 11:06:38 [INFO] 📩 收到消息事件：以下为新消息 来自 巴啦啦抠脚堡
2025-06-25 11:06:38 [DEBUG] 🔔 已触发 message_received.emit()
2025-06-25 11:06:38 [INFO] 📩 收到消息事件：四套房 月薪十万还找不到 来自 巴啦啦抠脚堡
2025-06-25 11:06:38 [DEBUG] 🔔 已触发 message_received.emit()
2025-06-25 11:06:38 [INFO] 📩 收到消息事件：四套房 月薪十万还找不到 来自 巴啦啦抠脚堡
2025-06-25 11:06:38 [DEBUG] 🔔 已触发 message_received.emit()
2025-06-25 11:06:44 [INFO] 📩 收到消息事件：多半是傻逼吹牛呢 来自 巴啦啦抠脚堡
2025-06-25 11:06:44 [DEBUG] 🔔 已触发 message_received.emit()
2025-06-25 11:06:45 [INFO] 📩 收到消息事件：多半是傻逼吹牛呢 来自 巴啦啦抠脚堡
2025-06-25 11:06:45 [DEBUG] 🔔 已触发 message_received.emit()
2025-06-25 11:06:59 [INFO] 📩 收到消息事件：以下为新消息 来自 巴啦啦抠脚堡
2025-06-25 11:06:59 [DEBUG] 🔔 已触发 message_received.emit()
2025-06-25 11:06:59 [INFO] 📩 收到消息事件：以下为新消息 来自 巴啦啦抠脚堡
2025-06-25 11:06:59 [DEBUG] 🔔 已触发 message_received.emit()
2025-06-25 11:06:59 [INFO] 📩 收到消息事件：可想而知 人长的有多磕碜了 来自 巴啦啦抠脚堡
2025-06-25 11:06:59 [DEBUG] 🔔 已触发 message_received.emit()
2025-06-25 11:06:59 [INFO] 📩 收到消息事件：可想而知 人长的有多磕碜了 来自 巴啦啦抠脚堡
2025-06-25 11:06:59 [DEBUG] 🔔 已触发 message_received.emit()
2025-06-25 11:07:08 [INFO] 📩 收到消息事件：以下为新消息 来自 巴啦啦抠脚堡
2025-06-25 11:07:08 [DEBUG] 🔔 已触发 message_received.emit()
2025-06-25 11:07:08 [INFO] 📩 收到消息事件：以下为新消息 来自 巴啦啦抠脚堡
2025-06-25 11:07:08 [DEBUG] 🔔 已触发 message_received.emit()
2025-06-25 11:07:09 [INFO] 📩 收到消息事件：说不定呢
引用  的消息 : 多半是傻逼吹牛呢 来自 巴啦啦抠脚堡
2025-06-25 11:07:09 [DEBUG] 🔔 已触发 message_received.emit()
2025-06-25 11:07:09 [INFO] 📩 收到消息事件：说不定呢
引用  的消息 : 多半是傻逼吹牛呢 来自 巴啦啦抠脚堡
2025-06-25 11:07:09 [DEBUG] 🔔 已触发 message_received.emit()
2025-06-25 11:07:13 [INFO] 📩 收到消息事件：[动画表情] 来自 巴啦啦抠脚堡
2025-06-25 11:07:13 [INFO] 📩 收到消息事件：[动画表情] 来自 巴啦啦抠脚堡
2025-06-25 11:07:13 [DEBUG] 🔔 已触发 message_received.emit()
2025-06-25 11:07:13 [DEBUG] 🔔 已触发 message_received.emit()
2025-06-25 11:07:53 [INFO] 📩 收到消息事件：以下为新消息 来自 巴啦啦抠脚堡
2025-06-25 11:07:53 [DEBUG] 🔔 已触发 message_received.emit()
2025-06-25 11:07:53 [INFO] 📩 收到消息事件：以下为新消息 来自 巴啦啦抠脚堡
2025-06-25 11:07:53 [DEBUG] 🔔 已触发 message_received.emit()
2025-06-25 11:07:53 [INFO] 📩 收到消息事件：一整个发言都太大男子主义了 来自 巴啦啦抠脚堡
2025-06-25 11:07:53 [DEBUG] 🔔 已触发 message_received.emit()
2025-06-25 11:07:53 [INFO] 📩 收到消息事件：一整个发言都太大男子主义了 来自 巴啦啦抠脚堡
2025-06-25 11:07:53 [DEBUG] 🔔 已触发 message_received.emit()
2025-06-25 11:08:02 [INFO] 📩 收到消息事件：受不鸟 来自 巴啦啦抠脚堡
2025-06-25 11:08:02 [DEBUG] 🔔 已触发 message_received.emit()
2025-06-25 11:08:02 [INFO] 📩 收到消息事件：受不鸟 来自 巴啦啦抠脚堡
2025-06-25 11:08:02 [DEBUG] 🔔 已触发 message_received.emit()
2025-06-25 11:10:05 [INFO] 📩 收到消息事件：可能羡慕别人都有前男友 来自 巴啦啦抠脚堡
2025-06-25 11:10:05 [INFO] 📩 收到消息事件：可能羡慕别人都有前男友 来自 巴啦啦抠脚堡
2025-06-25 11:10:05 [DEBUG] 🔔 已触发 message_received.emit()
2025-06-25 11:10:05 [DEBUG] 🔔 已触发 message_received.emit()
2025-06-25 11:10:09 [INFO] 📩 收到消息事件：自己什么都没有吧 来自 巴啦啦抠脚堡
2025-06-25 11:10:09 [INFO] 📩 收到消息事件：自己什么都没有吧 来自 巴啦啦抠脚堡
2025-06-25 11:10:09 [DEBUG] 🔔 已触发 message_received.emit()
2025-06-25 11:10:09 [DEBUG] 🔔 已触发 message_received.emit()
2025-06-25 11:10:37 [INFO] 📩 收到消息事件：看前面以为够离谱了 来自 巴啦啦抠脚堡
2025-06-25 11:10:37 [DEBUG] 🔔 已触发 message_received.emit()
2025-06-25 11:10:37 [INFO] 📩 收到消息事件：看前面以为够离谱了 来自 巴啦啦抠脚堡
2025-06-25 11:10:37 [DEBUG] 🔔 已触发 message_received.emit()
2025-06-25 11:10:38 [INFO] 📩 收到消息事件：[图片] 来自 巴啦啦抠脚堡
2025-06-25 11:10:38 [INFO] 📩 收到消息事件：[图片] 来自 巴啦啦抠脚堡
2025-06-25 11:10:38 [DEBUG] 🔔 已触发 message_received.emit()
2025-06-25 11:10:38 [DEBUG] 🔔 已触发 message_received.emit()
2025-06-25 11:10:48 [INFO] 📩 收到消息事件：看到这个笑出声 来自 巴啦啦抠脚堡
2025-06-25 11:10:48 [DEBUG] 🔔 已触发 message_received.emit()
2025-06-25 11:10:48 [INFO] 📩 收到消息事件：看到这个笑出声 来自 巴啦啦抠脚堡
2025-06-25 11:10:48 [DEBUG] 🔔 已触发 message_received.emit()
2025-06-25 11:10:54 [INFO] 📩 收到消息事件：哈哈哈哈哈哈 来自 巴啦啦抠脚堡
2025-06-25 11:10:54 [INFO] 📩 收到消息事件：哈哈哈哈哈哈 来自 巴啦啦抠脚堡
2025-06-25 11:10:54 [DEBUG] 🔔 已触发 message_received.emit()
2025-06-25 11:10:54 [DEBUG] 🔔 已触发 message_received.emit()
2025-06-25 11:11:04 [INFO] 📩 收到消息事件：这特么不是相亲群吗 来自 巴啦啦抠脚堡
2025-06-25 11:11:04 [INFO] 📩 收到消息事件：这特么不是相亲群吗 来自 巴啦啦抠脚堡
2025-06-25 11:11:04 [DEBUG] 🔔 已触发 message_received.emit()
2025-06-25 11:11:04 [DEBUG] 🔔 已触发 message_received.emit()
2025-06-25 11:11:08 [INFO] 📩 收到消息事件：一看就知道她思考了很久 来自 巴啦啦抠脚堡
2025-06-25 11:11:08 [DEBUG] 🔔 已触发 message_received.emit()
2025-06-25 11:11:08 [INFO] 📩 收到消息事件：一看就知道她思考了很久 来自 巴啦啦抠脚堡
2025-06-25 11:11:08 [DEBUG] 🔔 已触发 message_received.emit()
2025-06-25 11:11:11 [INFO] 📩 收到消息事件：哈哈哈哈哈哈 来自 巴啦啦抠脚堡
2025-06-25 11:11:11 [DEBUG] 🔔 已触发 message_received.emit()
2025-06-25 11:11:11 [INFO] 📩 收到消息事件：哈哈哈哈哈哈 来自 巴啦啦抠脚堡
2025-06-25 11:11:11 [DEBUG] 🔔 已触发 message_received.emit()
2025-06-25 11:11:17 [INFO] 📩 收到消息事件：对啊 就很离谱啊 来自 巴啦啦抠脚堡
2025-06-25 11:11:17 [DEBUG] 🔔 已触发 message_received.emit()
2025-06-25 11:11:17 [INFO] 📩 收到消息事件：对啊 就很离谱啊 来自 巴啦啦抠脚堡
2025-06-25 11:11:17 [DEBUG] 🔔 已触发 message_received.emit()
2025-06-25 11:11:23 [INFO] 📩 收到消息事件：在相亲群里讲这些 来自 巴啦啦抠脚堡
2025-06-25 11:11:23 [DEBUG] 🔔 已触发 message_received.emit()
2025-06-25 11:11:23 [INFO] 📩 收到消息事件：在相亲群里讲这些 来自 巴啦啦抠脚堡
2025-06-25 11:11:23 [DEBUG] 🔔 已触发 message_received.emit()
2025-06-25 11:12:27 [INFO] 📩 收到消息事件：进这种群的好处可能就是能感受到自己还是挺优秀的 来自 巴啦啦抠脚堡
2025-06-25 11:12:27 [DEBUG] 🔔 已触发 message_received.emit()
2025-06-25 11:12:27 [INFO] 📩 收到消息事件：进这种群的好处可能就是能感受到自己还是挺优秀的 来自 巴啦啦抠脚堡
2025-06-25 11:12:27 [DEBUG] 🔔 已触发 message_received.emit()
2025-06-25 11:12:45 [INFO] 📩 收到消息事件：这些都是什么脑回路 来自 巴啦啦抠脚堡
2025-06-25 11:12:45 [INFO] 📩 收到消息事件：这些都是什么脑回路 来自 巴啦啦抠脚堡
2025-06-25 11:12:45 [DEBUG] 🔔 已触发 message_received.emit()
2025-06-25 11:12:45 [DEBUG] 🔔 已触发 message_received.emit()
2025-06-25 11:13:04 [INFO] 📩 收到消息事件：出门在外的身份都是自己给的 来自 巴啦啦抠脚堡
2025-06-25 11:13:04 [INFO] 📩 收到消息事件：出门在外的身份都是自己给的 来自 巴啦啦抠脚堡
2025-06-25 11:13:04 [DEBUG] 🔔 已触发 message_received.emit()
2025-06-25 11:13:04 [DEBUG] 🔔 已触发 message_received.emit()
2025-06-25 11:13:16 [INFO] 📩 收到消息事件：以下为新消息 来自 巴啦啦抠脚堡
2025-06-25 11:13:16 [INFO] 📩 收到消息事件：以下为新消息 来自 巴啦啦抠脚堡
2025-06-25 11:13:16 [DEBUG] 🔔 已触发 message_received.emit()
2025-06-25 11:13:16 [DEBUG] 🔔 已触发 message_received.emit()
2025-06-25 11:13:16 [INFO] 📩 收到消息事件：我杭州5套房 来自 巴啦啦抠脚堡
2025-06-25 11:13:16 [INFO] 📩 收到消息事件：我杭州5套房 来自 巴啦啦抠脚堡
2025-06-25 11:13:16 [DEBUG] 🔔 已触发 message_received.emit()
2025-06-25 11:13:16 [DEBUG] 🔔 已触发 message_received.emit()
2025-06-25 11:13:26 [INFO] 📩 收到消息事件：我厦门大平层 来自 巴啦啦抠脚堡
2025-06-25 11:13:26 [DEBUG] 🔔 已触发 message_received.emit()
2025-06-25 11:13:26 [INFO] 📩 收到消息事件：我厦门大平层 来自 巴啦啦抠脚堡
2025-06-25 11:13:26 [DEBUG] 🔔 已触发 message_received.emit()
2025-06-25 11:13:26 [INFO] 📩 收到消息事件：月收入50w 来自 巴啦啦抠脚堡
2025-06-25 11:13:26 [INFO] 📩 收到消息事件：月收入50w 来自 巴啦啦抠脚堡
2025-06-25 11:13:26 [DEBUG] 🔔 已触发 message_received.emit()
2025-06-25 11:13:26 [DEBUG] 🔔 已触发 message_received.emit()
2025-06-25 11:13:31 [INFO] 📩 收到消息事件：[动画表情] 来自 巴啦啦抠脚堡
2025-06-25 11:13:31 [INFO] 📩 收到消息事件：[动画表情] 来自 巴啦啦抠脚堡
2025-06-25 11:13:31 [DEBUG] 🔔 已触发 message_received.emit()
2025-06-25 11:13:31 [DEBUG] 🔔 已触发 message_received.emit()
2025-06-25 11:13:43 [INFO] 📩 收到消息事件：月入靠收租 来自 巴啦啦抠脚堡
2025-06-25 11:13:43 [INFO] 📩 收到消息事件：月入靠收租 来自 巴啦啦抠脚堡
2025-06-25 11:13:43 [DEBUG] 🔔 已触发 message_received.emit()
2025-06-25 11:13:43 [DEBUG] 🔔 已触发 message_received.emit()
2025-06-25 11:13:59 [INFO] 📩 收到消息事件：以下为新消息 来自 巴啦啦抠脚堡
2025-06-25 11:13:59 [DEBUG] 🔔 已触发 message_received.emit()
2025-06-25 11:13:59 [INFO] 📩 收到消息事件：以下为新消息 来自 巴啦啦抠脚堡
2025-06-25 11:13:59 [DEBUG] 🔔 已触发 message_received.emit()
2025-06-25 11:13:59 [INFO] 📩 收到消息事件：跟不错👍 来自 巴啦啦抠脚堡
2025-06-25 11:13:59 [INFO] 📩 收到消息事件：跟不错👍 来自 巴啦啦抠脚堡
2025-06-25 11:13:59 [DEBUG] 🔔 已触发 message_received.emit()
2025-06-25 11:13:59 [DEBUG] 🔔 已触发 message_received.emit()
2025-06-25 11:14:02 [INFO] 📩 收到消息事件："ツ" 撤回了一条消息 来自 巴啦啦抠脚堡
2025-06-25 11:14:02 [DEBUG] 🔔 已触发 message_received.emit()
2025-06-25 11:14:02 [INFO] 📩 收到消息事件："ツ" 撤回了一条消息 来自 巴啦啦抠脚堡
2025-06-25 11:14:02 [DEBUG] 🔔 已触发 message_received.emit()
2025-06-25 11:14:06 [INFO] 📩 收到消息事件：很不错👍 来自 巴啦啦抠脚堡
2025-06-25 11:14:06 [DEBUG] 🔔 已触发 message_received.emit()
2025-06-25 11:14:06 [INFO] 📩 收到消息事件：很不错👍 来自 巴啦啦抠脚堡
2025-06-25 11:14:06 [DEBUG] 🔔 已触发 message_received.emit()
2025-06-25 11:14:31 [INFO] 📩 收到消息事件：怎样才能让管家在外面不要叫我小姐 来自 巴啦啦抠脚堡
2025-06-25 11:14:31 [INFO] 📩 收到消息事件：怎样才能让管家在外面不要叫我小姐 来自 巴啦啦抠脚堡
2025-06-25 11:14:31 [DEBUG] 🔔 已触发 message_received.emit()
2025-06-25 11:14:31 [DEBUG] 🔔 已触发 message_received.emit()
2025-06-25 11:14:46 [INFO] 📩 收到消息事件：什么管家 来自 巴啦啦抠脚堡
2025-06-25 11:14:46 [DEBUG] 🔔 已触发 message_received.emit()
2025-06-25 11:14:46 [INFO] 📩 收到消息事件：什么管家 来自 巴啦啦抠脚堡
2025-06-25 11:14:46 [DEBUG] 🔔 已触发 message_received.emit()
2025-06-25 11:14:49 [INFO] 📩 收到消息事件：怎样让管家接我上下班的时候不要铺红毯 来自 巴啦啦抠脚堡
2025-06-25 11:14:49 [INFO] 📩 收到消息事件：怎样让管家接我上下班的时候不要铺红毯 来自 巴啦啦抠脚堡
2025-06-25 11:14:49 [DEBUG] 🔔 已触发 message_received.emit()
2025-06-25 11:14:49 [DEBUG] 🔔 已触发 message_received.emit()
2025-06-25 11:14:55 [INFO] 📩 收到消息事件：大家有什么办法吗 来自 巴啦啦抠脚堡
2025-06-25 11:14:55 [DEBUG] 🔔 已触发 message_received.emit()
2025-06-25 11:14:55 [INFO] 📩 收到消息事件：大家有什么办法吗 来自 巴啦啦抠脚堡
2025-06-25 11:14:55 [DEBUG] 🔔 已触发 message_received.emit()
2025-06-25 11:14:58 [INFO] 📩 收到消息事件：哈哈哈哈哈哈哈哈哈哈哈哈 来自 巴啦啦抠脚堡
2025-06-25 11:14:58 [INFO] 📩 收到消息事件：哈哈哈哈哈哈哈哈哈哈哈哈 来自 巴啦啦抠脚堡
2025-06-25 11:14:58 [DEBUG] 🔔 已触发 message_received.emit()
2025-06-25 11:14:58 [DEBUG] 🔔 已触发 message_received.emit()
2025-06-25 11:15:15 [INFO] 📩 收到消息事件：以下为新消息 来自 巴啦啦抠脚堡
2025-06-25 11:15:15 [DEBUG] 🔔 已触发 message_received.emit()
2025-06-25 11:15:15 [INFO] 📩 收到消息事件：以下为新消息 来自 巴啦啦抠脚堡
2025-06-25 11:15:15 [DEBUG] 🔔 已触发 message_received.emit()
2025-06-25 11:15:16 [INFO] 📩 收到消息事件：[动画表情] 来自 巴啦啦抠脚堡
2025-06-25 11:15:16 [DEBUG] 🔔 已触发 message_received.emit()
2025-06-25 11:15:16 [INFO] 📩 收到消息事件：[动画表情] 来自 巴啦啦抠脚堡
2025-06-25 11:15:16 [DEBUG] 🔔 已触发 message_received.emit()
2025-06-25 11:25:47 [INFO] 📩 收到消息事件：以下为新消息 来自 wxauto测试3
2025-06-25 11:25:47 [DEBUG] 🔔 已触发 message_received.emit()
2025-06-25 11:25:47 [INFO] 📩 收到消息事件：以下为新消息 来自 wxauto测试3
2025-06-25 11:25:47 [DEBUG] 🔔 已触发 message_received.emit()
2025-06-25 11:25:47 [INFO] 📩 收到消息事件：1 来自 wxauto测试3
2025-06-25 11:25:47 [DEBUG] 🔔 已触发 message_received.emit()
2025-06-25 11:25:47 [INFO] 📩 收到消息事件：1 来自 wxauto测试3
2025-06-25 11:25:47 [DEBUG] 🔔 已触发 message_received.emit()
2025-06-25 11:25:53 [INFO] 📩 收到消息事件：1 来自 wxauto测试3
2025-06-25 11:25:53 [DEBUG] 🔔 已触发 message_received.emit()
2025-06-25 11:25:53 [INFO] 📩 收到消息事件：1 来自 wxauto测试3
2025-06-25 11:25:53 [DEBUG] 🔔 已触发 message_received.emit()
2025-06-25 11:37:25 [INFO] 📩 收到消息事件：以下为新消息 来自 wxauto测试2
2025-06-25 11:37:25 [DEBUG] 🔔 已触发 message_received.emit()
2025-06-25 11:37:25 [INFO] 📩 收到消息事件：以下为新消息 来自 wxauto测试2
2025-06-25 11:37:25 [DEBUG] 🔔 已触发 message_received.emit()
2025-06-25 11:37:25 [INFO] 📩 收到消息事件：1 来自 wxauto测试2
2025-06-25 11:37:25 [DEBUG] 🔔 已触发 message_received.emit()
2025-06-25 11:37:25 [INFO] 📩 收到消息事件：1 来自 wxauto测试2
2025-06-25 11:37:25 [DEBUG] 🔔 已触发 message_received.emit()
2025-06-25 15:34:11 [INFO] 📩 收到消息事件：上班好累，讲个笑话给我听 来自 小团体
2025-06-25 15:34:11 [DEBUG] 🔔 已触发 message_received.emit()
2025-06-25 15:34:17 [INFO] 📩 收到消息事件：@nuomy  来自 小团体
2025-06-25 15:34:17 [DEBUG] 🔔 已触发 message_received.emit()
2025-06-25 15:34:37 [INFO] 📩 收到消息事件：[动画表情] 来自 小团体
2025-06-25 15:34:37 [DEBUG] 🔔 已触发 message_received.emit()
2025-06-25 15:34:37 [INFO] 📩 收到消息事件：[动画表情] 来自 小团体
2025-06-25 15:34:37 [DEBUG] 🔔 已触发 message_received.emit()
2025-06-25 15:35:01 [INFO] 📩 收到消息事件：你会什么 来自 小团体
2025-06-25 15:35:01 [DEBUG] 🔔 已触发 message_received.emit()
2025-06-25 15:35:01 [INFO] 📩 收到消息事件：你会什么 来自 小团体
2025-06-25 15:35:01 [DEBUG] 🔔 已触发 message_received.emit()
2025-06-25 15:35:01 [INFO] 📩 收到消息事件：“为什么数学书总是很忧郁？”
“因为它有太多‘问题’了！”
（冷知识：这个笑话的数学书可能和《哈利波特》里的“忧郁的桃金娘”是邻居…… 😂） 来自 小团体
2025-06-25 15:35:01 [DEBUG] 🔔 已触发 message_received.emit()
2025-06-25 15:35:01 [INFO] 📩 收到消息事件：“为什么数学书总是很忧郁？”
“因为它有太多‘问题’了！”
（冷知识：这个笑话的数学书可能和《哈利波特》里的“忧郁的桃金娘”是邻居…… 😂） 来自 小团体
2025-06-25 15:35:01 [DEBUG] 🔔 已触发 message_received.emit()
2025-06-25 15:35:25 [INFO] 📩 收到消息事件：[动画表情] 来自 小团体
2025-06-25 15:35:25 [INFO] 📩 收到消息事件：[动画表情] 来自 小团体
2025-06-25 15:35:25 [DEBUG] 🔔 已触发 message_received.emit()
2025-06-25 15:35:25 [DEBUG] 🔔 已触发 message_received.emit()
2025-06-25 15:35:33 [INFO] 📩 收到消息事件：我什么都会哦 来自 小团体
2025-06-25 15:35:33 [DEBUG] 🔔 已触发 message_received.emit()
2025-06-25 15:35:33 [INFO] 📩 收到消息事件：我什么都会哦 来自 小团体
2025-06-25 15:35:33 [DEBUG] 🔔 已触发 message_received.emit()
2025-06-25 15:35:56 [INFO] 📩 收到消息事件：以下为新消息 来自 小团体
2025-06-25 15:35:56 [DEBUG] 🔔 已触发 message_received.emit()
2025-06-25 15:35:56 [INFO] 📩 收到消息事件：以下为新消息 来自 小团体
2025-06-25 15:35:56 [DEBUG] 🔔 已触发 message_received.emit()
2025-06-25 15:35:56 [INFO] 📩 收到消息事件：明天大盘会涨么 来自 小团体
2025-06-25 15:35:56 [DEBUG] 🔔 已触发 message_received.emit()
2025-06-25 15:35:57 [INFO] 📩 收到消息事件：明天大盘会涨么 来自 小团体
2025-06-25 15:35:57 [DEBUG] 🔔 已触发 message_received.emit()
2025-06-25 15:36:00 [INFO] 📩 收到消息事件：@nuomy  来自 小团体
2025-06-25 15:36:00 [DEBUG] 🔔 已触发 message_received.emit()
2025-06-25 15:36:00 [INFO] 📩 收到消息事件：@nuomy  来自 小团体
2025-06-25 15:36:00 [DEBUG] 🔔 已触发 message_received.emit()
2025-06-25 15:36:22 [INFO] 📩 收到消息事件：[动画表情] 来自 小团体
2025-06-25 15:36:22 [DEBUG] 🔔 已触发 message_received.emit()
2025-06-25 15:36:22 [INFO] 📩 收到消息事件：[动画表情] 来自 小团体
2025-06-25 15:36:22 [DEBUG] 🔔 已触发 message_received.emit()
2025-06-25 15:36:26 [INFO] 📩 收到消息事件：[动画表情] 来自 小团体
2025-06-25 15:36:26 [DEBUG] 🔔 已触发 message_received.emit()
2025-06-25 15:36:26 [INFO] 📩 收到消息事件：[动画表情] 来自 小团体
2025-06-25 15:36:26 [DEBUG] 🔔 已触发 message_received.emit()
2025-06-25 15:36:49 [INFO] 📩 收到消息事件：根据最新的市场分析，明天（2025年6月26日）A股大盘走势可能呈现震荡上行的态势，但具体表现仍需关注以下几个关键因素：

### 1. **技术面支撑与压力**
   - 上证指数近期在**3400点**附近反复争夺，若量能配合，有望继续向上突破。
   - 短期支撑位在**3350-3360**区域，若回踩不破，则可能延续反弹。

### 2. **政策与资金面**
   - **美联储降息预期**升温，若外围市场稳定，可能提振A股风险偏好。
   - **国内政策工具箱**仍有发力空间，市场对后续经济刺激政策有所期待。

### 3. **板块轮动与机会**
   - **科技（半导体、AI）**和**消费（家电、食品饮料）**可能成为领涨方向。
   - **高股息防御板块（煤炭、电力）**若市场调整，可能表现稳健。

### 4. **潜在风险**
   - **中东局势、美国对华关税政策**若恶化，可能引发短期波动。
   - **量能不足**可能导致冲高回落，需观察早盘半小时是否放量。

### **综合判断**
- **乐观情况**：若站稳3400点并放量，可能继续上攻3420-3450区域。  
- **谨慎情况**：若量能不足或外围利空，可能回踩3360支撑后再反弹。  

建议投资者关注**早盘量能变化**及**科技、消费板块**的持续性，灵活应对市场波动。 来自 小团体
2025-06-25 15:36:49 [DEBUG] 🔔 已触发 message_received.emit()
2025-06-25 15:36:49 [INFO] 📩 收到消息事件：根据最新的市场分析，明天（2025年6月26日）A股大盘走势可能呈现震荡上行的态势，但具体表现仍需关注以下几个关键因素：

### 1. **技术面支撑与压力**
   - 上证指数近期在**3400点**附近反复争夺，若量能配合，有望继续向上突破。
   - 短期支撑位在**3350-3360**区域，若回踩不破，则可能延续反弹。

### 2. **政策与资金面**
   - **美联储降息预期**升温，若外围市场稳定，可能提振A股风险偏好。
   - **国内政策工具箱**仍有发力空间，市场对后续经济刺激政策有所期待。

### 3. **板块轮动与机会**
   - **科技（半导体、AI）**和**消费（家电、食品饮料）**可能成为领涨方向。
   - **高股息防御板块（煤炭、电力）**若市场调整，可能表现稳健。

### 4. **潜在风险**
   - **中东局势、美国对华关税政策**若恶化，可能引发短期波动。
   - **量能不足**可能导致冲高回落，需观察早盘半小时是否放量。

### **综合判断**
- **乐观情况**：若站稳3400点并放量，可能继续上攻3420-3450区域。  
- **谨慎情况**：若量能不足或外围利空，可能回踩3360支撑后再反弹。  

建议投资者关注**早盘量能变化**及**科技、消费板块**的持续性，灵活应对市场波动。 来自 小团体
2025-06-25 15:36:49 [DEBUG] 🔔 已触发 message_received.emit()
2025-06-25 15:37:59 [INFO] 📩 收到消息事件：以下为新消息 来自 小团体
2025-06-25 15:37:59 [DEBUG] 🔔 已触发 message_received.emit()
2025-06-25 15:37:59 [INFO] 📩 收到消息事件：以下为新消息 来自 小团体
2025-06-25 15:37:59 [DEBUG] 🔔 已触发 message_received.emit()
2025-06-25 15:37:59 [INFO] 📩 收到消息事件：阿伏伽德罗常数怎么算出来的 来自 小团体
2025-06-25 15:37:59 [DEBUG] 🔔 已触发 message_received.emit()
2025-06-25 15:37:59 [INFO] 📩 收到消息事件：阿伏伽德罗常数怎么算出来的 来自 小团体
2025-06-25 15:37:59 [DEBUG] 🔔 已触发 message_received.emit()
2025-06-25 15:38:02 [INFO] 📩 收到消息事件：@nuomy 来自 小团体
2025-06-25 15:38:02 [DEBUG] 🔔 已触发 message_received.emit()
2025-06-25 15:38:02 [INFO] 📩 收到消息事件：@nuomy 来自 小团体
2025-06-25 15:38:02 [DEBUG] 🔔 已触发 message_received.emit()
2025-06-25 15:38:33 [INFO] 📩 收到消息事件：[动画表情] 来自 小团体
2025-06-25 15:38:33 [DEBUG] 🔔 已触发 message_received.emit()
2025-06-25 15:38:33 [INFO] 📩 收到消息事件：[动画表情] 来自 小团体
2025-06-25 15:38:33 [DEBUG] 🔔 已触发 message_received.emit()
2025-06-25 15:39:13 [INFO] 📩 收到消息事件：应该是脑子算的 来自 小团体
2025-06-25 15:39:13 [DEBUG] 🔔 已触发 message_received.emit()
2025-06-25 15:39:13 [INFO] 📩 收到消息事件：应该是脑子算的 来自 小团体
2025-06-25 15:39:13 [DEBUG] 🔔 已触发 message_received.emit()
2025-06-25 15:39:48 [INFO] 📩 收到消息事件：我也有脑子，为什么算不出来 来自 小团体
2025-06-25 15:39:48 [DEBUG] 🔔 已触发 message_received.emit()
2025-06-25 15:39:48 [INFO] 📩 收到消息事件：我也有脑子，为什么算不出来 来自 小团体
2025-06-25 15:39:48 [DEBUG] 🔔 已触发 message_received.emit()
2025-06-25 15:40:02 [INFO] 📩 收到消息事件：[动画表情] 来自 小团体
2025-06-25 15:40:02 [DEBUG] 🔔 已触发 message_received.emit()
2025-06-25 15:40:02 [INFO] 📩 收到消息事件：[动画表情] 来自 小团体
2025-06-25 15:40:02 [DEBUG] 🔔 已触发 message_received.emit()
2025-06-25 15:43:41 [INFO] 📩 收到消息事件：因为有脑子不是算阿伏伽德罗常数的充要条件 来自 小团体
2025-06-25 15:43:41 [DEBUG] 🔔 已触发 message_received.emit()
2025-06-25 15:43:41 [INFO] 📩 收到消息事件：因为有脑子不是算阿伏伽德罗常数的充要条件 来自 小团体
2025-06-25 15:43:41 [DEBUG] 🔔 已触发 message_received.emit()
2025-06-25 15:43:59 [INFO] 📩 收到消息事件：你还需要继续努力 来自 小团体
2025-06-25 15:43:59 [DEBUG] 🔔 已触发 message_received.emit()
2025-06-25 15:43:59 [INFO] 📩 收到消息事件：你还需要继续努力 来自 小团体
2025-06-25 15:43:59 [DEBUG] 🔔 已触发 message_received.emit()
2025-06-25 16:07:56 [INFO] 📩 收到消息事件：以下为新消息 来自 巴啦啦抠脚堡
2025-06-25 16:07:56 [DEBUG] 🔔 已触发 message_received.emit()
2025-06-25 16:07:56 [INFO] 📩 收到消息事件：以下为新消息 来自 巴啦啦抠脚堡
2025-06-25 16:07:56 [DEBUG] 🔔 已触发 message_received.emit()
2025-06-25 16:07:56 [INFO] 📩 收到消息事件：搞一个距离下班时间的倒计时 来自 巴啦啦抠脚堡
2025-06-25 16:07:56 [INFO] 📩 收到消息事件：搞一个距离下班时间的倒计时 来自 巴啦啦抠脚堡
2025-06-25 16:07:56 [DEBUG] 🔔 已触发 message_received.emit()
2025-06-25 16:07:56 [DEBUG] 🔔 已触发 message_received.emit()
2025-06-25 16:08:05 [INFO] 📩 收到消息事件：[动画表情] 来自 巴啦啦抠脚堡
2025-06-25 16:08:05 [INFO] 📩 收到消息事件：[动画表情] 来自 巴啦啦抠脚堡
2025-06-25 16:08:05 [DEBUG] 🔔 已触发 message_received.emit()
2025-06-25 16:08:05 [DEBUG] 🔔 已触发 message_received.emit()
2025-06-25 16:08:05 [INFO] 📩 收到消息事件：[动画表情] 来自 巴啦啦抠脚堡
2025-06-25 16:08:05 [INFO] 📩 收到消息事件：[动画表情] 来自 巴啦啦抠脚堡
2025-06-25 16:08:05 [DEBUG] 🔔 已触发 message_received.emit()
2025-06-25 16:08:05 [DEBUG] 🔔 已触发 message_received.emit()
2025-06-25 16:08:10 [INFO] 📩 收到消息事件：好主意 来自 巴啦啦抠脚堡
2025-06-25 16:08:10 [INFO] 📩 收到消息事件：好主意 来自 巴啦啦抠脚堡
2025-06-25 16:08:10 [DEBUG] 🔔 已触发 message_received.emit()
2025-06-25 16:08:10 [DEBUG] 🔔 已触发 message_received.emit()
2025-06-25 16:08:21 [INFO] 📩 收到消息事件：但是每个人下班时间不同 来自 巴啦啦抠脚堡
2025-06-25 16:08:21 [INFO] 📩 收到消息事件：但是每个人下班时间不同 来自 巴啦啦抠脚堡
2025-06-25 16:08:21 [DEBUG] 🔔 已触发 message_received.emit()
2025-06-25 16:08:21 [DEBUG] 🔔 已触发 message_received.emit()
2025-06-25 16:08:24 [INFO] 📩 收到消息事件：我夏季5点半下班 来自 巴啦啦抠脚堡
2025-06-25 16:08:24 [DEBUG] 🔔 已触发 message_received.emit()
2025-06-25 16:08:24 [INFO] 📩 收到消息事件：我夏季5点半下班 来自 巴啦啦抠脚堡
2025-06-25 16:08:24 [DEBUG] 🔔 已触发 message_received.emit()
2025-06-25 16:08:37 [INFO] 📩 收到消息事件：[动画表情] 来自 巴啦啦抠脚堡
2025-06-25 16:08:37 [DEBUG] 🔔 已触发 message_received.emit()
2025-06-25 16:08:37 [INFO] 📩 收到消息事件：[动画表情] 来自 巴啦啦抠脚堡
2025-06-25 16:08:37 [DEBUG] 🔔 已触发 message_received.emit()
2025-06-25 16:09:06 [INFO] 📩 收到消息事件：我今天搞了个界面搞的头昏眼花 来自 巴啦啦抠脚堡
2025-06-25 16:09:06 [INFO] 📩 收到消息事件：我今天搞了个界面搞的头昏眼花 来自 巴啦啦抠脚堡
2025-06-25 16:09:06 [DEBUG] 🔔 已触发 message_received.emit()
2025-06-25 16:09:06 [DEBUG] 🔔 已触发 message_received.emit()
2025-06-25 16:09:14 [INFO] 📩 收到消息事件：没加功能进去 来自 巴啦啦抠脚堡
2025-06-25 16:09:14 [DEBUG] 🔔 已触发 message_received.emit()
2025-06-25 16:09:14 [INFO] 📩 收到消息事件：没加功能进去 来自 巴啦啦抠脚堡
2025-06-25 16:09:15 [DEBUG] 🔔 已触发 message_received.emit()
2025-06-25 16:09:54 [INFO] 📩 收到消息事件：以下为新消息 来自 巴啦啦抠脚堡
2025-06-25 16:09:54 [DEBUG] 🔔 已触发 message_received.emit()
2025-06-25 16:09:54 [INFO] 📩 收到消息事件：以下为新消息 来自 巴啦啦抠脚堡
2025-06-25 16:09:54 [DEBUG] 🔔 已触发 message_received.emit()
2025-06-25 16:09:54 [INFO] 📩 收到消息事件：看来你不适合上班 来自 巴啦啦抠脚堡
2025-06-25 16:09:54 [DEBUG] 🔔 已触发 message_received.emit()
2025-06-25 16:09:54 [INFO] 📩 收到消息事件：看来你不适合上班 来自 巴啦啦抠脚堡
2025-06-25 16:09:54 [DEBUG] 🔔 已触发 message_received.emit()
2025-06-25 16:10:24 [INFO] 📩 收到消息事件：是的 来自 巴啦啦抠脚堡
2025-06-25 16:10:24 [DEBUG] 🔔 已触发 message_received.emit()
2025-06-25 16:10:24 [INFO] 📩 收到消息事件：是的 来自 巴啦啦抠脚堡
2025-06-25 16:10:24 [DEBUG] 🔔 已触发 message_received.emit()
2025-06-25 16:10:33 [INFO] 📩 收到消息事件：我适合躺平 来自 巴啦啦抠脚堡
2025-06-25 16:10:33 [DEBUG] 🔔 已触发 message_received.emit()
2025-06-25 16:10:33 [INFO] 📩 收到消息事件：我适合躺平 来自 巴啦啦抠脚堡
2025-06-25 16:10:33 [DEBUG] 🔔 已触发 message_received.emit()
2025-06-25 16:10:39 [INFO] 📩 收到消息事件：[动画表情] 来自 巴啦啦抠脚堡
2025-06-25 16:10:39 [DEBUG] 🔔 已触发 message_received.emit()
2025-06-25 16:10:39 [INFO] 📩 收到消息事件：[动画表情] 来自 巴啦啦抠脚堡
2025-06-25 16:10:39 [DEBUG] 🔔 已触发 message_received.emit()
2025-06-25 16:10:52 [INFO] 📩 收到消息事件：今天买张彩票 来自 巴啦啦抠脚堡
2025-06-25 16:10:52 [DEBUG] 🔔 已触发 message_received.emit()
2025-06-25 16:10:52 [INFO] 📩 收到消息事件：今天买张彩票 来自 巴啦啦抠脚堡
2025-06-25 16:10:52 [DEBUG] 🔔 已触发 message_received.emit()
2025-06-25 16:11:08 [INFO] 📩 收到消息事件：让我躺平吧 来自 巴啦啦抠脚堡
2025-06-25 16:11:08 [DEBUG] 🔔 已触发 message_received.emit()
2025-06-25 16:11:08 [INFO] 📩 收到消息事件：让我躺平吧 来自 巴啦啦抠脚堡
2025-06-25 16:11:08 [DEBUG] 🔔 已触发 message_received.emit()
2025-06-25 16:11:08 [INFO] 📩 收到消息事件：拜托 来自 巴啦啦抠脚堡
2025-06-25 16:11:08 [INFO] 📩 收到消息事件：拜托 来自 巴啦啦抠脚堡
2025-06-25 16:11:08 [DEBUG] 🔔 已触发 message_received.emit()
2025-06-25 16:11:08 [DEBUG] 🔔 已触发 message_received.emit()
2025-06-25 16:11:13 [INFO] 📩 收到消息事件：少爷 你不是收租吗 来自 巴啦啦抠脚堡
2025-06-25 16:11:13 [DEBUG] 🔔 已触发 message_received.emit()
2025-06-25 16:11:13 [INFO] 📩 收到消息事件：少爷 你不是收租吗 来自 巴啦啦抠脚堡
2025-06-25 16:11:13 [DEBUG] 🔔 已触发 message_received.emit()
2025-06-25 16:11:17 [INFO] 📩 收到消息事件：[动画表情] 来自 巴啦啦抠脚堡
2025-06-25 16:11:17 [INFO] 📩 收到消息事件：[动画表情] 来自 巴啦啦抠脚堡
2025-06-25 16:11:17 [DEBUG] 🔔 已触发 message_received.emit()
2025-06-25 16:11:17 [DEBUG] 🔔 已触发 message_received.emit()
2025-06-25 16:11:36 [INFO] 📩 收到消息事件：[动画表情] 来自 巴啦啦抠脚堡
2025-06-25 16:11:36 [INFO] 📩 收到消息事件：[动画表情] 来自 巴啦啦抠脚堡
2025-06-25 16:11:36 [DEBUG] 🔔 已触发 message_received.emit()
2025-06-25 16:11:36 [DEBUG] 🔔 已触发 message_received.emit()
2025-06-25 16:12:11 [INFO] 📩 收到消息事件：以下为新消息 来自 巴啦啦抠脚堡
2025-06-25 16:12:11 [DEBUG] 🔔 已触发 message_received.emit()
2025-06-25 16:12:11 [INFO] 📩 收到消息事件：以下为新消息 来自 巴啦啦抠脚堡
2025-06-25 16:12:11 [DEBUG] 🔔 已触发 message_received.emit()
2025-06-25 16:12:12 [INFO] 📩 收到消息事件：来点高层次级别的话题 来自 巴啦啦抠脚堡
2025-06-25 16:12:12 [DEBUG] 🔔 已触发 message_received.emit()
2025-06-25 16:12:12 [INFO] 📩 收到消息事件：来点高层次级别的话题 来自 巴啦啦抠脚堡
2025-06-25 16:12:12 [DEBUG] 🔔 已触发 message_received.emit()
2025-06-25 16:12:23 [INFO] 📩 收到消息事件：[图片] 来自 巴啦啦抠脚堡
2025-06-25 16:12:23 [DEBUG] 🔔 已触发 message_received.emit()
2025-06-25 16:12:23 [INFO] 📩 收到消息事件：[图片] 来自 巴啦啦抠脚堡
2025-06-25 16:12:23 [DEBUG] 🔔 已触发 message_received.emit()
2025-06-26 07:51:48 [INFO] 📩 收到消息事件：以下为新消息 来自 小团体
2025-06-26 07:51:48 [DEBUG] 🔔 已触发 message_received.emit()
2025-06-26 07:51:48 [INFO] 📩 收到消息事件：打卡 来自 小团体
2025-06-26 07:51:48 [DEBUG] 🔔 已触发 message_received.emit()
2025-06-26 07:51:48 [DEBUG] 🛠️ 正在执行打卡功能
2025-06-26 07:51:48 [DEBUG] 💾 准备写入打卡记录至: ./data/checkin/checkin_records_小团体.csv
2025-06-26 07:51:48 [INFO] ✅ 打卡成功: ???, 连续打卡: 5 天
2025-06-26 07:51:53 [INFO] 📩 收到消息事件：??? 打卡成功！时间：2025-06-26 07:51:48，已连续打卡 5 天 来自 小团体
2025-06-26 07:51:53 [DEBUG] 🔔 已触发 message_received.emit()
2025-06-26 07:52:43 [INFO] 📩 收到消息事件：以下为新消息 来自 巴啦啦抠脚堡
2025-06-26 07:52:43 [DEBUG] 🔔 已触发 message_received.emit()
2025-06-26 07:52:43 [INFO] 📩 收到消息事件：[图片] 来自 巴啦啦抠脚堡
2025-06-26 07:52:43 [DEBUG] 🔔 已触发 message_received.emit()
2025-06-26 07:52:48 [INFO] 📩 收到消息事件：以下为新消息 来自 巴啦啦抠脚堡
2025-06-26 07:52:48 [DEBUG] 🔔 已触发 message_received.emit()
2025-06-26 07:52:48 [INFO] 📩 收到消息事件：打卡 来自 巴啦啦抠脚堡
2025-06-26 07:52:48 [DEBUG] 🔔 已触发 message_received.emit()
2025-06-26 07:52:48 [DEBUG] 🛠️ 正在执行打卡功能
2025-06-26 07:52:48 [DEBUG] 💾 准备写入打卡记录至: ./data/checkin/checkin_records_巴啦啦抠脚堡.csv
2025-06-26 07:52:48 [INFO] ✅ 打卡成功: ???, 连续打卡: 5 天
2025-06-26 07:52:53 [INFO] 📩 收到消息事件：??? 打卡成功！时间：2025-06-26 07:52:48，已连续打卡 5 天 来自 巴啦啦抠脚堡
2025-06-26 07:52:53 [DEBUG] 🔔 已触发 message_received.emit()
2025-06-26 08:06:43 [INFO] 📩 收到消息事件：以下为新消息 来自 巴啦啦抠脚堡
2025-06-26 08:06:43 [DEBUG] 🔔 已触发 message_received.emit()
2025-06-26 08:06:43 [INFO] 📩 收到消息事件：打卡 来自 巴啦啦抠脚堡
2025-06-26 08:06:43 [DEBUG] 🔔 已触发 message_received.emit()
2025-06-26 08:06:43 [DEBUG] 🛠️ 正在执行打卡功能
2025-06-26 08:06:43 [DEBUG] 💾 准备写入打卡记录至: ./data/checkin/checkin_records_巴啦啦抠脚堡.csv
2025-06-26 08:06:43 [INFO] ✅ 打卡成功: Gesla, 连续打卡: 5 天
2025-06-26 08:06:46 [INFO] 📩 收到消息事件：Gesla 打卡成功！时间：2025-06-26 08:06:43，已连续打卡 5 天 来自 巴啦啦抠脚堡
2025-06-26 08:06:46 [DEBUG] 🔔 已触发 message_received.emit()
2025-06-26 08:30:43 [INFO] 📩 收到消息事件：以下为新消息 来自 巴啦啦抠脚堡
2025-06-26 08:30:43 [DEBUG] 🔔 已触发 message_received.emit()
2025-06-26 08:30:43 [INFO] 📩 收到消息事件：打卡 来自 巴啦啦抠脚堡
2025-06-26 08:30:43 [DEBUG] 🔔 已触发 message_received.emit()
2025-06-26 08:30:43 [DEBUG] 🛠️ 正在执行打卡功能
2025-06-26 08:30:43 [DEBUG] 💾 准备写入打卡记录至: ./data/checkin/checkin_records_巴啦啦抠脚堡.csv
2025-06-26 08:30:43 [INFO] ✅ 打卡成功: ツ, 连续打卡: 5 天
2025-06-26 08:30:47 [INFO] 📩 收到消息事件：ツ 打卡成功！时间：2025-06-26 08:30:43，已连续打卡 5 天 来自 巴啦啦抠脚堡
2025-06-26 08:30:47 [DEBUG] 🔔 已触发 message_received.emit()
2025-06-26 08:46:44 [INFO] 📩 收到消息事件：以下为新消息 来自 巴啦啦抠脚堡
2025-06-26 08:46:44 [DEBUG] 🔔 已触发 message_received.emit()
2025-06-26 08:46:44 [INFO] 📩 收到消息事件：已经周四了 来自 巴啦啦抠脚堡
2025-06-26 08:46:44 [DEBUG] 🔔 已触发 message_received.emit()
2025-06-26 08:46:56 [INFO] 📩 收到消息事件：以下为新消息 来自 巴啦啦抠脚堡
2025-06-26 08:46:56 [DEBUG] 🔔 已触发 message_received.emit()
2025-06-26 08:46:57 [INFO] 📩 收到消息事件：[动画表情] 来自 巴啦啦抠脚堡
2025-06-26 08:46:57 [DEBUG] 🔔 已触发 message_received.emit()
2025-06-26 08:47:03 [INFO] 📩 收到消息事件：我以为周五了 来自 巴啦啦抠脚堡
2025-06-26 08:47:03 [DEBUG] 🔔 已触发 message_received.emit()
2025-06-26 08:47:07 [INFO] 📩 收到消息事件：以下为新消息 来自 巴啦啦抠脚堡
2025-06-26 08:47:07 [DEBUG] 🔔 已触发 message_received.emit()
2025-06-26 08:47:07 [INFO] 📩 收到消息事件：这周好慢 来自 巴啦啦抠脚堡
2025-06-26 08:47:07 [DEBUG] 🔔 已触发 message_received.emit()
2025-06-26 08:48:19 [INFO] 📩 收到消息事件：以下为新消息 来自 巴啦啦抠脚堡
2025-06-26 08:48:19 [DEBUG] 🔔 已触发 message_received.emit()
2025-06-26 08:48:19 [INFO] 📩 收到消息事件：我觉得挺快的诶 来自 巴啦啦抠脚堡
2025-06-26 08:48:19 [DEBUG] 🔔 已触发 message_received.emit()
2025-06-26 08:52:37 [INFO] 📩 收到消息事件：以下为新消息 来自 巴啦啦抠脚堡
2025-06-26 08:52:37 [DEBUG] 🔔 已触发 message_received.emit()
2025-06-26 08:52:37 [INFO] 📩 收到消息事件：[聊天记录] 来自 巴啦啦抠脚堡
2025-06-26 08:52:37 [DEBUG] 🔔 已触发 message_received.emit()
2025-06-26 08:52:44 [INFO] 📩 收到消息事件：一大早花了一笔大钱 来自 巴啦啦抠脚堡
2025-06-26 08:52:44 [DEBUG] 🔔 已触发 message_received.emit()
2025-06-26 08:57:42 [INFO] 📩 收到消息事件：以下为新消息 来自 巴啦啦抠脚堡
2025-06-26 08:57:42 [DEBUG] 🔔 已触发 message_received.emit()
2025-06-26 08:57:42 [INFO] 📩 收到消息事件：买这个 干嘛用 来自 巴啦啦抠脚堡
2025-06-26 08:57:42 [DEBUG] 🔔 已触发 message_received.emit()
2025-06-26 08:57:46 [INFO] 📩 收到消息事件：[动画表情] 来自 巴啦啦抠脚堡
2025-06-26 08:57:46 [DEBUG] 🔔 已触发 message_received.emit()
2025-06-26 08:57:50 [INFO] 📩 收到消息事件：纪念？ 来自 巴啦啦抠脚堡
2025-06-26 08:57:50 [DEBUG] 🔔 已触发 message_received.emit()
2025-06-26 08:58:42 [INFO] 📩 收到消息事件：以下为新消息 来自 巴啦啦抠脚堡
2025-06-26 08:58:42 [DEBUG] 🔔 已触发 message_received.emit()
2025-06-26 08:58:42 [INFO] 📩 收到消息事件：中签了可以卖出去 来自 巴啦啦抠脚堡
2025-06-26 08:58:42 [DEBUG] 🔔 已触发 message_received.emit()
2025-06-26 08:58:53 [INFO] 📩 收到消息事件：以下为新消息 来自 巴啦啦抠脚堡
2025-06-26 08:58:53 [DEBUG] 🔔 已触发 message_received.emit()
2025-06-26 08:58:53 [INFO] 📩 收到消息事件：去年460一枚 来自 巴啦啦抠脚堡
2025-06-26 08:58:53 [DEBUG] 🔔 已触发 message_received.emit()
2025-06-26 08:58:56 [INFO] 📩 收到消息事件："Gesla" 撤回了一条消息 来自 巴啦啦抠脚堡
2025-06-26 08:58:56 [DEBUG] 🔔 已触发 message_received.emit()
2025-06-26 10:05:31 [INFO] 📩 收到消息事件：10:05 来自 巴啦啦抠脚堡
2025-06-26 10:05:31 [DEBUG] 🔔 已触发 message_received.emit()
2025-06-26 10:05:31 [INFO] 📩 收到消息事件：哈哈哈哈 来自 巴啦啦抠脚堡
2025-06-26 10:05:31 [DEBUG] 🔔 已触发 message_received.emit()
2025-06-26 10:05:31 [INFO] 📩 收到消息事件：[音乐] 来自 巴啦啦抠脚堡
2025-06-26 10:05:31 [DEBUG] 🔔 已触发 message_received.emit()
2025-06-26 10:22:52 [INFO] 📩 收到消息事件：以下为新消息 来自 小团体
2025-06-26 10:22:52 [DEBUG] 🔔 已触发 message_received.emit()
2025-06-26 10:22:52 [INFO] 📩 收到消息事件：脾气大 来自 小团体
2025-06-26 10:22:52 [DEBUG] 🔔 已触发 message_received.emit()
2025-06-26 10:23:01 [INFO] 📩 收到消息事件：[动画表情] 来自 小团体
2025-06-26 10:23:01 [DEBUG] 🔔 已触发 message_received.emit()
2025-06-26 10:23:23 [INFO] 📩 收到消息事件：以下为新消息 来自 小团体
2025-06-26 10:23:23 [DEBUG] 🔔 已触发 message_received.emit()
2025-06-26 10:23:23 [INFO] 📩 收到消息事件：分析一下暴虐的心的lol水平 来自 小团体
2025-06-26 10:23:23 [DEBUG] 🔔 已触发 message_received.emit()
2025-06-26 10:23:26 [INFO] 📩 收到消息事件：@nuomy  来自 小团体
2025-06-26 10:23:26 [DEBUG] 🔔 已触发 message_received.emit()
2025-06-26 10:23:30 [INFO] 📩 收到消息事件：白银 来自 小团体
2025-06-26 10:23:30 [DEBUG] 🔔 已触发 message_received.emit()
2025-06-26 10:24:04 [INFO] 📩 收到消息事件：以下为新消息 来自 小团体
2025-06-26 10:24:04 [DEBUG] 🔔 已触发 message_received.emit()
2025-06-26 10:24:04 [INFO] 📩 收到消息事件：我想一年赚100万，有无方法 来自 小团体
2025-06-26 10:24:04 [DEBUG] 🔔 已触发 message_received.emit()
2025-06-26 10:24:24 [INFO] 📩 收到消息事件：卖房 来自 小团体
2025-06-26 10:24:24 [DEBUG] 🔔 已触发 message_received.emit()
2025-06-26 10:24:38 [INFO] 📩 收到消息事件：[动画表情] 来自 小团体
2025-06-26 10:24:38 [DEBUG] 🔔 已触发 message_received.emit()
2025-06-26 10:24:58 [INFO] 📩 收到消息事件：以下为新消息 来自 小团体
2025-06-26 10:24:58 [DEBUG] 🔔 已触发 message_received.emit()
2025-06-26 10:24:58 [INFO] 📩 收到消息事件：没房 来自 小团体
2025-06-26 10:24:58 [DEBUG] 🔔 已触发 message_received.emit()
2025-06-26 10:26:10 [INFO] 📩 收到消息事件：打卡 来自 小团体
2025-06-26 10:26:10 [DEBUG] 🔔 已触发 message_received.emit()
2025-06-26 10:26:10 [DEBUG] 🛠️ 正在执行打卡功能
2025-06-26 10:26:10 [DEBUG] 💾 准备写入打卡记录至: ./data/checkin/checkin_records_小团体.csv
2025-06-26 10:26:10 [INFO] ✅ 打卡成功: 心上秋, 连续打卡: 7 天
2025-06-26 10:26:17 [INFO] 📩 收到消息事件：功！时间：2025-06-26 10:26:10，已连续打卡 7 天 来自 小团体
2025-06-26 10:26:17 [DEBUG] 🔔 已触发 message_received.emit()
2025-06-26 10:26:21 [INFO] 📩 收到消息事件：打卡 来自 小团体
2025-06-26 10:26:21 [DEBUG] 🔔 已触发 message_received.emit()
2025-06-26 10:26:21 [DEBUG] 🛠️ 正在执行打卡功能
2025-06-26 10:26:21 [DEBUG] 💾 准备写入打卡记录至: ./data/checkin/checkin_records_小团体.csv
2025-06-26 10:26:21 [INFO] ✅ 打卡成功: 刘小贱, 连续打卡: 1 天
2025-06-26 10:26:24 [INFO] 📩 收到消息事件：刘小贱 打卡成功！时间：2025-06-26 10:26:21，已连续打卡 1 天 来自 小团体
2025-06-26 10:26:24 [DEBUG] 🔔 已触发 message_received.emit()
2025-06-26 10:26:24 [INFO] 📩 收到消息事件：功！ 来自 小团体
2025-06-26 10:26:24 [DEBUG] 🔔 已触发 message_received.emit()
2025-06-26 10:26:33 [INFO] 📩 收到消息事件：[动画表情] 来自 小团体
2025-06-26 10:26:33 [DEBUG] 🔔 已触发 message_received.emit()
2025-06-26 10:29:04 [INFO] 📩 收到消息事件：@心上秋 使用客户身份贷款，将贷款所得用于金融投资，如股票，房地产投资等，高风险高收益项目，可短期内一年获利超过百万，具体收益根据贷款金额决定 来自 小团体
2025-06-26 10:29:04 [DEBUG] 🔔 已触发 message_received.emit()
2025-06-26 10:29:36 [INFO] 📩 收到消息事件：以上方式有违法风险，请酌情考虑 来自 小团体
2025-06-26 10:29:36 [DEBUG] 🔔 已触发 message_received.emit()
2025-06-26 10:36:55 [INFO] 📩 收到消息事件：以下为新消息 来自 小团体
2025-06-26 10:36:55 [DEBUG] 🔔 已触发 message_received.emit()
2025-06-26 10:36:55 [INFO] 📩 收到消息事件：没有不违法的么 来自 小团体
2025-06-26 10:36:55 [DEBUG] 🔔 已触发 message_received.emit()
2025-06-26 10:37:29 [INFO] 📩 收到消息事件：买中科曙光 来自 小团体
2025-06-26 10:37:29 [DEBUG] 🔔 已触发 message_received.emit()
2025-06-26 10:37:41 [INFO] 📩 收到消息事件：有不违法的我就去赚了，还搁这装ai 来自 小团体
2025-06-26 10:37:41 [DEBUG] 🔔 已触发 message_received.emit()
2025-06-26 10:37:45 [INFO] 📩 收到消息事件：你撤回了一条消息 重新编辑 来自 小团体
2025-06-26 10:37:45 [DEBUG] 🔔 已触发 message_received.emit()
2025-06-26 10:37:51 [INFO] 📩 收到消息事件：[动画表情] 来自 小团体
2025-06-26 10:37:51 [DEBUG] 🔔 已触发 message_received.emit()
2025-06-26 10:41:38 [INFO] 📩 收到消息事件：若希望年入百万，请将现有资源尽可能投资自身，提高自身竞争力，将完成目标战线拉长，设定短期与长期目标逐步执行。如规划每年或每三年收益目标和计划内容。了解同行业其他人员收入水平，分析其薪资构成，根据其能力及职位，判断自身提升空间与方向。 来自 小团体
2025-06-26 10:41:38 [DEBUG] 🔔 已触发 message_received.emit()
2025-06-26 10:48:10 [INFO] 📩 收到消息事件：10:48 来自 小团体
2025-06-26 10:48:10 [DEBUG] 🔔 已触发 message_received.emit()
2025-06-26 10:48:11 [INFO] 📩 收到消息事件：或开展副业如寻找风口，关注新闻资讯了解社会实时动态，尽可能留存部分资金用于等待投资项目。年入百万在当今社会中仍属于少数部分，若无充足的原始积累，风险较高，需要本身有足够的机遇与勇气。请耐心寻找等待机遇。 来自 小团体
2025-06-26 10:48:11 [DEBUG] 🔔 已触发 message_received.emit()
2025-06-26 10:48:45 [INFO] 📩 收到消息事件：或学我的一位故人买彩票 来自 小团体
2025-06-26 10:48:45 [DEBUG] 🔔 已触发 message_received.emit()
2025-06-26 10:49:51 [INFO] 📩 收到消息事件：你故人是谁 来自 小团体
2025-06-26 10:49:51 [DEBUG] 🔔 已触发 message_received.emit()
2025-06-26 10:50:00 [INFO] 📩 收到消息事件：@魅影小轩 来自 小团体
2025-06-26 10:50:00 [DEBUG] 🔔 已触发 message_received.emit()
2025-06-26 10:50:13 [INFO] 📩 收到消息事件：@刘小贱  来自 小团体
2025-06-26 10:50:13 [DEBUG] 🔔 已触发 message_received.emit()
2025-06-26 11:03:07 [INFO] 📩 收到消息事件：以下为新消息 来自 小团体
2025-06-26 11:03:07 [DEBUG] 🔔 已触发 message_received.emit()
2025-06-26 11:03:07 [INFO] 📩 收到消息事件：[动画表情] 来自 小团体
2025-06-26 11:03:07 [DEBUG] 🔔 已触发 message_received.emit()
2025-06-26 11:03:10 [INFO] 📩 收到消息事件："刘小贱" 撤回了一条消息 来自 小团体
2025-06-26 11:03:10 [DEBUG] 🔔 已触发 message_received.emit()
2025-06-26 11:03:11 [INFO] 📩 收到消息事件：[动画表情] 来自 小团体
2025-06-26 11:03:11 [DEBUG] 🔔 已触发 message_received.emit()
2025-06-26 11:19:08 [INFO] 📩 收到消息事件：以下为新消息 来自 小团体
2025-06-26 11:19:08 [DEBUG] 🔔 已触发 message_received.emit()
2025-06-26 11:19:08 [INFO] 📩 收到消息事件：[动画表情] 来自 小团体
2025-06-26 11:19:08 [DEBUG] 🔔 已触发 message_received.emit()
2025-06-26 11:19:14 [INFO] 📩 收到消息事件：怎么有小黑子 来自 小团体
2025-06-26 11:19:14 [DEBUG] 🔔 已触发 message_received.emit()
2025-06-26 11:19:18 [INFO] 📩 收到消息事件：[动画表情] 来自 小团体
2025-06-26 11:19:18 [DEBUG] 🔔 已触发 message_received.emit()
2025-06-26 11:20:14 [INFO] 📩 收到消息事件：[动画表情] 来自 小团体
2025-06-26 11:20:14 [DEBUG] 🔔 已触发 message_received.emit()
2025-06-26 11:20:51 [INFO] 📩 收到消息事件：以下为新消息 来自 小团体
2025-06-26 11:20:51 [DEBUG] 🔔 已触发 message_received.emit()
2025-06-26 11:20:51 [INFO] 📩 收到消息事件：分析一下6月25号异世浮华的8场对局@nuomy  来自 小团体
2025-06-26 11:20:51 [DEBUG] 🔔 已触发 message_received.emit()
2025-06-26 11:21:04 [INFO] 📩 收到消息事件：[动画表情] 来自 小团体
2025-06-26 11:21:04 [DEBUG] 🔔 已触发 message_received.emit()
2025-06-26 11:21:15 [INFO] 📩 收到消息事件：评价：可惜 来自 小团体
2025-06-26 11:21:15 [DEBUG] 🔔 已触发 message_received.emit()
2025-06-26 11:21:45 [INFO] 📩 收到消息事件：请问jokerlaugh为什么是神 来自 小团体
2025-06-26 11:21:45 [DEBUG] 🔔 已触发 message_received.emit()
2025-06-26 11:22:12 [INFO] 📩 收到消息事件：神本是神，无需多言 来自 小团体
2025-06-26 11:22:12 [DEBUG] 🔔 已触发 message_received.emit()
2025-06-26 11:23:09 [INFO] 📩 收到消息事件：神の鲁莽灰机 来自 小团体
2025-06-26 11:23:09 [DEBUG] 🔔 已触发 message_received.emit()
2025-06-26 11:41:01 [INFO] 📩 收到消息事件：以下为新消息 来自 小团体
2025-06-26 11:41:01 [DEBUG] 🔔 已触发 message_received.emit()
2025-06-26 11:41:01 [INFO] 📩 收到消息事件：五杀摇滚乐队鼓手 来自 小团体
2025-06-26 11:41:01 [DEBUG] 🔔 已触发 message_received.emit()
2025-06-27 07:56:08 [INFO] 📩 收到消息事件：以下为新消息 来自 巴啦啦抠脚堡
2025-06-27 07:56:08 [DEBUG] 🔔 已触发 message_received.emit()
2025-06-27 07:56:08 [INFO] 📩 收到消息事件：打卡 来自 巴啦啦抠脚堡
2025-06-27 07:56:08 [DEBUG] 🔔 已触发 message_received.emit()
2025-06-27 07:56:08 [DEBUG] 🛠️ 正在执行打卡功能
2025-06-27 07:56:08 [DEBUG] 💾 准备写入打卡记录至: ./data/checkin/checkin_records_巴啦啦抠脚堡.csv
2025-06-27 07:56:08 [INFO] ✅ 打卡成功: ???, 连续打卡: 6 天
2025-06-27 07:56:12 [INFO] 📩 收到消息事件：??? 打卡成功！时间：2025-06-27 07:56:08，已连续打卡 6 天 来自 巴啦啦抠脚堡
2025-06-27 07:56:12 [DEBUG] 🔔 已触发 message_received.emit()
2025-06-27 07:56:18 [INFO] 📩 收到消息事件：打卡 来自 巴啦啦抠脚堡
2025-06-27 07:56:18 [DEBUG] 🔔 已触发 message_received.emit()
2025-06-27 07:56:18 [DEBUG] 🛠️ 正在执行打卡功能
2025-06-27 07:56:18 [DEBUG] 💾 准备写入打卡记录至: ./data/checkin/checkin_records_巴啦啦抠脚堡.csv
2025-06-27 07:56:18 [INFO] ✅ 打卡成功: ツ, 连续打卡: 6 天
2025-06-27 07:56:21 [INFO] 📩 收到消息事件：ツ 打卡成功！时间：2025-06-27 07:56:18，已连续打卡 6 天 来自 巴啦啦抠脚堡
2025-06-27 07:56:21 [DEBUG] 🔔 已触发 message_received.emit()
2025-06-27 07:56:23 [INFO] 📩 收到消息事件：[动画表情] 来自 巴啦啦抠脚堡
2025-06-27 07:56:23 [DEBUG] 🔔 已触发 message_received.emit()
2025-06-27 07:58:03 [INFO] 📩 收到消息事件：[动画表情] 来自 巴啦啦抠脚堡
2025-06-27 07:58:03 [DEBUG] 🔔 已触发 message_received.emit()
2025-06-27 07:58:15 [INFO] 📩 收到消息事件：以下为新消息 来自 巴啦啦抠脚堡
2025-06-27 07:58:15 [DEBUG] 🔔 已触发 message_received.emit()
2025-06-27 07:58:15 [INFO] 📩 收到消息事件：叫你老大出来 来自 巴啦啦抠脚堡
2025-06-27 07:58:15 [DEBUG] 🔔 已触发 message_received.emit()
2025-06-27 07:58:25 [INFO] 📩 收到消息事件：他在emo 来自 巴啦啦抠脚堡
2025-06-27 07:58:25 [DEBUG] 🔔 已触发 message_received.emit()
2025-06-27 07:58:36 [INFO] 📩 收到消息事件：[动画表情] 来自 巴啦啦抠脚堡
2025-06-27 07:58:36 [DEBUG] 🔔 已触发 message_received.emit()
2025-06-27 07:58:48 [INFO] 📩 收到消息事件：这傻逼天天emo 来自 巴啦啦抠脚堡
2025-06-27 07:58:48 [DEBUG] 🔔 已触发 message_received.emit()
2025-06-27 07:59:27 [INFO] 📩 收到消息事件：以下为新消息 来自 巴啦啦抠脚堡
2025-06-27 07:59:27 [DEBUG] 🔔 已触发 message_received.emit()
2025-06-27 07:59:28 [INFO] 📩 收到消息事件：好好好 来自 巴啦啦抠脚堡
2025-06-27 07:59:28 [DEBUG] 🔔 已触发 message_received.emit()
2025-06-27 08:04:57 [INFO] 📩 收到消息事件：以下为新消息 来自 巴啦啦抠脚堡
2025-06-27 08:04:57 [DEBUG] 🔔 已触发 message_received.emit()
2025-06-27 08:04:58 [INFO] 📩 收到消息事件：靠 来自 巴啦啦抠脚堡
2025-06-27 08:04:58 [DEBUG] 🔔 已触发 message_received.emit()
2025-06-27 08:05:02 [INFO] 📩 收到消息事件：突然发现衣服穿反了 来自 巴啦啦抠脚堡
2025-06-27 08:05:02 [DEBUG] 🔔 已触发 message_received.emit()
2025-06-27 08:05:05 [INFO] 📩 收到消息事件：[动画表情] 来自 巴啦啦抠脚堡
2025-06-27 08:05:05 [DEBUG] 🔔 已触发 message_received.emit()
2025-06-27 08:05:10 [INFO] 📩 收到消息事件：[动画表情] 来自 巴啦啦抠脚堡
2025-06-27 08:05:10 [DEBUG] 🔔 已触发 message_received.emit()
2025-06-27 08:05:18 [INFO] 📩 收到消息事件：看看穿搭 来自 巴啦啦抠脚堡
2025-06-27 08:05:18 [DEBUG] 🔔 已触发 message_received.emit()
2025-06-27 08:05:20 [INFO] 📩 收到消息事件：还好正反面一样 来自 巴啦啦抠脚堡
2025-06-27 08:05:20 [DEBUG] 🔔 已触发 message_received.emit()
2025-06-27 08:05:33 [INFO] 📩 收到消息事件：[图片] 来自 巴啦啦抠脚堡
2025-06-27 08:05:33 [DEBUG] 🔔 已触发 message_received.emit()
2025-06-27 08:05:40 [INFO] 📩 收到消息事件：都是条纹 来自 巴啦啦抠脚堡
2025-06-27 08:05:40 [DEBUG] 🔔 已触发 message_received.emit()
2025-06-27 08:05:46 [INFO] 📩 收到消息事件：好像还好 来自 巴啦啦抠脚堡
2025-06-27 08:05:46 [DEBUG] 🔔 已触发 message_received.emit()
2025-06-27 08:05:55 [INFO] 📩 收到消息事件：以下为新消息 来自 巴啦啦抠脚堡
2025-06-27 08:05:55 [DEBUG] 🔔 已触发 message_received.emit()
2025-06-27 08:05:55 [INFO] 📩 收到消息事件：刚刚整理衣领 才发现标签在前面 来自 巴啦啦抠脚堡
2025-06-27 08:05:55 [DEBUG] 🔔 已触发 message_received.emit()
2025-06-27 08:05:58 [INFO] 📩 收到消息事件：[动画表情] 来自 巴啦啦抠脚堡
2025-06-27 08:05:58 [DEBUG] 🔔 已触发 message_received.emit()
2025-06-27 08:06:10 [INFO] 📩 收到消息事件：[动画表情] 来自 巴啦啦抠脚堡
2025-06-27 08:06:10 [DEBUG] 🔔 已触发 message_received.emit()
2025-06-27 08:06:57 [INFO] 📩 收到消息事件：以下为新消息 来自 巴啦啦抠脚堡
2025-06-27 08:06:57 [DEBUG] 🔔 已触发 message_received.emit()
2025-06-27 08:06:57 [INFO] 📩 收到消息事件：打卡 来自 巴啦啦抠脚堡
2025-06-27 08:06:57 [DEBUG] 🔔 已触发 message_received.emit()
2025-06-27 08:06:57 [DEBUG] 🛠️ 正在执行打卡功能
2025-06-27 08:06:57 [DEBUG] 💾 准备写入打卡记录至: ./data/checkin/checkin_records_巴啦啦抠脚堡.csv
2025-06-27 08:06:57 [INFO] ✅ 打卡成功: Gesla, 连续打卡: 6 天
2025-06-27 08:07:00 [INFO] 📩 收到消息事件：Gesla 打卡成功！时间：2025-06-27 08:06:57，已连续打卡 6 天 来自 巴啦啦抠脚堡
2025-06-27 08:07:00 [DEBUG] 🔔 已触发 message_received.emit()
2025-06-27 08:07:09 [INFO] 📩 收到消息事件：哈哈哈哈有点勒脖子是吗 来自 巴啦啦抠脚堡
2025-06-27 08:07:09 [DEBUG] 🔔 已触发 message_received.emit()
2025-06-27 08:07:14 [INFO] 📩 收到消息事件：哥斯拉出现了 来自 巴啦啦抠脚堡
2025-06-27 08:07:14 [DEBUG] 🔔 已触发 message_received.emit()
2025-06-27 08:07:19 [INFO] 📩 收到消息事件：到不会勒脖子 来自 巴啦啦抠脚堡
2025-06-27 08:07:19 [DEBUG] 🔔 已触发 message_received.emit()
2025-06-27 08:07:54 [INFO] 📩 收到消息事件：马上放暑假了 来自 巴啦啦抠脚堡
2025-06-27 08:07:54 [DEBUG] 🔔 已触发 message_received.emit()
2025-06-27 08:08:11 [INFO] 📩 收到消息事件：到时候有人爽死 来自 巴啦啦抠脚堡
2025-06-27 08:08:11 [DEBUG] 🔔 已触发 message_received.emit()
2025-06-27 08:08:29 [INFO] 📩 收到消息事件：[动画表情] 来自 巴啦啦抠脚堡
2025-06-27 08:08:29 [DEBUG] 🔔 已触发 message_received.emit()
2025-06-27 10:47:40 [INFO] 📩 收到消息事件：以下为新消息 来自 小团体
2025-06-27 10:47:40 [DEBUG] 🔔 已触发 message_received.emit()
2025-06-27 10:47:40 [INFO] 📩 收到消息事件：打卡 来自 小团体
2025-06-27 10:47:40 [DEBUG] 🔔 已触发 message_received.emit()
2025-06-27 10:47:40 [DEBUG] 🛠️ 正在执行打卡功能
2025-06-27 10:47:40 [DEBUG] 💾 准备写入打卡记录至: ./data/checkin/checkin_records_小团体.csv
2025-06-27 10:47:40 [INFO] ✅ 打卡成功: 心上秋, 连续打卡: 8 天
2025-06-27 10:47:44 [INFO] 📩 收到消息事件：心上秋 打卡成功！时间：2025-06-27 10:47:40，已连续打卡 8 天 来自 小团体
2025-06-27 10:47:44 [DEBUG] 🔔 已触发 message_received.emit()
2025-06-27 10:49:22 [INFO] 📩 收到消息事件：以下为新消息 来自 小团体
2025-06-27 10:49:22 [DEBUG] 🔔 已触发 message_received.emit()
2025-06-27 10:49:22 [INFO] 📩 收到消息事件：打卡打卡 来自 小团体
2025-06-27 10:49:22 [DEBUG] 🔔 已触发 message_received.emit()
2025-06-27 10:49:34 [INFO] 📩 收到消息事件：今日已打卡 来自 小团体
2025-06-27 10:49:34 [DEBUG] 🔔 已触发 message_received.emit()
2025-06-27 11:04:45 [INFO] 📩 收到消息事件：以下为新消息 来自 小团体
2025-06-27 11:04:45 [DEBUG] 🔔 已触发 message_received.emit()
2025-06-27 11:04:46 [INFO] 📩 收到消息事件：[图片] 来自 小团体
2025-06-27 11:04:46 [DEBUG] 🔔 已触发 message_received.emit()
2025-06-27 11:04:46 [INFO] 📩 收到消息事件：no 来自 小团体
2025-06-27 11:04:46 [DEBUG] 🔔 已触发 message_received.emit()
2025-06-27 11:04:49 [INFO] 📩 收到消息事件：以下为新消息 来自 小团体
2025-06-27 11:04:49 [DEBUG] 🔔 已触发 message_received.emit()
2025-06-27 11:04:49 [INFO] 📩 收到消息事件：没有奥特曼 来自 小团体
2025-06-27 11:04:49 [DEBUG] 🔔 已触发 message_received.emit()
2025-06-27 11:07:52 [INFO] 📩 收到消息事件：以下为新消息 来自 小团体
2025-06-27 11:07:52 [DEBUG] 🔔 已触发 message_received.emit()
2025-06-27 11:07:52 [INFO] 📩 收到消息事件：明天 来自 小团体
2025-06-27 11:07:52 [DEBUG] 🔔 已触发 message_received.emit()
2025-06-27 11:07:56 [INFO] 📩 收到消息事件：明天有赛罗 来自 小团体
2025-06-27 11:07:56 [DEBUG] 🔔 已触发 message_received.emit()
2025-06-27 11:07:59 [INFO] 📩 收到消息事件：上周是雷欧，上上周是泽塔 来自 小团体
2025-06-27 11:07:59 [DEBUG] 🔔 已触发 message_received.emit()
2025-06-27 11:08:44 [INFO] 📩 收到消息事件：以下为新消息 来自 小团体
2025-06-27 11:08:44 [DEBUG] 🔔 已触发 message_received.emit()
2025-06-27 11:08:44 [INFO] 📩 收到消息事件：是不是要抢 来自 小团体
2025-06-27 11:08:44 [DEBUG] 🔔 已触发 message_received.emit()
2025-06-27 11:08:48 [INFO] 📩 收到消息事件：都被抢完了 来自 小团体
2025-06-27 11:08:48 [DEBUG] 🔔 已触发 message_received.emit()
2025-06-27 11:08:48 [INFO] 📩 收到消息事件：怎么进来都是空的 来自 小团体
2025-06-27 11:08:48 [DEBUG] 🔔 已触发 message_received.emit()
2025-06-27 11:08:56 [INFO] 📩 收到消息事件：以下为新消息 来自 小团体
2025-06-27 11:08:56 [DEBUG] 🔔 已触发 message_received.emit()
2025-06-27 11:08:56 [INFO] 📩 收到消息事件：[动画表情] 来自 小团体
2025-06-27 11:08:56 [DEBUG] 🔔 已触发 message_received.emit()
2025-06-27 11:09:02 [INFO] 📩 收到消息事件：售罄 来自 小团体
2025-06-27 11:09:02 [DEBUG] 🔔 已触发 message_received.emit()
2025-06-27 11:09:11 [INFO] 📩 收到消息事件：我要雷欧 来自 小团体
2025-06-27 11:09:11 [DEBUG] 🔔 已触发 message_received.emit()
2025-06-27 11:09:17 [INFO] 📩 收到消息事件：奥特曼还是火 来自 小团体
2025-06-27 11:09:17 [DEBUG] 🔔 已触发 message_received.emit()
2025-06-27 11:09:23 [INFO] 📩 收到消息事件：售(shou）罄 来自 小团体
2025-06-27 11:09:23 [DEBUG] 🔔 已触发 message_received.emit()
2025-06-27 11:09:31 [INFO] 📩 收到消息事件：去闲鱼上看看有咩有专卖 来自 小团体
2025-06-27 11:09:31 [DEBUG] 🔔 已触发 message_received.emit()
2025-06-27 11:09:34 [INFO] 📩 收到消息事件：转卖 来自 小团体
2025-06-27 11:09:34 [DEBUG] 🔔 已触发 message_received.emit()
2025-06-27 11:09:48 [INFO] 📩 收到消息事件：售罄（xin） 来自 小团体
2025-06-27 11:09:48 [DEBUG] 🔔 已触发 message_received.emit()
2025-06-27 11:09:57 [INFO] 📩 收到消息事件：专卖毛 来自 小团体
2025-06-27 11:09:57 [DEBUG] 🔔 已触发 message_received.emit()
2025-06-27 11:10:00 [INFO] 📩 收到消息事件：qing 来自 小团体
2025-06-27 11:10:00 [DEBUG] 🔔 已触发 message_received.emit()
2025-06-27 11:10:04 [INFO] 📩 收到消息事件：肯定要自己买啊 来自 小团体
2025-06-27 11:10:04 [DEBUG] 🔔 已触发 message_received.emit()
2025-06-27 11:10:50 [INFO] 📩 收到消息事件：以下为新消息 来自 小团体
2025-06-27 11:10:50 [DEBUG] 🔔 已触发 message_received.emit()
2025-06-27 11:10:50 [INFO] 📩 收到消息事件：不是套餐里送的 来自 小团体
2025-06-27 11:10:50 [DEBUG] 🔔 已触发 message_received.emit()
2025-06-27 11:10:56 [INFO] 📩 收到消息事件：不如去买手办 来自 小团体
2025-06-27 11:10:56 [DEBUG] 🔔 已触发 message_received.emit()
2025-06-27 11:11:15 [INFO] 📩 收到消息事件：以下为新消息 来自 小团体
2025-06-27 11:11:15 [DEBUG] 🔔 已触发 message_received.emit()
2025-06-27 11:11:15 [INFO] 📩 收到消息事件：转卖 来自 小团体
2025-06-27 11:11:15 [DEBUG] 🔔 已触发 message_received.emit()
2025-06-27 11:11:27 [INFO] 📩 收到消息事件：别人套餐里送的，然后挂闲鱼卖 来自 小团体
2025-06-27 11:11:27 [DEBUG] 🔔 已触发 message_received.emit()
2025-06-27 11:11:38 [INFO] 📩 收到消息事件：买别的转卖的和套餐里自己选的 来自 小团体
2025-06-27 11:11:38 [DEBUG] 🔔 已触发 message_received.emit()
2025-06-27 11:11:41 [INFO] 📩 收到消息事件：不一样 来自 小团体
2025-06-27 11:11:41 [DEBUG] 🔔 已触发 message_received.emit()
2025-06-27 11:11:47 [INFO] 📩 收到消息事件：[动画表情] 来自 小团体
2025-06-27 11:11:47 [DEBUG] 🔔 已触发 message_received.emit()
2025-06-27 11:12:06 [INFO] 📩 收到消息事件：以下为新消息 来自 小团体
2025-06-27 11:12:06 [DEBUG] 🔔 已触发 message_received.emit()
2025-06-27 11:12:06 [INFO] 📩 收到消息事件：[动画表情] 来自 小团体
2025-06-27 11:12:06 [DEBUG] 🔔 已触发 message_received.emit()
2025-06-27 11:14:28 [INFO] 📩 收到消息事件：以下为新消息 来自 小团体
2025-06-27 11:14:28 [DEBUG] 🔔 已触发 message_received.emit()
2025-06-27 11:14:28 [INFO] 📩 收到消息事件：[动画表情] 来自 小团体
2025-06-27 11:14:28 [DEBUG] 🔔 已触发 message_received.emit()
2025-06-27 11:26:17 [INFO] 📩 收到消息事件：11:26 来自 小团体
2025-06-27 11:26:17 [DEBUG] 🔔 已触发 message_received.emit()
2025-06-27 11:26:17 [INFO] 📩 收到消息事件：[动画表情] 来自 小团体
2025-06-27 11:26:17 [DEBUG] 🔔 已触发 message_received.emit()
2025-06-27 11:42:13 [INFO] 📩 收到消息事件：11:42 来自 巴啦啦抠脚堡
2025-06-27 11:42:13 [DEBUG] 🔔 已触发 message_received.emit()
2025-06-27 11:42:13 [INFO] 📩 收到消息事件：[图片] 来自 巴啦啦抠脚堡
2025-06-27 11:42:13 [DEBUG] 🔔 已触发 message_received.emit()
2025-06-27 11:42:24 [INFO] 📩 收到消息事件：今天的壁纸好美 来自 巴啦啦抠脚堡
2025-06-27 11:42:24 [DEBUG] 🔔 已触发 message_received.emit()
2025-06-27 14:04:04 [INFO] 📩 收到消息事件：以下为新消息 来自 小团体
2025-06-27 14:04:04 [DEBUG] 🔔 已触发 message_received.emit()
2025-06-27 14:04:04 [INFO] 📩 收到消息事件：[链接] 来自 小团体
2025-06-27 14:04:04 [DEBUG] 🔔 已触发 message_received.emit()
2025-06-27 14:04:15 [INFO] 📩 收到消息事件：以下为新消息 来自 小团体
2025-06-27 14:04:15 [DEBUG] 🔔 已触发 message_received.emit()
2025-06-27 14:04:15 [INFO] 📩 收到消息事件：要死翘翘了 来自 小团体
2025-06-27 14:04:15 [DEBUG] 🔔 已触发 message_received.emit()
2025-06-27 14:10:06 [INFO] 📩 收到消息事件：以下为新消息 来自 小团体
2025-06-27 14:10:06 [DEBUG] 🔔 已触发 message_received.emit()
2025-06-27 14:10:06 [INFO] 📩 收到消息事件：无所谓 来自 小团体
2025-06-27 14:10:06 [DEBUG] 🔔 已触发 message_received.emit()
2025-06-27 14:10:12 [INFO] 📩 收到消息事件：[动画表情] 来自 小团体
2025-06-27 14:10:12 [DEBUG] 🔔 已触发 message_received.emit()
2025-06-27 15:19:20 [INFO] 📩 收到消息事件：以下为新消息 来自 小团体
2025-06-27 15:19:20 [DEBUG] 🔔 已触发 message_received.emit()
2025-06-27 15:19:20 [INFO] 📩 收到消息事件：[动画表情] 来自 小团体
2025-06-27 15:19:20 [DEBUG] 🔔 已触发 message_received.emit()
2025-06-27 15:19:36 [INFO] 📩 收到消息事件：[动画表情] 来自 小团体
2025-06-27 15:19:36 [DEBUG] 🔔 已触发 message_received.emit()
2025-06-27 15:19:45 [INFO] 📩 收到消息事件：以下为新消息 来自 小团体
2025-06-27 15:19:45 [DEBUG] 🔔 已触发 message_received.emit()
2025-06-27 15:19:45 [INFO] 📩 收到消息事件：[动画表情] 来自 小团体
2025-06-27 15:19:45 [DEBUG] 🔔 已触发 message_received.emit()
2025-06-27 15:19:53 [INFO] 📩 收到消息事件：是不是我发什么你都回@nuomy  来自 小团体
2025-06-27 15:19:53 [DEBUG] 🔔 已触发 message_received.emit()
2025-06-27 15:19:57 [INFO] 📩 收到消息事件：辛苦工作了一天 来自 小团体
2025-06-27 15:19:57 [DEBUG] 🔔 已触发 message_received.emit()
2025-06-27 15:20:02 [INFO] 📩 收到消息事件：刘师傅又亏了八十块 来自 小团体
2025-06-27 15:20:02 [DEBUG] 🔔 已触发 message_received.emit()
2025-06-27 15:20:05 [INFO] 📩 收到消息事件：[动画表情] 来自 小团体
2025-06-27 15:20:05 [DEBUG] 🔔 已触发 message_received.emit()
2025-06-27 15:20:13 [INFO] 📩 收到消息事件：也不一定 来自 小团体
2025-06-27 15:20:13 [DEBUG] 🔔 已触发 message_received.emit()
2025-06-27 15:20:16 [INFO] 📩 收到消息事件：你不上班吗，天天秒回 来自 小团体
2025-06-27 15:20:16 [DEBUG] 🔔 已触发 message_received.emit()
2025-06-27 15:20:19 [INFO] 📩 收到消息事件：这一周杨梅凸起 来自 小团体
2025-06-27 15:20:19 [DEBUG] 🔔 已触发 message_received.emit()
2025-06-27 15:20:26 [INFO] 📩 收到消息事件：一周回一万 来自 小团体
2025-06-27 15:20:26 [DEBUG] 🔔 已触发 message_received.emit()
2025-06-27 15:20:29 [INFO] 📩 收到消息事件：羡慕杨梅 来自 小团体
2025-06-27 15:20:29 [DEBUG] 🔔 已触发 message_received.emit()
2025-06-27 15:20:37 [INFO] 📩 收到消息事件：感觉又活过来了 来自 小团体
2025-06-27 15:20:37 [DEBUG] 🔔 已触发 message_received.emit()
2025-06-27 15:20:45 [INFO] 📩 收到消息事件：V我50 来自 小团体
2025-06-27 15:20:45 [DEBUG] 🔔 已触发 message_received.emit()
2025-06-27 15:20:55 [INFO] 📩 收到消息事件：每次都秒回 来自 小团体
2025-06-27 15:20:55 [DEBUG] 🔔 已触发 message_received.emit()
2025-06-27 15:21:02 [INFO] 📩 收到消息事件：几十万本啊，一周回一万 来自 小团体
2025-06-27 15:21:02 [DEBUG] 🔔 已触发 message_received.emit()
2025-06-27 15:21:02 [INFO] 📩 收到消息事件：你女朋友也做不到吧 来自 小团体
2025-06-27 15:21:02 [DEBUG] 🔔 已触发 message_received.emit()
2025-06-27 15:21:07 [INFO] 📩 收到消息事件：[天啊] 来自 小团体
2025-06-27 15:21:07 [DEBUG] 🔔 已触发 message_received.emit()
2025-06-27 15:21:14 [INFO] 📩 收到消息事件：以下为新消息 来自 小团体
2025-06-27 15:21:14 [DEBUG] 🔔 已触发 message_received.emit()
2025-06-27 15:21:14 [INFO] 📩 收到消息事件：你要做他女朋友吗 来自 小团体
2025-06-27 15:21:14 [DEBUG] 🔔 已触发 message_received.emit()
2025-06-27 15:21:24 [INFO] 📩 收到消息事件：25 来自 小团体
2025-06-27 15:21:24 [DEBUG] 🔔 已触发 message_received.emit()
2025-06-27 15:21:56 [INFO] 📩 收到消息事件：以下为新消息 来自 小团体
2025-06-27 15:21:56 [DEBUG] 🔔 已触发 message_received.emit()
2025-06-27 15:21:56 [INFO] 📩 收到消息事件：那4% 来自 小团体
2025-06-27 15:21:56 [DEBUG] 🔔 已触发 message_received.emit()
2025-06-27 15:22:01 [INFO] 📩 收到消息事件：有点实力 来自 小团体
2025-06-27 15:22:01 [DEBUG] 🔔 已触发 message_received.emit()
2025-06-27 15:22:30 [INFO] 📩 收到消息事件：以下为新消息 来自 小团体
2025-06-27 15:22:30 [DEBUG] 🔔 已触发 message_received.emit()
2025-06-27 15:22:30 [INFO] 📩 收到消息事件：你怎么不说话了@nuomy  来自 小团体
2025-06-27 15:22:30 [DEBUG] 🔔 已触发 message_received.emit()
2025-06-27 15:22:35 [INFO] 📩 收到消息事件：不是秒回么 来自 小团体
2025-06-27 15:22:35 [DEBUG] 🔔 已触发 message_received.emit()
2025-06-27 15:22:49 [INFO] 📩 收到消息事件：没有50说不了一点 来自 小团体
2025-06-27 15:22:49 [DEBUG] 🔔 已触发 message_received.emit()
2025-06-27 15:22:52 [INFO] 📩 收到消息事件：[动画表情] 来自 小团体
2025-06-27 15:22:52 [DEBUG] 🔔 已触发 message_received.emit()
2025-06-27 15:24:37 [INFO] 📩 收到消息事件：送我污渍的通行证 来自 小团体
2025-06-27 15:24:37 [DEBUG] 🔔 已触发 message_received.emit()
2025-06-27 15:24:53 [INFO] 📩 收到消息事件：[动画表情] 来自 小团体
2025-06-27 15:24:53 [DEBUG] 🔔 已触发 message_received.emit()
2025-06-27 15:27:05 [INFO] 📩 收到消息事件：以下为新消息 来自 小团体
2025-06-27 15:27:05 [DEBUG] 🔔 已触发 message_received.emit()
2025-06-27 15:27:05 [INFO] 📩 收到消息事件：不熟 来自 小团体
2025-06-27 15:27:05 [DEBUG] 🔔 已触发 message_received.emit()
2025-06-27 15:27:08 [INFO] 📩 收到消息事件：[动画表情] 来自 小团体
2025-06-27 15:27:08 [DEBUG] 🔔 已触发 message_received.emit()
2025-06-27 15:28:05 [INFO] 📩 收到消息事件：[图片] 来自 小团体
2025-06-27 15:28:05 [DEBUG] 🔔 已触发 message_received.emit()
2025-06-27 15:30:36 [INFO] 📩 收到消息事件：以下为新消息 来自 小团体
2025-06-27 15:30:36 [DEBUG] 🔔 已触发 message_received.emit()
2025-06-27 15:30:36 [INFO] 📩 收到消息事件：[动画表情] 来自 小团体
2025-06-27 15:30:36 [DEBUG] 🔔 已触发 message_received.emit()
2025-06-27 15:31:20 [INFO] 📩 收到消息事件：刘小贱 来自 小团体
2025-06-27 15:31:20 [DEBUG] 🔔 已触发 message_received.emit()
2025-06-27 15:31:34 [INFO] 📩 收到消息事件：我大哥叫你晚上上号 来自 小团体
2025-06-27 15:31:34 [DEBUG] 🔔 已触发 message_received.emit()
2025-06-27 15:32:20 [INFO] 📩 收到消息事件：以下为新消息 来自 小团体
2025-06-27 15:32:20 [DEBUG] 🔔 已触发 message_received.emit()
2025-06-27 16:25:56 [INFO] 📩 收到消息事件：以下为新消息 来自 巴啦啦抠脚堡
2025-06-27 16:25:56 [DEBUG] 🔔 已触发 message_received.emit()
2025-06-27 16:25:56 [INFO] 📩 收到消息事件：下周还是出差 来自 巴啦啦抠脚堡
2025-06-27 16:25:56 [DEBUG] 🔔 已触发 message_received.emit()
2025-06-27 16:26:01 [INFO] 📩 收到消息事件：[动画表情] 来自 巴啦啦抠脚堡
2025-06-27 16:26:01 [DEBUG] 🔔 已触发 message_received.emit()
2025-06-29 13:42:31 [INFO] 📩 收到消息事件：以下为新消息 来自 巴啦啦抠脚堡
2025-06-29 13:42:31 [DEBUG] 🔔 已触发 message_received.emit()
2025-06-29 13:42:31 [INFO] 📩 收到消息事件：不让看了 来自 巴啦啦抠脚堡
2025-06-29 13:42:31 [DEBUG] 🔔 已触发 message_received.emit()
2025-06-29 13:42:31 [INFO] 📩 收到消息事件：昨天 14:38 来自 巴啦啦抠脚堡
2025-06-29 13:42:31 [DEBUG] 🔔 已触发 message_received.emit()
2025-06-29 13:42:31 [INFO] 📩 收到消息事件：就是一个38岁的男的 上了相亲节目  他的vcr 介绍说他学生时期很受学姐学妹喜欢，所以他要找一个长相必须达到他标准的 且性格要好 ，然后呢他有四段恋爱经历 女方就问他 有为对方付出过什么吗 他支支吾吾说不出来 然后又问他这四段恋爱经历因为什么分手了 他说，有因为虽然性格好但是外貌没达到他预期，也有外貌达到了但是双方处不来 所以分手了 来自 巴啦啦抠脚堡
2025-06-29 13:42:31 [DEBUG] 🔔 已触发 message_received.emit()
2025-06-29 13:42:31 [INFO] 📩 收到消息事件：[动画表情] 来自 巴啦啦抠脚堡
2025-06-29 13:42:31 [DEBUG] 🔔 已触发 message_received.emit()
2025-06-29 13:42:32 [INFO] 📩 收到消息事件：[动画表情] 来自 巴啦啦抠脚堡
2025-06-29 13:42:32 [DEBUG] 🔔 已触发 message_received.emit()
2025-06-29 13:42:32 [INFO] 📩 收到消息事件：昨天 17:41 来自 巴啦啦抠脚堡
2025-06-29 13:42:32 [DEBUG] 🔔 已触发 message_received.emit()
2025-06-29 13:42:32 [INFO] 📩 收到消息事件：陈老师，今天发的朋友圈的打扮好独特 来自 巴啦啦抠脚堡
2025-06-29 13:42:32 [DEBUG] 🔔 已触发 message_received.emit()
2025-06-29 13:42:32 [INFO] 📩 收到消息事件：[动画表情] 来自 巴啦啦抠脚堡
2025-06-29 13:42:32 [DEBUG] 🔔 已触发 message_received.emit()
2025-06-29 13:42:32 [INFO] 📩 收到消息事件：哈哈哈哈惠女服 来自 巴啦啦抠脚堡
2025-06-29 13:42:32 [DEBUG] 🔔 已触发 message_received.emit()
2025-06-29 13:42:32 [INFO] 📩 收到消息事件：今天什么日子吗 来自 巴啦啦抠脚堡
2025-06-29 13:42:32 [DEBUG] 🔔 已触发 message_received.emit()
2025-06-29 13:42:32 [INFO] 📩 收到消息事件：[动画表情] 来自 巴啦啦抠脚堡
2025-06-29 13:42:32 [DEBUG] 🔔 已触发 message_received.emit()
2025-06-29 13:42:32 [INFO] 📩 收到消息事件：没有 来自 巴啦啦抠脚堡
2025-06-29 13:42:32 [DEBUG] 🔔 已触发 message_received.emit()
2025-06-29 13:42:32 [INFO] 📩 收到消息事件：[图片] 来自 巴啦啦抠脚堡
2025-06-29 13:42:32 [DEBUG] 🔔 已触发 message_received.emit()
2025-06-29 13:42:33 [INFO] 📩 收到消息事件：哈哈哈哈哈  来自 巴啦啦抠脚堡
2025-06-29 13:42:33 [DEBUG] 🔔 已触发 message_received.emit()
2025-06-29 13:42:33 [INFO] 📩 收到消息事件：好有意思 来自 巴啦啦抠脚堡
2025-06-29 13:42:33 [DEBUG] 🔔 已触发 message_received.emit()
2025-06-29 14:13:56 [INFO] 📩 收到消息事件：14:13 来自 巴啦啦抠脚堡
2025-06-29 14:13:56 [DEBUG] 🔔 已触发 message_received.emit()
2025-06-29 14:13:56 [INFO] 📩 收到消息事件：[动画表情] 来自 巴啦啦抠脚堡
2025-06-29 14:13:56 [DEBUG] 🔔 已触发 message_received.emit()
2025-06-29 14:14:13 [INFO] 📩 收到消息事件：以下为新消息 来自 巴啦啦抠脚堡
2025-06-29 14:14:13 [DEBUG] 🔔 已触发 message_received.emit()
2025-06-29 14:14:13 [INFO] 📩 收到消息事件：[动画表情] 来自 巴啦啦抠脚堡
2025-06-29 14:14:13 [DEBUG] 🔔 已触发 message_received.emit()
2025-06-29 14:14:40 [INFO] 📩 收到消息事件：干嘛呢 来自 巴啦啦抠脚堡
2025-06-29 14:14:40 [DEBUG] 🔔 已触发 message_received.emit()
2025-06-29 14:15:01 [INFO] 📩 收到消息事件：刚运动完吃汉堡呢现在 来自 巴啦啦抠脚堡
2025-06-29 14:15:01 [DEBUG] 🔔 已触发 message_received.emit()
2025-06-29 14:15:05 [INFO] 📩 收到消息事件：[动画表情] 来自 巴啦啦抠脚堡
2025-06-29 14:15:05 [DEBUG] 🔔 已触发 message_received.emit()
2025-06-29 14:15:23 [INFO] 📩 收到消息事件：这两个东西是怎么放到一起的 来自 巴啦啦抠脚堡
2025-06-29 14:15:23 [DEBUG] 🔔 已触发 message_received.emit()
2025-06-29 14:15:47 [INFO] 📩 收到消息事件：以下为新消息 来自 巴啦啦抠脚堡
2025-06-29 14:15:47 [DEBUG] 🔔 已触发 message_received.emit()
2025-06-29 14:15:48 [INFO] 📩 收到消息事件：麦当劳的双吉 健身后的绝佳 来自 巴啦啦抠脚堡
2025-06-29 14:15:48 [DEBUG] 🔔 已触发 message_received.emit()
2025-06-29 14:15:51 [INFO] 📩 收到消息事件：[动画表情] 来自 巴啦啦抠脚堡
2025-06-29 14:15:51 [DEBUG] 🔔 已触发 message_received.emit()
2025-06-29 14:15:59 [INFO] 📩 收到消息事件：你都练啥 来自 巴啦啦抠脚堡
2025-06-29 14:15:59 [DEBUG] 🔔 已触发 message_received.emit()
2025-06-29 14:16:18 [INFO] 📩 收到消息事件：以下为新消息 来自 巴啦啦抠脚堡
2025-06-29 14:16:18 [DEBUG] 🔔 已触发 message_received.emit()
2025-06-29 14:16:18 [INFO] 📩 收到消息事件：今天练背 来自 巴啦啦抠脚堡
2025-06-29 14:16:18 [DEBUG] 🔔 已触发 message_received.emit()
2025-06-29 14:16:19 [INFO] 📩 收到消息事件：以下为新消息 来自 巴啦啦抠脚堡
2025-06-29 14:16:19 [DEBUG] 🔔 已触发 message_received.emit()
2025-06-29 14:16:19 [INFO] 📩 收到消息事件：今天练背 来自 巴啦啦抠脚堡
2025-06-29 14:16:19 [DEBUG] 🔔 已触发 message_received.emit()
2025-06-29 14:16:30 [INFO] 📩 收到消息事件：以下为新消息 来自 巴啦啦抠脚堡
2025-06-29 14:16:30 [DEBUG] 🔔 已触发 message_received.emit()
2025-06-29 14:16:30 [INFO] 📩 收到消息事件：自己练吗 来自 巴啦啦抠脚堡
2025-06-29 14:16:30 [DEBUG] 🔔 已触发 message_received.emit()
2025-06-29 14:16:35 [INFO] 📩 收到消息事件：以下为新消息 来自 巴啦啦抠脚堡
2025-06-29 14:16:35 [DEBUG] 🔔 已触发 message_received.emit()
2025-06-29 14:16:35 [INFO] 📩 收到消息事件：看视频？ 来自 巴啦啦抠脚堡
2025-06-29 14:16:35 [DEBUG] 🔔 已触发 message_received.emit()
2025-06-29 14:16:41 [INFO] 📩 收到消息事件：对 来自 巴啦啦抠脚堡
2025-06-29 14:16:41 [DEBUG] 🔔 已触发 message_received.emit()
2025-06-29 14:16:57 [INFO] 📩 收到消息事件：以下为新消息 来自 巴啦啦抠脚堡
2025-06-29 14:16:57 [DEBUG] 🔔 已触发 message_received.emit()
2025-06-29 14:16:57 [INFO] 📩 收到消息事件：健身房 只敢在门外看一看 来自 巴啦啦抠脚堡
2025-06-29 14:16:57 [DEBUG] 🔔 已触发 message_received.emit()
2025-06-29 14:17:17 [INFO] 📩 收到消息事件：瑜伽垫 来自 巴啦啦抠脚堡
2025-06-29 14:17:17 [DEBUG] 🔔 已触发 message_received.emit()
2025-06-29 14:17:25 [INFO] 📩 收到消息事件：哑铃 来自 巴啦啦抠脚堡
2025-06-29 14:17:25 [DEBUG] 🔔 已触发 message_received.emit()
2025-06-30 08:45:06 [INFO] 📩 收到消息事件：以下为新消息 来自 小团体
2025-06-30 08:45:06 [DEBUG] 🔔 已触发 message_received.emit()
2025-06-30 08:45:06 [INFO] 📩 收到消息事件：打卡 来自 小团体
2025-06-30 08:45:06 [DEBUG] 🔔 已触发 message_received.emit()
2025-06-30 08:45:06 [DEBUG] 🛠️ 正在执行打卡功能
2025-06-30 08:45:06 [DEBUG] 💾 准备写入打卡记录至: ./data/checkin/checkin_records_小团体.csv
2025-06-30 08:45:06 [INFO] ✅ 打卡成功: 心上秋, 连续打卡: 1 天
2025-06-30 08:45:11 [INFO] 📩 收到消息事件：心上秋 打卡成功！时间：2025-06-30 08:45:06，已连续打卡 1 天 来自 小团体
2025-06-30 08:45:11 [DEBUG] 🔔 已触发 message_received.emit()
2025-06-30 08:45:19 [INFO] 📩 收到消息事件：以下为新消息 来自 小团体
2025-06-30 08:45:19 [DEBUG] 🔔 已触发 message_received.emit()
2025-06-30 08:45:19 [INFO] 📩 收到消息事件：昨天帮我补一下 来自 小团体
2025-06-30 08:45:19 [DEBUG] 🔔 已触发 message_received.emit()
2025-06-30 08:45:25 [INFO] 📩 收到消息事件：[动画表情] 来自 小团体
2025-06-30 08:45:25 [DEBUG] 🔔 已触发 message_received.emit()
2025-06-30 08:46:54 [INFO] 📩 收到消息事件：以下为新消息 来自 小团体
2025-06-30 08:46:54 [DEBUG] 🔔 已触发 message_received.emit()
2025-06-30 08:46:54 [INFO] 📩 收到消息事件：打卡 来自 小团体
2025-06-30 08:46:54 [DEBUG] 🔔 已触发 message_received.emit()
2025-06-30 08:46:54 [DEBUG] 🛠️ 正在执行打卡功能
2025-06-30 08:46:54 [DEBUG] 💾 准备写入打卡记录至: ./data/checkin/checkin_records_小团体.csv
2025-06-30 08:46:54 [INFO] ✅ 打卡成功: 刘小贱, 连续打卡: 1 天
2025-06-30 08:46:57 [INFO] 📩 收到消息事件：刘小贱 打卡成功！时间：2025-06-30 08:46:54，已连续打卡 1 天 来自 小团体
2025-06-30 08:46:57 [DEBUG] 🔔 已触发 message_received.emit()
2025-06-30 08:53:36 [INFO] 📩 收到消息事件：以下为新消息 来自 小团体
2025-06-30 08:53:36 [DEBUG] 🔔 已触发 message_received.emit()
2025-06-30 08:53:36 [INFO] 📩 收到消息事件：你是不是前天打了 来自 小团体
2025-06-30 08:53:36 [DEBUG] 🔔 已触发 message_received.emit()
2025-06-30 08:53:38 [INFO] 📩 收到消息事件：昨天没打 来自 小团体
2025-06-30 08:53:38 [DEBUG] 🔔 已触发 message_received.emit()
2025-06-30 08:56:17 [INFO] 📩 收到消息事件：是 来自 小团体
2025-06-30 08:56:17 [DEBUG] 🔔 已触发 message_received.emit()
2025-06-30 08:56:45 [INFO] 📩 收到消息事件：没事关系户 来自 小团体
2025-06-30 08:56:45 [DEBUG] 🔔 已触发 message_received.emit()
2025-06-30 08:56:49 [INFO] 📩 收到消息事件：给你补上 来自 小团体
2025-06-30 08:56:49 [DEBUG] 🔔 已触发 message_received.emit()
2025-06-30 08:56:56 [INFO] 📩 收到消息事件：要补几点的 来自 小团体
2025-06-30 08:56:56 [DEBUG] 🔔 已触发 message_received.emit()
2025-06-30 08:57:05 [INFO] 📩 收到消息事件：[动画表情] 来自 小团体
2025-06-30 08:57:05 [DEBUG] 🔔 已触发 message_received.emit()
2025-06-30 08:59:10 [INFO] 📩 收到消息事件：以下为新消息 来自 巴啦啦抠脚堡
2025-06-30 08:59:10 [DEBUG] 🔔 已触发 message_received.emit()
2025-06-30 08:59:10 [INFO] 📩 收到消息事件：打卡 来自 巴啦啦抠脚堡
2025-06-30 08:59:10 [DEBUG] 🔔 已触发 message_received.emit()
2025-06-30 08:59:10 [DEBUG] 🛠️ 正在执行打卡功能
2025-06-30 08:59:10 [DEBUG] 💾 准备写入打卡记录至: ./data/checkin/checkin_records_巴啦啦抠脚堡.csv
2025-06-30 08:59:10 [INFO] ✅ 打卡成功: ???, 连续打卡: 1 天
2025-06-30 08:59:13 [INFO] 📩 收到消息事件：??? 打卡成功！时间：2025-06-30 08:59:10，已连续打卡 1 天 来自 巴啦啦抠脚堡
2025-06-30 08:59:13 [DEBUG] 🔔 已触发 message_received.emit()
2025-06-30 08:59:33 [INFO] 📩 收到消息事件：唉，没时间升级打卡 来自 巴啦啦抠脚堡
2025-06-30 08:59:33 [DEBUG] 🔔 已触发 message_received.emit()
2025-06-30 09:14:44 [INFO] 📩 收到消息事件：以下为新消息 来自 小团体
2025-06-30 09:14:44 [DEBUG] 🔔 已触发 message_received.emit()
2025-06-30 09:14:44 [INFO] 📩 收到消息事件：以下为新消息 来自 小团体
2025-06-30 09:14:44 [DEBUG] 🔔 已触发 message_received.emit()
2025-06-30 09:14:44 [INFO] 📩 收到消息事件：23点59分59秒 来自 小团体
2025-06-30 09:14:44 [DEBUG] 🔔 已触发 message_received.emit()
2025-06-30 09:14:44 [INFO] 📩 收到消息事件：23点59分59秒 来自 小团体
2025-06-30 09:14:44 [DEBUG] 🔔 已触发 message_received.emit()
2025-06-30 09:14:48 [INFO] 📩 收到消息事件：@nuomy  来自 小团体
2025-06-30 09:14:48 [DEBUG] 🔔 已触发 message_received.emit()
2025-06-30 09:14:48 [INFO] 📩 收到消息事件：@nuomy  来自 小团体
2025-06-30 09:14:48 [DEBUG] 🔔 已触发 message_received.emit()
2025-06-30 10:48:04 [INFO] 📩 收到消息事件：以下为新消息 来自 巴啦啦抠脚堡
2025-06-30 10:48:04 [DEBUG] 🔔 已触发 message_received.emit()
2025-06-30 10:48:04 [INFO] 📩 收到消息事件：[动画表情] 来自 巴啦啦抠脚堡
2025-06-30 10:48:04 [DEBUG] 🔔 已触发 message_received.emit()
2025-06-30 10:48:04 [INFO] 📩 收到消息事件：10:43 来自 巴啦啦抠脚堡
2025-06-30 10:48:04 [DEBUG] 🔔 已触发 message_received.emit()
2025-06-30 10:48:04 [INFO] 📩 收到消息事件：滴滴滴滴滴 来自 巴啦啦抠脚堡
2025-06-30 10:48:04 [DEBUG] 🔔 已触发 message_received.emit()
2025-06-30 10:48:05 [INFO] 📩 收到消息事件：@??? 你是不是给我寄了东西 来自 巴啦啦抠脚堡
2025-06-30 10:48:05 [DEBUG] 🔔 已触发 message_received.emit()
2025-06-30 10:48:05 [INFO] 📩 收到消息事件：[图片] 来自 巴啦啦抠脚堡
2025-06-30 10:48:05 [DEBUG] 🔔 已触发 message_received.emit()
2025-06-30 10:48:05 [INFO] 📩 收到消息事件：这是你的3d打印机材料吧 来自 巴啦啦抠脚堡
2025-06-30 10:48:05 [DEBUG] 🔔 已触发 message_received.emit()
2025-06-30 10:48:05 [INFO] 📩 收到消息事件：[动画表情] 来自 巴啦啦抠脚堡
2025-06-30 10:48:05 [DEBUG] 🔔 已触发 message_received.emit()
2025-06-30 10:48:12 [INFO] 📩 收到消息事件：以下为新消息 来自 巴啦啦抠脚堡
2025-06-30 10:48:12 [DEBUG] 🔔 已触发 message_received.emit()
2025-06-30 10:48:13 [INFO] 📩 收到消息事件：嗯？ 来自 巴啦啦抠脚堡
2025-06-30 10:48:13 [DEBUG] 🔔 已触发 message_received.emit()
2025-06-30 10:48:16 [INFO] 📩 收到消息事件：[动画表情] 来自 巴啦啦抠脚堡
2025-06-30 10:48:16 [DEBUG] 🔔 已触发 message_received.emit()
2025-06-30 10:48:21 [INFO] 📩 收到消息事件：以下为新消息 来自 巴啦啦抠脚堡
2025-06-30 10:48:21 [DEBUG] 🔔 已触发 message_received.emit()
2025-06-30 10:48:21 [INFO] 📩 收到消息事件：嗯？ 来自 巴啦啦抠脚堡
2025-06-30 10:48:21 [DEBUG] 🔔 已触发 message_received.emit()
2025-06-30 10:48:26 [INFO] 📩 收到消息事件：不是你的吗 来自 巴啦啦抠脚堡
2025-06-30 10:48:26 [DEBUG] 🔔 已触发 message_received.emit()
2025-06-30 10:48:27 [INFO] 📩 收到消息事件：7:55 来自 巴啦啦抠脚堡
2025-06-30 10:48:27 [DEBUG] 🔔 已触发 message_received.emit()
2025-06-30 10:48:27 [INFO] 📩 收到消息事件：[动画表情] 来自 巴啦啦抠脚堡
2025-06-30 10:48:27 [DEBUG] 🔔 已触发 message_received.emit()
2025-06-30 10:48:27 [INFO] 📩 收到消息事件：太困了 来自 巴啦啦抠脚堡
2025-06-30 10:48:27 [DEBUG] 🔔 已触发 message_received.emit()
2025-06-30 10:48:27 [INFO] 📩 收到消息事件：五点睡六点起 来自 巴啦啦抠脚堡
2025-06-30 10:48:27 [DEBUG] 🔔 已触发 message_received.emit()
2025-06-30 10:48:27 [INFO] 📩 收到消息事件：台商真的好荒凉 来自 巴啦啦抠脚堡
2025-06-30 10:48:27 [DEBUG] 🔔 已触发 message_received.emit()
2025-06-30 10:48:27 [INFO] 📩 收到消息事件：[图片] 来自 巴啦啦抠脚堡
2025-06-30 10:48:27 [DEBUG] 🔔 已触发 message_received.emit()
2025-06-30 10:48:27 [INFO] 📩 收到消息事件：是吧哈哈哈 来自 巴啦啦抠脚堡
2025-06-30 10:48:27 [DEBUG] 🔔 已触发 message_received.emit()
2025-06-30 10:48:28 [INFO] 📩 收到消息事件：到工作单位啦？ 来自 巴啦啦抠脚堡
2025-06-30 10:48:28 [DEBUG] 🔔 已触发 message_received.emit()
2025-06-30 10:48:28 [INFO] 📩 收到消息事件：8:12 来自 巴啦啦抠脚堡
2025-06-30 10:48:28 [DEBUG] 🔔 已触发 message_received.emit()
2025-06-30 10:48:28 [INFO] 📩 收到消息事件：区管会 来自 巴啦啦抠脚堡
2025-06-30 10:48:28 [DEBUG] 🔔 已触发 message_received.emit()
2025-06-30 10:48:28 [INFO] 📩 收到消息事件：这个工作不太严谨啊 来自 巴啦啦抠脚堡
2025-06-30 10:48:28 [DEBUG] 🔔 已触发 message_received.emit()
2025-06-30 10:48:28 [INFO] 📩 收到消息事件：让我们八点到去体检 来自 巴啦啦抠脚堡
2025-06-30 10:48:28 [DEBUG] 🔔 已触发 message_received.emit()
2025-06-30 10:48:28 [INFO] 📩 收到消息事件：现在车都没来 来自 巴啦啦抠脚堡
2025-06-30 10:48:28 [DEBUG] 🔔 已触发 message_received.emit()
2025-06-30 10:48:31 [INFO] 📩 收到消息事件：我没买呀 来自 巴啦啦抠脚堡
2025-06-30 10:48:31 [DEBUG] 🔔 已触发 message_received.emit()
2025-06-30 10:48:36 [INFO] 📩 收到消息事件：是不是寄错了 来自 巴啦啦抠脚堡
2025-06-30 10:48:36 [DEBUG] 🔔 已触发 message_received.emit()
2025-06-30 10:48:39 [INFO] 📩 收到消息事件：哈？ 来自 巴啦啦抠脚堡
2025-06-30 10:48:39 [DEBUG] 🔔 已触发 message_received.emit()
2025-06-30 10:48:39 [INFO] 📩 收到消息事件：哈？ 来自 巴啦啦抠脚堡
2025-06-30 10:48:39 [DEBUG] 🔔 已触发 message_received.emit()
2025-06-30 10:48:45 [INFO] 📩 收到消息事件：卧槽 来自 巴啦啦抠脚堡
2025-06-30 10:48:45 [DEBUG] 🔔 已触发 message_received.emit()
2025-06-30 10:48:45 [INFO] 📩 收到消息事件：卧槽 来自 巴啦啦抠脚堡
2025-06-30 10:48:45 [DEBUG] 🔔 已触发 message_received.emit()
2025-06-30 10:49:10 [INFO] 📩 收到消息事件：寄我 来自 巴啦啦抠脚堡
2025-06-30 10:49:10 [DEBUG] 🔔 已触发 message_received.emit()
2025-06-30 10:49:14 [INFO] 📩 收到消息事件：谢谢 来自 巴啦啦抠脚堡
2025-06-30 10:49:14 [DEBUG] 🔔 已触发 message_received.emit()
2025-06-30 10:49:27 [INFO] 📩 收到消息事件：可以啊 反正我也没用 来自 巴啦啦抠脚堡
2025-06-30 10:49:27 [DEBUG] 🔔 已触发 message_received.emit()
2025-06-30 10:49:27 [INFO] 📩 收到消息事件：可以啊 反正我也没用 来自 巴啦啦抠脚堡
2025-06-30 10:49:27 [DEBUG] 🔔 已触发 message_received.emit()
2025-06-30 10:49:27 [INFO] 📩 收到消息事件：[动画表情] 来自 巴啦啦抠脚堡
2025-06-30 10:49:27 [DEBUG] 🔔 已触发 message_received.emit()
2025-06-30 10:49:27 [INFO] 📩 收到消息事件：[动画表情] 来自 巴啦啦抠脚堡
2025-06-30 10:49:27 [DEBUG] 🔔 已触发 message_received.emit()
2025-06-30 10:49:35 [INFO] 📩 收到消息事件：[动画表情] 来自 巴啦啦抠脚堡
2025-06-30 10:49:35 [DEBUG] 🔔 已触发 message_received.emit()
2025-06-30 10:49:35 [INFO] 📩 收到消息事件：[动画表情] 来自 巴啦啦抠脚堡
2025-06-30 10:49:35 [DEBUG] 🔔 已触发 message_received.emit()
2025-06-30 10:49:49 [INFO] 📩 收到消息事件：以下为新消息 来自 巴啦啦抠脚堡
2025-06-30 10:49:49 [DEBUG] 🔔 已触发 message_received.emit()
2025-06-30 10:49:49 [INFO] 📩 收到消息事件：[图片] 来自 巴啦啦抠脚堡
2025-06-30 10:49:49 [DEBUG] 🔔 已触发 message_received.emit()
2025-06-30 10:49:49 [INFO] 📩 收到消息事件：以下为新消息 来自 巴啦啦抠脚堡
2025-06-30 10:49:49 [DEBUG] 🔔 已触发 message_received.emit()
2025-06-30 10:49:49 [INFO] 📩 收到消息事件：[图片] 来自 巴啦啦抠脚堡
2025-06-30 10:49:49 [DEBUG] 🔔 已触发 message_received.emit()
2025-06-30 10:50:53 [INFO] 📩 收到消息事件：以下为新消息 来自 巴啦啦抠脚堡
2025-06-30 10:50:53 [DEBUG] 🔔 已触发 message_received.emit()
2025-06-30 10:50:53 [INFO] 📩 收到消息事件：你研究研究 你之前那个订单 来自 巴啦啦抠脚堡
2025-06-30 10:50:53 [DEBUG] 🔔 已触发 message_received.emit()
2025-06-30 10:50:53 [INFO] 📩 收到消息事件：以下为新消息 来自 巴啦啦抠脚堡
2025-06-30 10:50:53 [DEBUG] 🔔 已触发 message_received.emit()
2025-06-30 10:50:53 [INFO] 📩 收到消息事件：你研究研究 你之前那个订单 来自 巴啦啦抠脚堡
2025-06-30 10:50:53 [DEBUG] 🔔 已触发 message_received.emit()
2025-06-30 10:50:56 [INFO] 📩 收到消息事件：是这个地址吗 来自 巴啦啦抠脚堡
2025-06-30 10:50:56 [DEBUG] 🔔 已触发 message_received.emit()
2025-06-30 10:51:16 [INFO] 📩 收到消息事件：[图片] 来自 巴啦啦抠脚堡
2025-06-30 10:51:16 [DEBUG] 🔔 已触发 message_received.emit()
2025-06-30 10:51:16 [INFO] 📩 收到消息事件：[图片] 来自 巴啦啦抠脚堡
2025-06-30 10:51:16 [DEBUG] 🔔 已触发 message_received.emit()
2025-06-30 10:51:22 [INFO] 📩 收到消息事件：东莞？ 来自 巴啦啦抠脚堡
2025-06-30 10:51:22 [DEBUG] 🔔 已触发 message_received.emit()
2025-06-30 10:52:24 [INFO] 📩 收到消息事件：之前从深圳寄的 来自 巴啦啦抠脚堡
2025-06-30 10:52:24 [DEBUG] 🔔 已触发 message_received.emit()
2025-06-30 10:52:57 [INFO] 📩 收到消息事件：今天刚到吗 来自 巴啦啦抠脚堡
2025-06-30 10:52:57 [DEBUG] 🔔 已触发 message_received.emit()
2025-06-30 10:53:53 [INFO] 📩 收到消息事件：以下为新消息 来自 巴啦啦抠脚堡
2025-06-30 10:53:53 [DEBUG] 🔔 已触发 message_received.emit()
2025-06-30 10:53:53 [INFO] 📩 收到消息事件：不知道啊  来自 巴啦啦抠脚堡
2025-06-30 10:53:53 [DEBUG] 🔔 已触发 message_received.emit()
2025-06-30 10:54:10 [INFO] 📩 收到消息事件：以下为新消息 来自 巴啦啦抠脚堡
2025-06-30 10:54:10 [DEBUG] 🔔 已触发 message_received.emit()
2025-06-30 10:54:10 [INFO] 📩 收到消息事件：是你之前的订单 送的材料吧 来自 巴啦啦抠脚堡
2025-06-30 10:54:10 [DEBUG] 🔔 已触发 message_received.emit()
2025-06-30 10:54:28 [INFO] 📩 收到消息事件：刚到的也隔太久了 来自 巴啦啦抠脚堡
2025-06-30 10:54:28 [DEBUG] 🔔 已触发 message_received.emit()
